                                                                                   [I 2025-10-16 22:54:23,517] Trial 2 finished with value: 0.10362828522920609 and parameters: {'seq_len': 96, 'pred_len': 7, 'expand': 1, 'd_model': 32, 'n_heads': 4, 'e_layers': 1, 'd_layers': 2, 'batch_size': 64, 'learning_rate': 0.0003814874378221004, 'dropout': 0.12094893873336815}. Best is trial 1 with value: 0.09865500032901764.
Best trial: 1. Best value: 0.098655:   4%|▍         | 2/50 [00:17<04:07,  5.15s/it]Best trial: 1. Best value: 0.098655:   4%|▍         | 2/50 [00:17<04:07,  5.15s/it]Best trial: 1. Best value: 0.098655:   6%|▌         | 3/50 [00:17<04:28,  5.72s/it]
============================================================
Trial 3
============================================================
seq_len: 96, pred_len: 7
d_model: 64, n_heads: 8
e_layers: 2, d_layers: 1
batch_size: 16, lr: 0.000029
dropout: 0.1636121589210625
============================================================

Please make sure you have successfully installed mamba_ssm
Use GPU: cuda:0
DEBUG Mamba Init - d_model: 64, d_state: 16, d_inner: 128, expand: 2
>>>>>> Start training: trial_3 >>>>>>
============================================================
DATASET SPLIT INFO (90/5/5):
============================================================
Total samples: 5193
Train: 4673 samples (90%) - rows 0 to 4672
Val: 259 samples (5%) - rows 4673 to 4931
Test: 261 samples (5%) - rows 4932 to 5192
Sequence length: 96, Prediction length: 7
============================================================
train 4571
val 253
test 255
Validation loss decreased (inf --> 0.039066).  Saving model ...
Updating learning rate to 2.853776827492645e-05
EarlyStopping counter: 1 out of 3
Updating learning rate to 1.4268884137463225e-05
EarlyStopping counter: 2 out of 3
Updating learning rate to 7.134442068731612e-06
Validation loss decreased (0.039066 --> 0.038726).  Saving model ...
Updating learning rate to 3.567221034365806e-06
EarlyStopping counter: 1 out of 3
Updating learning rate to 1.783610517182903e-06
Validation loss decreased (0.038726 --> 0.038506).  Saving model ...
Updating learning rate to 8.918052585914515e-07
EarlyStopping counter: 1 out of 3
Updating learning rate to 4.459026292957258e-07
EarlyStopping counter: 2 out of 3
Updating learning rate to 2.229513146478629e-07
EarlyStopping counter: 3 out of 3
>>>>>> Testing on validation set: trial_3 >>>>>>
test 255
test shape: (255, 7, 5) (255, 7, 5)
test shape: (255, 7, 5) (255, 7, 5)


	mse:0.06724200397729874, mae:0.1074351817369461, dtw:Not calculated


                                                                                   [I 2025-10-16 22:54:47,447] Trial 3 finished with value: 0.1074351817369461 and parameters: {'seq_len': 96, 'pred_len': 7, 'expand': 2, 'd_model': 64, 'n_heads': 8, 'e_layers': 2, 'd_layers': 1, 'batch_size': 16, 'learning_rate': 2.853776827492645e-05, 'dropout': 0.1636121589210625}. Best is trial 1 with value: 0.09865500032901764.
Best trial: 1. Best value: 0.098655:   6%|▌         | 3/50 [00:41<04:28,  5.72s/it]Best trial: 1. Best value: 0.098655:   6%|▌         | 3/50 [00:41<04:28,  5.72s/it]Best trial: 1. Best value: 0.098655:   8%|▊         | 4/50 [00:41<09:53, 12.91s/it]
============================================================
Trial 4
============================================================
seq_len: 96, pred_len: 1
d_model: 64, n_heads: 4
e_layers: 1, d_layers: 1
batch_size: 16, lr: 0.000024
dropout: 0.27748908749075035
============================================================

Please make sure you have successfully installed mamba_ssm
Use GPU: cuda:0
DEBUG Mamba Init - d_model: 64, d_state: 16, d_inner: 64, expand: 1
>>>>>> Start training: trial_4 >>>>>>
============================================================
DATASET SPLIT INFO (90/5/5):
============================================================
Total samples: 5193
Train: 4673 samples (90%) - rows 0 to 4672
Val: 259 samples (5%) - rows 4673 to 4931
Test: 261 samples (5%) - rows 4932 to 5192
Sequence length: 96, Prediction length: 1
============================================================
train 4577
val 259
test 261
Validation loss decreased (inf --> 0.034883).  Saving model ...
Updating learning rate to 2.3671026768420086e-05
EarlyStopping counter: 1 out of 3
Updating learning rate to 1.1835513384210043e-05
Validation loss decreased (0.034883 --> 0.031938).  Saving model ...
Updating learning rate to 5.9177566921050214e-06
Validation loss decreased (0.031938 --> 0.031777).  Saving model ...
Updating learning rate to 2.9588783460525107e-06
EarlyStopping counter: 1 out of 3
Updating learning rate to 1.4794391730262554e-06
EarlyStopping counter: 2 out of 3
Updating learning rate to 7.397195865131277e-07
Validation loss decreased (0.031777 --> 0.031034).  Saving model ...
Updating learning rate to 3.6985979325656384e-07
EarlyStopping counter: 1 out of 3
Updating learning rate to 1.8492989662828192e-07
EarlyStopping counter: 2 out of 3
Updating learning rate to 9.246494831414096e-08
Validation loss decreased (0.031034 --> 0.030918).  Saving model ...
Updating learning rate to 4.623247415707048e-08
>>>>>> Testing on validation set: trial_4 >>>>>>
test 261
test shape: (261, 1, 5) (261, 1, 5)
test shape: (261, 1, 5) (261, 1, 5)


	mse:0.06277771294116974, mae:0.10795877128839493, dtw:Not calculated


                                                                                   [I 2025-10-16 22:55:14,185] Trial 4 finished with value: 0.10795877128839493 and parameters: {'seq_len': 96, 'pred_len': 1, 'expand': 1, 'd_model': 64, 'n_heads': 4, 'e_layers': 1, 'd_layers': 1, 'batch_size': 16, 'learning_rate': 2.3671026768420086e-05, 'dropout': 0.27748908749075035}. Best is trial 1 with value: 0.09865500032901764.
Best trial: 1. Best value: 0.098655:   8%|▊         | 4/50 [01:08<09:53, 12.91s/it]Best trial: 1. Best value: 0.098655:   8%|▊         | 4/50 [01:08<09:53, 12.91s/it]Best trial: 1. Best value: 0.098655:  10%|█         | 5/50 [01:08<13:25, 17.89s/it]
============================================================
Trial 5
============================================================
seq_len: 48, pred_len: 7
d_model: 64, n_heads: 4
e_layers: 2, d_layers: 2
batch_size: 64, lr: 0.000021
dropout: 0.15297078357060023
============================================================

Please make sure you have successfully installed mamba_ssm
Use GPU: cuda:0
DEBUG Mamba Init - d_model: 64, d_state: 16, d_inner: 128, expand: 2
>>>>>> Start training: trial_5 >>>>>>
============================================================
DATASET SPLIT INFO (90/5/5):
============================================================
Total samples: 5193
Train: 4673 samples (90%) - rows 0 to 4672
Val: 259 samples (5%) - rows 4673 to 4931
Test: 261 samples (5%) - rows 4932 to 5192
Sequence length: 48, Prediction length: 7
============================================================
train 4619
val 253
test 255
Validation loss decreased (inf --> 0.037353).  Saving model ...
Updating learning rate to 2.065796448913998e-05
EarlyStopping counter: 1 out of 3
Updating learning rate to 1.032898224456999e-05
EarlyStopping counter: 2 out of 3
Updating learning rate to 5.164491122284995e-06
EarlyStopping counter: 3 out of 3
>>>>>> Testing on validation set: trial_5 >>>>>>
test 255
test shape: (255, 7, 5) (255, 7, 5)
test shape: (255, 7, 5) (255, 7, 5)


	mse:0.06439430266618729, mae:0.09867642819881439, dtw:Not calculated


                                                                                   [I 2025-10-16 22:55:17,430] Trial 5 finished with value: 0.09867642819881439 and parameters: {'seq_len': 48, 'pred_len': 7, 'expand': 2, 'd_model': 64, 'n_heads': 4, 'e_layers': 2, 'd_layers': 2, 'batch_size': 64, 'learning_rate': 2.065796448913998e-05, 'dropout': 0.15297078357060023}. Best is trial 1 with value: 0.09865500032901764.
Best trial: 1. Best value: 0.098655:  10%|█         | 5/50 [01:11<13:25, 17.89s/it]Best trial: 1. Best value: 0.098655:  10%|█         | 5/50 [01:11<13:25, 17.89s/it]Best trial: 1. Best value: 0.098655:  12%|█▏        | 6/50 [01:11<09:28, 12.91s/it]
============================================================
Trial 6
============================================================
seq_len: 96, pred_len: 1
d_model: 64, n_heads: 8
e_layers: 2, d_layers: 1
batch_size: 16, lr: 0.000867
dropout: 0.20137443943532643
============================================================

Please make sure you have successfully installed mamba_ssm
Use GPU: cuda:0
DEBUG Mamba Init - d_model: 64, d_state: 16, d_inner: 64, expand: 1
>>>>>> Start training: trial_6 >>>>>>
============================================================
DATASET SPLIT INFO (90/5/5):
============================================================
Total samples: 5193
Train: 4673 samples (90%) - rows 0 to 4672
Val: 259 samples (5%) - rows 4673 to 4931
Test: 261 samples (5%) - rows 4932 to 5192
Sequence length: 96, Prediction length: 1
============================================================
train 4577
val 259
test 261
Validation loss decreased (inf --> 0.028930).  Saving model ...
Updating learning rate to 0.0008672416069410873
EarlyStopping counter: 1 out of 3
Updating learning rate to 0.00043362080347054364
Validation loss decreased (0.028930 --> 0.024723).  Saving model ...
Updating learning rate to 0.00021681040173527182
EarlyStopping counter: 1 out of 3
Updating learning rate to 0.00010840520086763591
EarlyStopping counter: 2 out of 3
Updating learning rate to 5.4202600433817955e-05
EarlyStopping counter: 3 out of 3
>>>>>> Testing on validation set: trial_6 >>>>>>
test 261
test shape: (261, 1, 5) (261, 1, 5)
test shape: (261, 1, 5) (261, 1, 5)


	mse:0.05151078477501869, mae:0.07738547772169113, dtw:Not calculated


                                                                                   [I 2025-10-16 22:55:33,452] Trial 6 finished with value: 0.07738547772169113 and parameters: {'seq_len': 96, 'pred_len': 1, 'expand': 1, 'd_model': 64, 'n_heads': 8, 'e_layers': 2, 'd_layers': 1, 'batch_size': 16, 'learning_rate': 0.0008672416069410873, 'dropout': 0.20137443943532643}. Best is trial 6 with value: 0.07738547772169113.
Best trial: 1. Best value: 0.098655:  12%|█▏        | 6/50 [01:27<09:28, 12.91s/it]Best trial: 6. Best value: 0.0773855:  12%|█▏        | 6/50 [01:27<09:28, 12.91s/it]Best trial: 6. Best value: 0.0773855:  14%|█▍        | 7/50 [01:27<09:58, 13.93s/it]
============================================================
Trial 7
============================================================
seq_len: 96, pred_len: 1
d_model: 32, n_heads: 4
e_layers: 1, d_layers: 1
batch_size: 32, lr: 0.000138
dropout: 0.195431829772055
============================================================

Please make sure you have successfully installed mamba_ssm
Use GPU: cuda:0
DEBUG Mamba Init - d_model: 32, d_state: 16, d_inner: 32, expand: 1
>>>>>> Start training: trial_7 >>>>>>
============================================================
DATASET SPLIT INFO (90/5/5):
============================================================
Total samples: 5193
Train: 4673 samples (90%) - rows 0 to 4672
Val: 259 samples (5%) - rows 4673 to 4931
Test: 261 samples (5%) - rows 4932 to 5192
Sequence length: 96, Prediction length: 1
============================================================
train 4577
val 259
test 261
Validation loss decreased (inf --> 0.028031).  Saving model ...
Updating learning rate to 0.00013752522094983075
Validation loss decreased (0.028031 --> 0.026066).  Saving model ...
Updating learning rate to 6.876261047491537e-05
Validation loss decreased (0.026066 --> 0.025602).  Saving model ...
Updating learning rate to 3.438130523745769e-05
EarlyStopping counter: 1 out of 3
Updating learning rate to 1.7190652618728843e-05
EarlyStopping counter: 2 out of 3
Updating learning rate to 8.595326309364422e-06
EarlyStopping counter: 3 out of 3
>>>>>> Testing on validation set: trial_7 >>>>>>
test 261
test shape: (261, 1, 5) (261, 1, 5)
test shape: (261, 1, 5) (261, 1, 5)


	mse:0.053577620536088943, mae:0.09003116935491562, dtw:Not calculated


                                                                                    [I 2025-10-16 22:55:41,945] Trial 7 finished with value: 0.09003116935491562 and parameters: {'seq_len': 96, 'pred_len': 1, 'expand': 1, 'd_model': 32, 'n_heads': 4, 'e_layers': 1, 'd_layers': 1, 'batch_size': 32, 'learning_rate': 0.00013752522094983075, 'dropout': 0.195431829772055}. Best is trial 6 with value: 0.07738547772169113.
Best trial: 6. Best value: 0.0773855:  14%|█▍        | 7/50 [01:35<09:58, 13.93s/it]Best trial: 6. Best value: 0.0773855:  14%|█▍        | 7/50 [01:36<09:58, 13.93s/it]Best trial: 6. Best value: 0.0773855:  16%|█▌        | 8/50 [01:36<08:32, 12.20s/it]
============================================================
Trial 8
============================================================
seq_len: 48, pred_len: 30
d_model: 32, n_heads: 8
e_layers: 1, d_layers: 1
batch_size: 32, lr: 0.000052
dropout: 0.10759898797898365
============================================================

Please make sure you have successfully installed mamba_ssm
Use GPU: cuda:0
DEBUG Mamba Init - d_model: 32, d_state: 16, d_inner: 64, expand: 2
>>>>>> Start training: trial_8 >>>>>>
============================================================
DATASET SPLIT INFO (90/5/5):
============================================================
Total samples: 5193
Train: 4673 samples (90%) - rows 0 to 4672
Val: 259 samples (5%) - rows 4673 to 4931
Test: 261 samples (5%) - rows 4932 to 5192
Sequence length: 48, Prediction length: 30
============================================================
train 4596
val 230
test 232
Validation loss decreased (inf --> 0.038030).  Saving model ...
Updating learning rate to 5.232274710545133e-05
Validation loss decreased (0.038030 --> 0.035995).  Saving model ...
Updating learning rate to 2.6161373552725664e-05
EarlyStopping counter: 1 out of 3
Updating learning rate to 1.3080686776362832e-05
EarlyStopping counter: 2 out of 3
Updating learning rate to 6.540343388181416e-06
EarlyStopping counter: 3 out of 3
>>>>>> Testing on validation set: trial_8 >>>>>>
test 232
test shape: (232, 30, 5) (232, 30, 5)
test shape: (232, 30, 5) (232, 30, 5)


	mse:0.06563319265842438, mae:0.10316956043243408, dtw:Not calculated


                                                                                    [I 2025-10-16 22:55:49,014] Trial 8 finished with value: 0.10316956043243408 and parameters: {'seq_len': 48, 'pred_len': 30, 'expand': 2, 'd_model': 32, 'n_heads': 8, 'e_layers': 1, 'd_layers': 1, 'batch_size': 32, 'learning_rate': 5.232274710545133e-05, 'dropout': 0.10759898797898365}. Best is trial 6 with value: 0.07738547772169113.
Best trial: 6. Best value: 0.0773855:  16%|█▌        | 8/50 [01:43<08:32, 12.20s/it]Best trial: 6. Best value: 0.0773855:  16%|█▌        | 8/50 [01:43<08:32, 12.20s/it]Best trial: 6. Best value: 0.0773855:  18%|█▊        | 9/50 [01:43<07:14, 10.59s/it]
============================================================
Trial 9
============================================================
seq_len: 48, pred_len: 1
d_model: 32, n_heads: 8
e_layers: 2, d_layers: 2
batch_size: 32, lr: 0.000964
dropout: 0.18389595055881658
============================================================

Please make sure you have successfully installed mamba_ssm
Use GPU: cuda:0
DEBUG Mamba Init - d_model: 32, d_state: 16, d_inner: 32, expand: 1
>>>>>> Start training: trial_9 >>>>>>
============================================================
DATASET SPLIT INFO (90/5/5):
============================================================
Total samples: 5193
Train: 4673 samples (90%) - rows 0 to 4672
Val: 259 samples (5%) - rows 4673 to 4931
Test: 261 samples (5%) - rows 4932 to 5192
Sequence length: 48, Prediction length: 1
============================================================
train 4625
val 259
test 261
Validation loss decreased (inf --> 0.030054).  Saving model ...
Updating learning rate to 0.0009636485293142216
Validation loss decreased (0.030054 --> 0.027144).  Saving model ...
Updating learning rate to 0.0004818242646571108
EarlyStopping counter: 1 out of 3
Updating learning rate to 0.0002409121323285554
EarlyStopping counter: 2 out of 3
Updating learning rate to 0.0001204560661642777
EarlyStopping counter: 3 out of 3
>>>>>> Testing on validation set: trial_9 >>>>>>
test 261
test shape: (261, 1, 5) (261, 1, 5)
test shape: (261, 1, 5) (261, 1, 5)


	mse:0.052886951714754105, mae:0.08154502511024475, dtw:Not calculated


                                                                                    [I 2025-10-16 22:55:56,112] Trial 9 finished with value: 0.08154502511024475 and parameters: {'seq_len': 48, 'pred_len': 1, 'expand': 1, 'd_model': 32, 'n_heads': 8, 'e_layers': 2, 'd_layers': 2, 'batch_size': 32, 'learning_rate': 0.0009636485293142216, 'dropout': 0.18389595055881658}. Best is trial 6 with value: 0.07738547772169113.
Best trial: 6. Best value: 0.0773855:  18%|█▊        | 9/50 [01:50<07:14, 10.59s/it]Best trial: 6. Best value: 0.0773855:  18%|█▊        | 9/50 [01:50<07:14, 10.59s/it]Best trial: 6. Best value: 0.0773855:  20%|██        | 10/50 [01:50<06:20,  9.52s/it]
============================================================
Trial 10
============================================================
seq_len: 96, pred_len: 14
d_model: 64, n_heads: 8
e_layers: 2, d_layers: 1
batch_size: 16, lr: 0.000788
dropout: 0.021573794309979938
============================================================

Please make sure you have successfully installed mamba_ssm
Use GPU: cuda:0
DEBUG Mamba Init - d_model: 64, d_state: 16, d_inner: 128, expand: 2
>>>>>> Start training: trial_10 >>>>>>
============================================================
DATASET SPLIT INFO (90/5/5):
============================================================
Total samples: 5193
Train: 4673 samples (90%) - rows 0 to 4672
Val: 259 samples (5%) - rows 4673 to 4931
Test: 261 samples (5%) - rows 4932 to 5192
Sequence length: 96, Prediction length: 14
============================================================
train 4564
val 246
test 248
Validation loss decreased (inf --> 0.038890).  Saving model ...
Updating learning rate to 0.0007881859295063169
EarlyStopping counter: 1 out of 3
Updating learning rate to 0.00039409296475315846
EarlyStopping counter: 2 out of 3
Updating learning rate to 0.00019704648237657923
EarlyStopping counter: 3 out of 3
>>>>>> Testing on validation set: trial_10 >>>>>>
test 248
test shape: (248, 14, 5) (248, 14, 5)
test shape: (248, 14, 5) (248, 14, 5)


	mse:0.07416743785142899, mae:0.10843903571367264, dtw:Not calculated


                                                                                     [I 2025-10-16 22:56:07,035] Trial 10 finished with value: 0.10843903571367264 and parameters: {'seq_len': 96, 'pred_len': 14, 'expand': 2, 'd_model': 64, 'n_heads': 8, 'e_layers': 2, 'd_layers': 1, 'batch_size': 16, 'learning_rate': 0.0007881859295063169, 'dropout': 0.021573794309979938}. Best is trial 6 with value: 0.07738547772169113.
Best trial: 6. Best value: 0.0773855:  20%|██        | 10/50 [02:01<06:20,  9.52s/it]Best trial: 6. Best value: 0.0773855:  20%|██        | 10/50 [02:01<06:20,  9.52s/it]Best trial: 6. Best value: 0.0773855:  22%|██▏       | 11/50 [02:01<06:27,  9.95s/it]
============================================================
Trial 11
============================================================
seq_len: 48, pred_len: 1
d_model: 32, n_heads: 8
e_layers: 2, d_layers: 2
batch_size: 32, lr: 0.000960
dropout: 0.23460046148565478
============================================================

Please make sure you have successfully installed mamba_ssm
Use GPU: cuda:0
DEBUG Mamba Init - d_model: 32, d_state: 16, d_inner: 32, expand: 1
>>>>>> Start training: trial_11 >>>>>>
============================================================
DATASET SPLIT INFO (90/5/5):
============================================================
Total samples: 5193
Train: 4673 samples (90%) - rows 0 to 4672
Val: 259 samples (5%) - rows 4673 to 4931
Test: 261 samples (5%) - rows 4932 to 5192
Sequence length: 48, Prediction length: 1
============================================================
train 4625
val 259
test 261
Validation loss decreased (inf --> 0.030877).  Saving model ...
Updating learning rate to 0.0009603858719577679
Validation loss decreased (0.030877 --> 0.025451).  Saving model ...
Updating learning rate to 0.00048019293597888397
Validation loss decreased (0.025451 --> 0.025117).  Saving model ...
Updating learning rate to 0.00024009646798944198
EarlyStopping counter: 1 out of 3
Updating learning rate to 0.00012004823399472099
EarlyStopping counter: 2 out of 3
Updating learning rate to 6.0024116997360496e-05
EarlyStopping counter: 3 out of 3
>>>>>> Testing on validation set: trial_11 >>>>>>
test 261
test shape: (261, 1, 5) (261, 1, 5)
test shape: (261, 1, 5) (261, 1, 5)


	mse:0.050595443695783615, mae:0.07807992398738861, dtw:Not calculated


