                                                                                      [I 2025-10-16 22:59:49,943] Trial 27 finished with value: 0.10512518137693405 and parameters: {'seq_len': 48, 'pred_len': 14, 'expand': 2, 'd_model': 64, 'n_heads': 8, 'e_layers': 2, 'd_layers': 1, 'batch_size': 32, 'learning_rate': 0.0002758159759626864, 'dropout': 0.07889827972571062}. Best is trial 20 with value: 0.070341557264328.
Best trial: 20. Best value: 0.0703416:  54%|█████▍    | 27/50 [05:43<04:54, 12.82s/it]Best trial: 20. Best value: 0.0703416:  54%|█████▍    | 27/50 [05:44<04:54, 12.82s/it]Best trial: 20. Best value: 0.0703416:  56%|█████▌    | 28/50 [05:44<04:13, 11.53s/it]
============================================================
Trial 28
============================================================
seq_len: 48, pred_len: 30
d_model: 64, n_heads: 8
e_layers: 2, d_layers: 1
batch_size: 16, lr: 0.000177
dropout: 0.05025279427930014
============================================================

Please make sure you have successfully installed mamba_ssm
Use GPU: cuda:0
DEBUG Mamba Init - d_model: 64, d_state: 16, d_inner: 128, expand: 2
>>>>>> Start training: trial_28 >>>>>>
============================================================
DATASET SPLIT INFO (90/5/5):
============================================================
Total samples: 5193
Train: 4673 samples (90%) - rows 0 to 4672
Val: 259 samples (5%) - rows 4673 to 4931
Test: 261 samples (5%) - rows 4932 to 5192
Sequence length: 48, Prediction length: 30
============================================================
train 4596
val 230
test 232
Validation loss decreased (inf --> 0.037477).  Saving model ...
Updating learning rate to 0.00017731201091048554
EarlyStopping counter: 1 out of 3
Updating learning rate to 8.865600545524277e-05
EarlyStopping counter: 2 out of 3
Updating learning rate to 4.4328002727621385e-05
Validation loss decreased (0.037477 --> 0.037131).  Saving model ...
Updating learning rate to 2.2164001363810693e-05
EarlyStopping counter: 1 out of 3
Updating learning rate to 1.1082000681905346e-05
EarlyStopping counter: 2 out of 3
Updating learning rate to 5.541000340952673e-06
Validation loss decreased (0.037131 --> 0.037055).  Saving model ...
Updating learning rate to 2.7705001704763366e-06
EarlyStopping counter: 1 out of 3
Updating learning rate to 1.3852500852381683e-06
Validation loss decreased (0.037055 --> 0.037044).  Saving model ...
Updating learning rate to 6.926250426190841e-07
Validation loss decreased (0.037044 --> 0.036882).  Saving model ...
Updating learning rate to 3.4631252130954207e-07
>>>>>> Testing on validation set: trial_28 >>>>>>
test 232
test shape: (232, 30, 5) (232, 30, 5)
test shape: (232, 30, 5) (232, 30, 5)


	mse:0.0743740051984787, mae:0.1095481887459755, dtw:Not calculated


                                                                                      [I 2025-10-16 23:00:16,721] Trial 28 finished with value: 0.1095481887459755 and parameters: {'seq_len': 48, 'pred_len': 30, 'expand': 2, 'd_model': 64, 'n_heads': 8, 'e_layers': 2, 'd_layers': 1, 'batch_size': 16, 'learning_rate': 0.00017731201091048554, 'dropout': 0.05025279427930014}. Best is trial 20 with value: 0.070341557264328.
Best trial: 20. Best value: 0.0703416:  56%|█████▌    | 28/50 [06:10<04:13, 11.53s/it]Best trial: 20. Best value: 0.0703416:  56%|█████▌    | 28/50 [06:10<04:13, 11.53s/it]Best trial: 20. Best value: 0.0703416:  58%|█████▊    | 29/50 [06:10<05:38, 16.10s/it]
============================================================
Trial 29
============================================================
seq_len: 48, pred_len: 14
d_model: 64, n_heads: 4
e_layers: 1, d_layers: 1
batch_size: 64, lr: 0.000306
dropout: 0.0939938525611088
============================================================

Please make sure you have successfully installed mamba_ssm
Use GPU: cuda:0
DEBUG Mamba Init - d_model: 64, d_state: 16, d_inner: 128, expand: 2
>>>>>> Start training: trial_29 >>>>>>
============================================================
DATASET SPLIT INFO (90/5/5):
============================================================
Total samples: 5193
Train: 4673 samples (90%) - rows 0 to 4672
Val: 259 samples (5%) - rows 4673 to 4931
Test: 261 samples (5%) - rows 4932 to 5192
Sequence length: 48, Prediction length: 14
============================================================
train 4612
val 246
test 248
Validation loss decreased (inf --> 0.039035).  Saving model ...
Updating learning rate to 0.00030563618213833444
EarlyStopping counter: 1 out of 3
Updating learning rate to 0.00015281809106916722
EarlyStopping counter: 2 out of 3
Updating learning rate to 7.640904553458361e-05
EarlyStopping counter: 3 out of 3
>>>>>> Testing on validation set: trial_29 >>>>>>
test 248
test shape: (248, 14, 5) (248, 14, 5)
test shape: (248, 14, 5) (248, 14, 5)


	mse:0.06610441207885742, mae:0.09897374361753464, dtw:Not calculated


                                                                                      [I 2025-10-16 23:00:20,027] Trial 29 finished with value: 0.09897374361753464 and parameters: {'seq_len': 48, 'pred_len': 14, 'expand': 2, 'd_model': 64, 'n_heads': 4, 'e_layers': 1, 'd_layers': 1, 'batch_size': 64, 'learning_rate': 0.00030563618213833444, 'dropout': 0.0939938525611088}. Best is trial 20 with value: 0.070341557264328.
Best trial: 20. Best value: 0.0703416:  58%|█████▊    | 29/50 [06:14<05:38, 16.10s/it]Best trial: 20. Best value: 0.0703416:  58%|█████▊    | 29/50 [06:14<05:38, 16.10s/it]Best trial: 20. Best value: 0.0703416:  60%|██████    | 30/50 [06:14<04:05, 12.26s/it]
============================================================
Trial 30
============================================================
seq_len: 48, pred_len: 1
d_model: 64, n_heads: 8
e_layers: 2, d_layers: 1
batch_size: 32, lr: 0.000138
dropout: 0.1396975545461726
============================================================

Please make sure you have successfully installed mamba_ssm
Use GPU: cuda:0
DEBUG Mamba Init - d_model: 64, d_state: 16, d_inner: 128, expand: 2
>>>>>> Start training: trial_30 >>>>>>
============================================================
DATASET SPLIT INFO (90/5/5):
============================================================
Total samples: 5193
Train: 4673 samples (90%) - rows 0 to 4672
Val: 259 samples (5%) - rows 4673 to 4931
Test: 261 samples (5%) - rows 4932 to 5192
Sequence length: 48, Prediction length: 1
============================================================
train 4625
val 259
test 261
Validation loss decreased (inf --> 0.029968).  Saving model ...
Updating learning rate to 0.0001384175431715725
EarlyStopping counter: 1 out of 3
Updating learning rate to 6.920877158578625e-05
Validation loss decreased (0.029968 --> 0.025894).  Saving model ...
Updating learning rate to 3.4604385792893125e-05
Validation loss decreased (0.025894 --> 0.025262).  Saving model ...
Updating learning rate to 1.7302192896446562e-05
EarlyStopping counter: 1 out of 3
Updating learning rate to 8.651096448223281e-06
EarlyStopping counter: 2 out of 3
Updating learning rate to 4.325548224111641e-06
EarlyStopping counter: 3 out of 3
>>>>>> Testing on validation set: trial_30 >>>>>>
test 261
test shape: (261, 1, 5) (261, 1, 5)
test shape: (261, 1, 5) (261, 1, 5)


	mse:0.05171205848455429, mae:0.07929237186908722, dtw:Not calculated


                                                                                      [I 2025-10-16 23:00:30,112] Trial 30 finished with value: 0.07929237186908722 and parameters: {'seq_len': 48, 'pred_len': 1, 'expand': 2, 'd_model': 64, 'n_heads': 8, 'e_layers': 2, 'd_layers': 1, 'batch_size': 32, 'learning_rate': 0.0001384175431715725, 'dropout': 0.1396975545461726}. Best is trial 20 with value: 0.070341557264328.
Best trial: 20. Best value: 0.0703416:  60%|██████    | 30/50 [06:24<04:05, 12.26s/it]Best trial: 20. Best value: 0.0703416:  60%|██████    | 30/50 [06:24<04:05, 12.26s/it]Best trial: 20. Best value: 0.0703416:  62%|██████▏   | 31/50 [06:24<03:40, 11.61s/it]
============================================================
Trial 31
============================================================
seq_len: 48, pred_len: 1
d_model: 64, n_heads: 8
e_layers: 2, d_layers: 1
batch_size: 32, lr: 0.000521
dropout: 0.04404879177044514
============================================================

Please make sure you have successfully installed mamba_ssm
Use GPU: cuda:0
DEBUG Mamba Init - d_model: 64, d_state: 16, d_inner: 128, expand: 2
>>>>>> Start training: trial_31 >>>>>>
============================================================
DATASET SPLIT INFO (90/5/5):
============================================================
Total samples: 5193
Train: 4673 samples (90%) - rows 0 to 4672
Val: 259 samples (5%) - rows 4673 to 4931
Test: 261 samples (5%) - rows 4932 to 5192
Sequence length: 48, Prediction length: 1
============================================================
train 4625
val 259
test 261
Validation loss decreased (inf --> 0.024888).  Saving model ...
Updating learning rate to 0.0005213141555765289
Validation loss decreased (0.024888 --> 0.024575).  Saving model ...
Updating learning rate to 0.00026065707778826446
Validation loss decreased (0.024575 --> 0.023874).  Saving model ...
Updating learning rate to 0.00013032853889413223
EarlyStopping counter: 1 out of 3
Updating learning rate to 6.516426944706611e-05
EarlyStopping counter: 2 out of 3
Updating learning rate to 3.258213472353306e-05
EarlyStopping counter: 3 out of 3
>>>>>> Testing on validation set: trial_31 >>>>>>
test 261
test shape: (261, 1, 5) (261, 1, 5)
test shape: (261, 1, 5) (261, 1, 5)


	mse:0.0516577884554863, mae:0.07344827055931091, dtw:Not calculated


                                                                                      [I 2025-10-16 23:00:38,732] Trial 31 finished with value: 0.07344827055931091 and parameters: {'seq_len': 48, 'pred_len': 1, 'expand': 2, 'd_model': 64, 'n_heads': 8, 'e_layers': 2, 'd_layers': 1, 'batch_size': 32, 'learning_rate': 0.0005213141555765289, 'dropout': 0.04404879177044514}. Best is trial 20 with value: 0.070341557264328.
Best trial: 20. Best value: 0.0703416:  62%|██████▏   | 31/50 [06:32<03:40, 11.61s/it]Best trial: 20. Best value: 0.0703416:  62%|██████▏   | 31/50 [06:32<03:40, 11.61s/it]Best trial: 20. Best value: 0.0703416:  64%|██████▍   | 32/50 [06:32<03:12, 10.72s/it]
============================================================
Trial 32
============================================================
seq_len: 48, pred_len: 1
d_model: 64, n_heads: 8
e_layers: 2, d_layers: 1
batch_size: 32, lr: 0.000476
dropout: 0.014401268619261887
============================================================

Please make sure you have successfully installed mamba_ssm
Use GPU: cuda:0
DEBUG Mamba Init - d_model: 64, d_state: 16, d_inner: 128, expand: 2
>>>>>> Start training: trial_32 >>>>>>
============================================================
DATASET SPLIT INFO (90/5/5):
============================================================
Total samples: 5193
Train: 4673 samples (90%) - rows 0 to 4672
Val: 259 samples (5%) - rows 4673 to 4931
Test: 261 samples (5%) - rows 4932 to 5192
Sequence length: 48, Prediction length: 1
============================================================
train 4625
val 259
test 261
Validation loss decreased (inf --> 0.025987).  Saving model ...
Updating learning rate to 0.00047644560379067104
EarlyStopping counter: 1 out of 3
Updating learning rate to 0.00023822280189533552
EarlyStopping counter: 2 out of 3
Updating learning rate to 0.00011911140094766776
EarlyStopping counter: 3 out of 3
>>>>>> Testing on validation set: trial_32 >>>>>>
test 261
test shape: (261, 1, 5) (261, 1, 5)
test shape: (261, 1, 5) (261, 1, 5)


	mse:0.05048510059714317, mae:0.07535851746797562, dtw:Not calculated


                                                                                      [I 2025-10-16 23:00:44,560] Trial 32 finished with value: 0.07535851746797562 and parameters: {'seq_len': 48, 'pred_len': 1, 'expand': 2, 'd_model': 64, 'n_heads': 8, 'e_layers': 2, 'd_layers': 1, 'batch_size': 32, 'learning_rate': 0.00047644560379067104, 'dropout': 0.014401268619261887}. Best is trial 20 with value: 0.070341557264328.
Best trial: 20. Best value: 0.0703416:  64%|██████▍   | 32/50 [06:38<03:12, 10.72s/it]Best trial: 20. Best value: 0.0703416:  64%|██████▍   | 32/50 [06:38<03:12, 10.72s/it]Best trial: 20. Best value: 0.0703416:  66%|██████▌   | 33/50 [06:38<02:37,  9.25s/it]
============================================================
Trial 33
============================================================
seq_len: 48, pred_len: 1
d_model: 64, n_heads: 8
e_layers: 2, d_layers: 1
batch_size: 32, lr: 0.000705
dropout: 0.12307461532808024
============================================================

Please make sure you have successfully installed mamba_ssm
Use GPU: cuda:0
DEBUG Mamba Init - d_model: 64, d_state: 16, d_inner: 128, expand: 2
>>>>>> Start training: trial_33 >>>>>>
============================================================
DATASET SPLIT INFO (90/5/5):
============================================================
Total samples: 5193
Train: 4673 samples (90%) - rows 0 to 4672
Val: 259 samples (5%) - rows 4673 to 4931
Test: 261 samples (5%) - rows 4932 to 5192
Sequence length: 48, Prediction length: 1
============================================================
train 4625
val 259
test 261
Validation loss decreased (inf --> 0.025743).  Saving model ...
Updating learning rate to 0.0007054387885155116
EarlyStopping counter: 1 out of 3
Updating learning rate to 0.0003527193942577558
EarlyStopping counter: 2 out of 3
Updating learning rate to 0.0001763596971288779
Validation loss decreased (0.025743 --> 0.024378).  Saving model ...
Updating learning rate to 8.817984856443895e-05
EarlyStopping counter: 1 out of 3
Updating learning rate to 4.408992428221948e-05
EarlyStopping counter: 2 out of 3
Updating learning rate to 2.204496214110974e-05
EarlyStopping counter: 3 out of 3
>>>>>> Testing on validation set: trial_33 >>>>>>
test 261
test shape: (261, 1, 5) (261, 1, 5)
test shape: (261, 1, 5) (261, 1, 5)


	mse:0.049827080219984055, mae:0.07346164435148239, dtw:Not calculated


                                                                                      [I 2025-10-16 23:00:54,568] Trial 33 finished with value: 0.07346164435148239 and parameters: {'seq_len': 48, 'pred_len': 1, 'expand': 2, 'd_model': 64, 'n_heads': 8, 'e_layers': 2, 'd_layers': 1, 'batch_size': 32, 'learning_rate': 0.0007054387885155116, 'dropout': 0.12307461532808024}. Best is trial 20 with value: 0.070341557264328.
Best trial: 20. Best value: 0.0703416:  66%|██████▌   | 33/50 [06:48<02:37,  9.25s/it]Best trial: 20. Best value: 0.0703416:  66%|██████▌   | 33/50 [06:48<02:37,  9.25s/it]Best trial: 20. Best value: 0.0703416:  68%|██████▊   | 34/50 [06:48<02:31,  9.48s/it]
============================================================
Trial 34
============================================================
seq_len: 48, pred_len: 7
d_model: 64, n_heads: 4
e_layers: 2, d_layers: 1
batch_size: 32, lr: 0.000621
dropout: 0.0627419412092727
============================================================

Please make sure you have successfully installed mamba_ssm
Use GPU: cuda:0
DEBUG Mamba Init - d_model: 64, d_state: 16, d_inner: 128, expand: 2
>>>>>> Start training: trial_34 >>>>>>
============================================================
DATASET SPLIT INFO (90/5/5):
============================================================
Total samples: 5193
Train: 4673 samples (90%) - rows 0 to 4672
Val: 259 samples (5%) - rows 4673 to 4931
Test: 261 samples (5%) - rows 4932 to 5192
Sequence length: 48, Prediction length: 7
============================================================
train 4619
val 253
test 255
Validation loss decreased (inf --> 0.039293).  Saving model ...
Updating learning rate to 0.000620516474137526
EarlyStopping counter: 1 out of 3
Updating learning rate to 0.000310258237068763
EarlyStopping counter: 2 out of 3
Updating learning rate to 0.0001551291185343815
EarlyStopping counter: 3 out of 3
>>>>>> Testing on validation set: trial_34 >>>>>>
test 255
test shape: (255, 7, 5) (255, 7, 5)
test shape: (255, 7, 5) (255, 7, 5)


	mse:0.06657073646783829, mae:0.09659086912870407, dtw:Not calculated


                                                                                      [I 2025-10-16 23:01:00,409] Trial 34 finished with value: 0.09659086912870407 and parameters: {'seq_len': 48, 'pred_len': 7, 'expand': 2, 'd_model': 64, 'n_heads': 4, 'e_layers': 2, 'd_layers': 1, 'batch_size': 32, 'learning_rate': 0.000620516474137526, 'dropout': 0.0627419412092727}. Best is trial 20 with value: 0.070341557264328.
Best trial: 20. Best value: 0.0703416:  68%|██████▊   | 34/50 [06:54<02:31,  9.48s/it]Best trial: 20. Best value: 0.0703416:  68%|██████▊   | 34/50 [06:54<02:31,  9.48s/it]Best trial: 20. Best value: 0.0703416:  70%|███████   | 35/50 [06:54<02:05,  8.39s/it]
============================================================
Trial 35
============================================================
seq_len: 48, pred_len: 1
d_model: 64, n_heads: 8
e_layers: 1, d_layers: 1
batch_size: 64, lr: 0.000311
dropout: 0.031035040080324632
============================================================

Please make sure you have successfully installed mamba_ssm
Use GPU: cuda:0
DEBUG Mamba Init - d_model: 64, d_state: 16, d_inner: 128, expand: 2
>>>>>> Start training: trial_35 >>>>>>
============================================================
DATASET SPLIT INFO (90/5/5):
============================================================
Total samples: 5193
Train: 4673 samples (90%) - rows 0 to 4672
Val: 259 samples (5%) - rows 4673 to 4931
Test: 261 samples (5%) - rows 4932 to 5192
Sequence length: 48, Prediction length: 1
============================================================
train 4625
val 259
test 261
Validation loss decreased (inf --> 0.026962).  Saving model ...
Updating learning rate to 0.0003113759906399215
Validation loss decreased (0.026962 --> 0.026860).  Saving model ...
Updating learning rate to 0.00015568799531996076
Validation loss decreased (0.026860 --> 0.022950).  Saving model ...
Updating learning rate to 7.784399765998038e-05
EarlyStopping counter: 1 out of 3
Updating learning rate to 3.892199882999019e-05
EarlyStopping counter: 2 out of 3
Updating learning rate to 1.9460999414995095e-05
EarlyStopping counter: 3 out of 3
>>>>>> Testing on validation set: trial_35 >>>>>>
test 261
test shape: (261, 1, 5) (261, 1, 5)
test shape: (261, 1, 5) (261, 1, 5)


	mse:0.050935931503772736, mae:0.07572775334119797, dtw:Not calculated


                                                                                      [I 2025-10-16 23:01:05,186] Trial 35 finished with value: 0.07572775334119797 and parameters: {'seq_len': 48, 'pred_len': 1, 'expand': 2, 'd_model': 64, 'n_heads': 8, 'e_layers': 1, 'd_layers': 1, 'batch_size': 64, 'learning_rate': 0.0003113759906399215, 'dropout': 0.031035040080324632}. Best is trial 20 with value: 0.070341557264328.
Best trial: 20. Best value: 0.0703416:  70%|███████   | 35/50 [06:59<02:05,  8.39s/it]Best trial: 20. Best value: 0.0703416:  70%|███████   | 35/50 [06:59<02:05,  8.39s/it]Best trial: 20. Best value: 0.0703416:  72%|███████▏  | 36/50 [06:59<01:42,  7.30s/it]
============================================================
Trial 36
============================================================
seq_len: 48, pred_len: 7
d_model: 64, n_heads: 4
e_layers: 2, d_layers: 1
batch_size: 32, lr: 0.000441
dropout: 0.16991774462719306
============================================================

Please make sure you have successfully installed mamba_ssm
Use GPU: cuda:0
DEBUG Mamba Init - d_model: 64, d_state: 16, d_inner: 128, expand: 2
>>>>>> Start training: trial_36 >>>>>>
============================================================
DATASET SPLIT INFO (90/5/5):
============================================================
Total samples: 5193
Train: 4673 samples (90%) - rows 0 to 4672
Val: 259 samples (5%) - rows 4673 to 4931
Test: 261 samples (5%) - rows 4932 to 5192
Sequence length: 48, Prediction length: 7
============================================================
train 4619
val 253
test 255
Validation loss decreased (inf --> 0.038445).  Saving model ...
Updating learning rate to 0.00044066915384005515
EarlyStopping counter: 1 out of 3
Updating learning rate to 0.00022033457692002757
EarlyStopping counter: 2 out of 3
Updating learning rate to 0.00011016728846001379
EarlyStopping counter: 3 out of 3
>>>>>> Testing on validation set: trial_36 >>>>>>
test 255
test shape: (255, 7, 5) (255, 7, 5)
test shape: (255, 7, 5) (255, 7, 5)


	mse:0.06612934917211533, mae:0.0989219918847084, dtw:Not calculated


