                                                                                      [I 2025-10-16 22:35:33,531] Trial 25 finished with value: 0.07248126715421677 and parameters: {'seq_len': 48, 'pred_len': 1, 'expand': 2, 'd_model': 32, 'n_heads': 8, 'e_layers': 2, 'd_layers': 2, 'batch_size': 16, 'learning_rate': 0.000993817845449538, 'dropout': 0.17271015270538598}. Best is trial 10 with value: 0.0712396502494812.
Best trial: 10. Best value: 0.0712397:  50%|█████     | 25/50 [06:14<07:49, 18.79s/it]Best trial: 10. Best value: 0.0712397:  50%|█████     | 25/50 [06:14<07:49, 18.79s/it]Best trial: 10. Best value: 0.0712397:  52%|█████▏    | 26/50 [06:14<07:49, 19.55s/it]
============================================================
Trial 26
============================================================
seq_len: 96, pred_len: 1
d_model: 32, n_heads: 8
e_layers: 2, d_layers: 2
batch_size: 16, lr: 0.000204
dropout: 0.21952419286616207
============================================================

Please make sure you have successfully installed mamba_ssm
Use GPU: cuda:0
DEBUG Mamba Init - d_model: 32, d_state: 16, d_inner: 64, expand: 2
>>>>>> Start training: trial_26 >>>>>>
============================================================
DATASET SPLIT INFO (90/5/5):
============================================================
Total samples: 5193
Train: 4673 samples (90%) - rows 0 to 4672
Val: 259 samples (5%) - rows 4673 to 4931
Test: 261 samples (5%) - rows 4932 to 5192
Sequence length: 96, Prediction length: 1
============================================================
train 4577
val 259
test 261
Validation loss decreased (inf --> 0.029489).  Saving model ...
Updating learning rate to 0.00020373354286186318
EarlyStopping counter: 1 out of 3
Updating learning rate to 0.00010186677143093159
Validation loss decreased (0.029489 --> 0.027235).  Saving model ...
Updating learning rate to 5.0933385715465794e-05
EarlyStopping counter: 1 out of 3
Updating learning rate to 2.5466692857732897e-05
EarlyStopping counter: 2 out of 3
Updating learning rate to 1.2733346428866449e-05
EarlyStopping counter: 3 out of 3
>>>>>> Testing on validation set: trial_26 >>>>>>
test 261
test shape: (261, 1, 5) (261, 1, 5)
test shape: (261, 1, 5) (261, 1, 5)


	mse:0.05139242112636566, mae:0.08006104081869125, dtw:Not calculated


                                                                                      [I 2025-10-16 22:35:49,546] Trial 26 finished with value: 0.08006104081869125 and parameters: {'seq_len': 96, 'pred_len': 1, 'expand': 2, 'd_model': 32, 'n_heads': 8, 'e_layers': 2, 'd_layers': 2, 'batch_size': 16, 'learning_rate': 0.00020373354286186318, 'dropout': 0.21952419286616207}. Best is trial 10 with value: 0.0712396502494812.
Best trial: 10. Best value: 0.0712397:  52%|█████▏    | 26/50 [06:30<07:49, 19.55s/it]Best trial: 10. Best value: 0.0712397:  52%|█████▏    | 26/50 [06:30<07:49, 19.55s/it]Best trial: 10. Best value: 0.0712397:  54%|█████▍    | 27/50 [06:30<07:05, 18.49s/it]
============================================================
Trial 27
============================================================
seq_len: 48, pred_len: 30
d_model: 32, n_heads: 4
e_layers: 2, d_layers: 2
batch_size: 16, lr: 0.000591
dropout: 0.12713249106329375
============================================================

Please make sure you have successfully installed mamba_ssm
Use GPU: cuda:0
DEBUG Mamba Init - d_model: 32, d_state: 16, d_inner: 64, expand: 2
>>>>>> Start training: trial_27 >>>>>>
============================================================
DATASET SPLIT INFO (90/5/5):
============================================================
Total samples: 5193
Train: 4673 samples (90%) - rows 0 to 4672
Val: 259 samples (5%) - rows 4673 to 4931
Test: 261 samples (5%) - rows 4932 to 5192
Sequence length: 48, Prediction length: 30
============================================================
train 4596
val 230
test 232
Validation loss decreased (inf --> 0.037751).  Saving model ...
Updating learning rate to 0.0005907965930221093
EarlyStopping counter: 1 out of 3
Updating learning rate to 0.00029539829651105463
Validation loss decreased (0.037751 --> 0.036169).  Saving model ...
Updating learning rate to 0.00014769914825552732
EarlyStopping counter: 1 out of 3
Updating learning rate to 7.384957412776366e-05
EarlyStopping counter: 2 out of 3
Updating learning rate to 3.692478706388183e-05
EarlyStopping counter: 3 out of 3
>>>>>> Testing on validation set: trial_27 >>>>>>
test 232
test shape: (232, 30, 5) (232, 30, 5)
test shape: (232, 30, 5) (232, 30, 5)


	mse:0.07269933074712753, mae:0.10793628543615341, dtw:Not calculated


                                                                                      [I 2025-10-16 22:36:05,694] Trial 27 finished with value: 0.10793628543615341 and parameters: {'seq_len': 48, 'pred_len': 30, 'expand': 2, 'd_model': 32, 'n_heads': 4, 'e_layers': 2, 'd_layers': 2, 'batch_size': 16, 'learning_rate': 0.0005907965930221093, 'dropout': 0.12713249106329375}. Best is trial 10 with value: 0.0712396502494812.
Best trial: 10. Best value: 0.0712397:  54%|█████▍    | 27/50 [06:46<07:05, 18.49s/it]Best trial: 10. Best value: 0.0712397:  54%|█████▍    | 27/50 [06:46<07:05, 18.49s/it]Best trial: 10. Best value: 0.0712397:  56%|█████▌    | 28/50 [06:46<06:31, 17.79s/it]
============================================================
Trial 28
============================================================
seq_len: 48, pred_len: 7
d_model: 32, n_heads: 8
e_layers: 2, d_layers: 2
batch_size: 32, lr: 0.000360
dropout: 0.0012335087346607987
============================================================

Please make sure you have successfully installed mamba_ssm
Use GPU: cuda:0
DEBUG Mamba Init - d_model: 32, d_state: 16, d_inner: 64, expand: 2
>>>>>> Start training: trial_28 >>>>>>
============================================================
DATASET SPLIT INFO (90/5/5):
============================================================
Total samples: 5193
Train: 4673 samples (90%) - rows 0 to 4672
Val: 259 samples (5%) - rows 4673 to 4931
Test: 261 samples (5%) - rows 4932 to 5192
Sequence length: 48, Prediction length: 7
============================================================
train 4619
val 253
test 255
Validation loss decreased (inf --> 0.038388).  Saving model ...
Updating learning rate to 0.00036036927372106044
EarlyStopping counter: 1 out of 3
Updating learning rate to 0.00018018463686053022
EarlyStopping counter: 2 out of 3
Updating learning rate to 9.009231843026511e-05
EarlyStopping counter: 3 out of 3
>>>>>> Testing on validation set: trial_28 >>>>>>
test 255
test shape: (255, 7, 5) (255, 7, 5)
test shape: (255, 7, 5) (255, 7, 5)


	mse:0.06730224937200546, mae:0.09923707693815231, dtw:Not calculated


                                                                                      [I 2025-10-16 22:36:11,573] Trial 28 finished with value: 0.09923707693815231 and parameters: {'seq_len': 48, 'pred_len': 7, 'expand': 2, 'd_model': 32, 'n_heads': 8, 'e_layers': 2, 'd_layers': 2, 'batch_size': 32, 'learning_rate': 0.00036036927372106044, 'dropout': 0.0012335087346607987}. Best is trial 10 with value: 0.0712396502494812.
Best trial: 10. Best value: 0.0712397:  56%|█████▌    | 28/50 [06:52<06:31, 17.79s/it]Best trial: 10. Best value: 0.0712397:  56%|█████▌    | 28/50 [06:52<06:31, 17.79s/it]Best trial: 10. Best value: 0.0712397:  58%|█████▊    | 29/50 [06:52<04:58, 14.21s/it]
============================================================
Trial 29
============================================================
seq_len: 96, pred_len: 7
d_model: 32, n_heads: 8
e_layers: 1, d_layers: 2
batch_size: 64, lr: 0.000662
dropout: 0.06645573684640142
============================================================

Please make sure you have successfully installed mamba_ssm
Use GPU: cuda:0
DEBUG Mamba Init - d_model: 32, d_state: 16, d_inner: 32, expand: 1
>>>>>> Start training: trial_29 >>>>>>
============================================================
DATASET SPLIT INFO (90/5/5):
============================================================
Total samples: 5193
Train: 4673 samples (90%) - rows 0 to 4672
Val: 259 samples (5%) - rows 4673 to 4931
Test: 261 samples (5%) - rows 4932 to 5192
Sequence length: 96, Prediction length: 7
============================================================
train 4571
val 253
test 255
Validation loss decreased (inf --> 0.041608).  Saving model ...
Updating learning rate to 0.0006623950696226699
Validation loss decreased (0.041608 --> 0.039092).  Saving model ...
Updating learning rate to 0.00033119753481133495
Validation loss decreased (0.039092 --> 0.038315).  Saving model ...
Updating learning rate to 0.00016559876740566748
EarlyStopping counter: 1 out of 3
Updating learning rate to 8.279938370283374e-05
EarlyStopping counter: 2 out of 3
Updating learning rate to 4.139969185141687e-05
EarlyStopping counter: 3 out of 3
>>>>>> Testing on validation set: trial_29 >>>>>>
test 255
test shape: (255, 7, 5) (255, 7, 5)
test shape: (255, 7, 5) (255, 7, 5)


	mse:0.06936490535736084, mae:0.10426793247461319, dtw:Not calculated


                                                                                      [I 2025-10-16 22:36:16,125] Trial 29 finished with value: 0.10426793247461319 and parameters: {'seq_len': 96, 'pred_len': 7, 'expand': 1, 'd_model': 32, 'n_heads': 8, 'e_layers': 1, 'd_layers': 2, 'batch_size': 64, 'learning_rate': 0.0006623950696226699, 'dropout': 0.06645573684640142}. Best is trial 10 with value: 0.0712396502494812.
Best trial: 10. Best value: 0.0712397:  58%|█████▊    | 29/50 [06:57<04:58, 14.21s/it]Best trial: 10. Best value: 0.0712397:  58%|█████▊    | 29/50 [06:57<04:58, 14.21s/it]Best trial: 10. Best value: 0.0712397:  60%|██████    | 30/50 [06:57<03:46, 11.32s/it]
============================================================
Trial 30
============================================================
seq_len: 48, pred_len: 1
d_model: 32, n_heads: 8
e_layers: 2, d_layers: 2
batch_size: 16, lr: 0.000133
dropout: 0.08145338647280399
============================================================

Please make sure you have successfully installed mamba_ssm
Use GPU: cuda:0
DEBUG Mamba Init - d_model: 32, d_state: 16, d_inner: 64, expand: 2
>>>>>> Start training: trial_30 >>>>>>
============================================================
DATASET SPLIT INFO (90/5/5):
============================================================
Total samples: 5193
Train: 4673 samples (90%) - rows 0 to 4672
Val: 259 samples (5%) - rows 4673 to 4931
Test: 261 samples (5%) - rows 4932 to 5192
Sequence length: 48, Prediction length: 1
============================================================
train 4625
val 259
test 261
Validation loss decreased (inf --> 0.029336).  Saving model ...
Updating learning rate to 0.0001332320504815105
Validation loss decreased (0.029336 --> 0.027270).  Saving model ...
Updating learning rate to 6.661602524075525e-05
EarlyStopping counter: 1 out of 3
Updating learning rate to 3.330801262037762e-05
Validation loss decreased (0.027270 --> 0.026509).  Saving model ...
Updating learning rate to 1.665400631018881e-05
EarlyStopping counter: 1 out of 3
Updating learning rate to 8.327003155094406e-06
Validation loss decreased (0.026509 --> 0.026234).  Saving model ...
Updating learning rate to 4.163501577547203e-06
EarlyStopping counter: 1 out of 3
Updating learning rate to 2.0817507887736015e-06
EarlyStopping counter: 2 out of 3
Updating learning rate to 1.0408753943868007e-06
EarlyStopping counter: 3 out of 3
>>>>>> Testing on validation set: trial_30 >>>>>>
test 261
test shape: (261, 1, 5) (261, 1, 5)
test shape: (261, 1, 5) (261, 1, 5)


	mse:0.05121613293886185, mae:0.07859327644109726, dtw:Not calculated


                                                                                      [I 2025-10-16 22:36:40,256] Trial 30 finished with value: 0.07859327644109726 and parameters: {'seq_len': 48, 'pred_len': 1, 'expand': 2, 'd_model': 32, 'n_heads': 8, 'e_layers': 2, 'd_layers': 2, 'batch_size': 16, 'learning_rate': 0.0001332320504815105, 'dropout': 0.08145338647280399}. Best is trial 10 with value: 0.0712396502494812.
Best trial: 10. Best value: 0.0712397:  60%|██████    | 30/50 [07:21<03:46, 11.32s/it]Best trial: 10. Best value: 0.0712397:  60%|██████    | 30/50 [07:21<03:46, 11.32s/it]Best trial: 10. Best value: 0.0712397:  62%|██████▏   | 31/50 [07:21<04:48, 15.16s/it]
============================================================
Trial 31
============================================================
seq_len: 48, pred_len: 1
d_model: 32, n_heads: 8
e_layers: 2, d_layers: 2
batch_size: 16, lr: 0.000961
dropout: 0.17034182782303364
============================================================

Please make sure you have successfully installed mamba_ssm
Use GPU: cuda:0
DEBUG Mamba Init - d_model: 32, d_state: 16, d_inner: 64, expand: 2
>>>>>> Start training: trial_31 >>>>>>
============================================================
DATASET SPLIT INFO (90/5/5):
============================================================
Total samples: 5193
Train: 4673 samples (90%) - rows 0 to 4672
Val: 259 samples (5%) - rows 4673 to 4931
Test: 261 samples (5%) - rows 4932 to 5192
Sequence length: 48, Prediction length: 1
============================================================
train 4625
val 259
test 261
Validation loss decreased (inf --> 0.028923).  Saving model ...
Updating learning rate to 0.0009608395628117075
Validation loss decreased (0.028923 --> 0.025926).  Saving model ...
Updating learning rate to 0.00048041978140585376
Validation loss decreased (0.025926 --> 0.025913).  Saving model ...
Updating learning rate to 0.00024020989070292688
Validation loss decreased (0.025913 --> 0.025737).  Saving model ...
Updating learning rate to 0.00012010494535146344
Validation loss decreased (0.025737 --> 0.025320).  Saving model ...
Updating learning rate to 6.005247267573172e-05
EarlyStopping counter: 1 out of 3
Updating learning rate to 3.002623633786586e-05
Validation loss decreased (0.025320 --> 0.025155).  Saving model ...
Updating learning rate to 1.501311816893293e-05
EarlyStopping counter: 1 out of 3
Updating learning rate to 7.506559084466465e-06
EarlyStopping counter: 2 out of 3
Updating learning rate to 3.7532795422332325e-06
EarlyStopping counter: 3 out of 3
>>>>>> Testing on validation set: trial_31 >>>>>>
test 261
test shape: (261, 1, 5) (261, 1, 5)
test shape: (261, 1, 5) (261, 1, 5)


	mse:0.04897904023528099, mae:0.07250656932592392, dtw:Not calculated


                                                                                      [I 2025-10-16 22:37:06,956] Trial 31 finished with value: 0.07250656932592392 and parameters: {'seq_len': 48, 'pred_len': 1, 'expand': 2, 'd_model': 32, 'n_heads': 8, 'e_layers': 2, 'd_layers': 2, 'batch_size': 16, 'learning_rate': 0.0009608395628117075, 'dropout': 0.17034182782303364}. Best is trial 10 with value: 0.0712396502494812.
Best trial: 10. Best value: 0.0712397:  62%|██████▏   | 31/50 [07:47<04:48, 15.16s/it]Best trial: 10. Best value: 0.0712397:  62%|██████▏   | 31/50 [07:47<04:48, 15.16s/it]Best trial: 10. Best value: 0.0712397:  64%|██████▍   | 32/50 [07:47<05:35, 18.62s/it]
============================================================
Trial 32
============================================================
seq_len: 48, pred_len: 1
d_model: 32, n_heads: 8
e_layers: 2, d_layers: 2
batch_size: 16, lr: 0.000734
dropout: 0.1934853040541872
============================================================

Please make sure you have successfully installed mamba_ssm
Use GPU: cuda:0
DEBUG Mamba Init - d_model: 32, d_state: 16, d_inner: 64, expand: 2
>>>>>> Start training: trial_32 >>>>>>
============================================================
DATASET SPLIT INFO (90/5/5):
============================================================
Total samples: 5193
Train: 4673 samples (90%) - rows 0 to 4672
Val: 259 samples (5%) - rows 4673 to 4931
Test: 261 samples (5%) - rows 4932 to 5192
Sequence length: 48, Prediction length: 1
============================================================
train 4625
val 259
test 261
Validation loss decreased (inf --> 0.029264).  Saving model ...
Updating learning rate to 0.0007339323023419325
Validation loss decreased (0.029264 --> 0.028265).  Saving model ...
Updating learning rate to 0.00036696615117096624
Validation loss decreased (0.028265 --> 0.026231).  Saving model ...
Updating learning rate to 0.00018348307558548312
Validation loss decreased (0.026231 --> 0.026080).  Saving model ...
Updating learning rate to 9.174153779274156e-05
Validation loss decreased (0.026080 --> 0.026036).  Saving model ...
Updating learning rate to 4.587076889637078e-05
Validation loss decreased (0.026036 --> 0.025587).  Saving model ...
Updating learning rate to 2.293538444818539e-05
EarlyStopping counter: 1 out of 3
Updating learning rate to 1.1467692224092695e-05
EarlyStopping counter: 2 out of 3
Updating learning rate to 5.7338461120463476e-06
EarlyStopping counter: 3 out of 3
>>>>>> Testing on validation set: trial_32 >>>>>>
test 261
test shape: (261, 1, 5) (261, 1, 5)
test shape: (261, 1, 5) (261, 1, 5)


	mse:0.05029740184545517, mae:0.07277015596628189, dtw:Not calculated


                                                                                      [I 2025-10-16 22:37:31,035] Trial 32 finished with value: 0.07277015596628189 and parameters: {'seq_len': 48, 'pred_len': 1, 'expand': 2, 'd_model': 32, 'n_heads': 8, 'e_layers': 2, 'd_layers': 2, 'batch_size': 16, 'learning_rate': 0.0007339323023419325, 'dropout': 0.1934853040541872}. Best is trial 10 with value: 0.0712396502494812.
Best trial: 10. Best value: 0.0712397:  64%|██████▍   | 32/50 [08:12<05:35, 18.62s/it]Best trial: 10. Best value: 0.0712397:  64%|██████▍   | 32/50 [08:12<05:35, 18.62s/it]Best trial: 10. Best value: 0.0712397:  66%|██████▌   | 33/50 [08:12<05:44, 20.26s/it]
============================================================
Trial 33
============================================================
seq_len: 48, pred_len: 1
d_model: 32, n_heads: 8
e_layers: 2, d_layers: 2
batch_size: 16, lr: 0.000971
dropout: 0.17092911108026365
============================================================

Please make sure you have successfully installed mamba_ssm
Use GPU: cuda:0
DEBUG Mamba Init - d_model: 32, d_state: 16, d_inner: 64, expand: 2
>>>>>> Start training: trial_33 >>>>>>
============================================================
DATASET SPLIT INFO (90/5/5):
============================================================
Total samples: 5193
Train: 4673 samples (90%) - rows 0 to 4672
Val: 259 samples (5%) - rows 4673 to 4931
Test: 261 samples (5%) - rows 4932 to 5192
Sequence length: 48, Prediction length: 1
============================================================
train 4625
val 259
test 261
Validation loss decreased (inf --> 0.027832).  Saving model ...
Updating learning rate to 0.0009713675310765985
Validation loss decreased (0.027832 --> 0.026460).  Saving model ...
Updating learning rate to 0.00048568376553829925
EarlyStopping counter: 1 out of 3
Updating learning rate to 0.00024284188276914962
Validation loss decreased (0.026460 --> 0.025730).  Saving model ...
Updating learning rate to 0.00012142094138457481
Validation loss decreased (0.025730 --> 0.025666).  Saving model ...
Updating learning rate to 6.0710470692287406e-05
EarlyStopping counter: 1 out of 3
Updating learning rate to 3.0355235346143703e-05
EarlyStopping counter: 2 out of 3
Updating learning rate to 1.5177617673071851e-05
Validation loss decreased (0.025666 --> 0.025551).  Saving model ...
Updating learning rate to 7.588808836535926e-06
Validation loss decreased (0.025551 --> 0.025231).  Saving model ...
Updating learning rate to 3.794404418267963e-06
EarlyStopping counter: 1 out of 3
Updating learning rate to 1.8972022091339814e-06
>>>>>> Testing on validation set: trial_33 >>>>>>
test 261
test shape: (261, 1, 5) (261, 1, 5)
test shape: (261, 1, 5) (261, 1, 5)


	mse:0.0488402284681797, mae:0.07091018557548523, dtw:Not calculated


