                                                                                      [I 2025-10-16 22:39:55,638] Trial 42 finished with value: 0.07364107668399811 and parameters: {'seq_len': 48, 'pred_len': 1, 'expand': 2, 'd_model': 32, 'n_heads': 8, 'e_layers': 2, 'd_layers': 2, 'batch_size': 16, 'learning_rate': 0.0009731773663065089, 'dropout': 0.18226472871267602}. Best is trial 33 with value: 0.07091018557548523.
Best trial: 33. Best value: 0.0709102:  84%|████████▍ | 42/50 [10:36<01:50, 13.80s/it]Best trial: 33. Best value: 0.0709102:  84%|████████▍ | 42/50 [10:36<01:50, 13.80s/it]Best trial: 33. Best value: 0.0709102:  86%|████████▌ | 43/50 [10:36<01:52, 16.10s/it]
============================================================
Trial 43
============================================================
seq_len: 48, pred_len: 1
d_model: 32, n_heads: 8
e_layers: 2, d_layers: 2
batch_size: 16, lr: 0.000776
dropout: 0.1417104835602529
============================================================

Please make sure you have successfully installed mamba_ssm
Use GPU: cuda:0
DEBUG Mamba Init - d_model: 32, d_state: 16, d_inner: 64, expand: 2
>>>>>> Start training: trial_43 >>>>>>
============================================================
DATASET SPLIT INFO (90/5/5):
============================================================
Total samples: 5193
Train: 4673 samples (90%) - rows 0 to 4672
Val: 259 samples (5%) - rows 4673 to 4931
Test: 261 samples (5%) - rows 4932 to 5192
Sequence length: 48, Prediction length: 1
============================================================
train 4625
val 259
test 261
Validation loss decreased (inf --> 0.029829).  Saving model ...
Updating learning rate to 0.0007762800555464242
Validation loss decreased (0.029829 --> 0.026238).  Saving model ...
Updating learning rate to 0.0003881400277732121
EarlyStopping counter: 1 out of 3
Updating learning rate to 0.00019407001388660605
Validation loss decreased (0.026238 --> 0.025901).  Saving model ...
Updating learning rate to 9.703500694330302e-05
Validation loss decreased (0.025901 --> 0.025488).  Saving model ...
Updating learning rate to 4.851750347165151e-05
Validation loss decreased (0.025488 --> 0.025376).  Saving model ...
Updating learning rate to 2.4258751735825756e-05
EarlyStopping counter: 1 out of 3
Updating learning rate to 1.2129375867912878e-05
EarlyStopping counter: 2 out of 3
Updating learning rate to 6.064687933956439e-06
EarlyStopping counter: 3 out of 3
>>>>>> Testing on validation set: trial_43 >>>>>>
test 261
test shape: (261, 1, 5) (261, 1, 5)
test shape: (261, 1, 5) (261, 1, 5)


	mse:0.05004652962088585, mae:0.07262155413627625, dtw:Not calculated


                                                                                      [I 2025-10-16 22:40:19,605] Trial 43 finished with value: 0.07262155413627625 and parameters: {'seq_len': 48, 'pred_len': 1, 'expand': 2, 'd_model': 32, 'n_heads': 8, 'e_layers': 2, 'd_layers': 2, 'batch_size': 16, 'learning_rate': 0.0007762800555464242, 'dropout': 0.1417104835602529}. Best is trial 33 with value: 0.07091018557548523.
Best trial: 33. Best value: 0.0709102:  86%|████████▌ | 43/50 [11:00<01:52, 16.10s/it]Best trial: 33. Best value: 0.0709102:  86%|████████▌ | 43/50 [11:00<01:52, 16.10s/it]Best trial: 33. Best value: 0.0709102:  88%|████████▊ | 44/50 [11:00<01:50, 18.46s/it]
============================================================
Trial 44
============================================================
seq_len: 48, pred_len: 1
d_model: 32, n_heads: 8
e_layers: 2, d_layers: 2
batch_size: 16, lr: 0.000580
dropout: 0.11847393342184798
============================================================

Please make sure you have successfully installed mamba_ssm
Use GPU: cuda:0
DEBUG Mamba Init - d_model: 32, d_state: 16, d_inner: 64, expand: 2
>>>>>> Start training: trial_44 >>>>>>
============================================================
DATASET SPLIT INFO (90/5/5):
============================================================
Total samples: 5193
Train: 4673 samples (90%) - rows 0 to 4672
Val: 259 samples (5%) - rows 4673 to 4931
Test: 261 samples (5%) - rows 4932 to 5192
Sequence length: 48, Prediction length: 1
============================================================
train 4625
val 259
test 261
Validation loss decreased (inf --> 0.028021).  Saving model ...
Updating learning rate to 0.0005804213434190357
Validation loss decreased (0.028021 --> 0.026994).  Saving model ...
Updating learning rate to 0.00029021067170951787
Validation loss decreased (0.026994 --> 0.026843).  Saving model ...
Updating learning rate to 0.00014510533585475894
Validation loss decreased (0.026843 --> 0.026351).  Saving model ...
Updating learning rate to 7.255266792737947e-05
Validation loss decreased (0.026351 --> 0.026287).  Saving model ...
Updating learning rate to 3.6276333963689734e-05
Validation loss decreased (0.026287 --> 0.025975).  Saving model ...
Updating learning rate to 1.8138166981844867e-05
EarlyStopping counter: 1 out of 3
Updating learning rate to 9.069083490922433e-06
EarlyStopping counter: 2 out of 3
Updating learning rate to 4.534541745461217e-06
EarlyStopping counter: 3 out of 3
>>>>>> Testing on validation set: trial_44 >>>>>>
test 261
test shape: (261, 1, 5) (261, 1, 5)
test shape: (261, 1, 5) (261, 1, 5)


	mse:0.050938673317432404, mae:0.07396052777767181, dtw:Not calculated


                                                                                      [I 2025-10-16 22:40:43,649] Trial 44 finished with value: 0.07396052777767181 and parameters: {'seq_len': 48, 'pred_len': 1, 'expand': 2, 'd_model': 32, 'n_heads': 8, 'e_layers': 2, 'd_layers': 2, 'batch_size': 16, 'learning_rate': 0.0005804213434190357, 'dropout': 0.11847393342184798}. Best is trial 33 with value: 0.07091018557548523.
Best trial: 33. Best value: 0.0709102:  88%|████████▊ | 44/50 [11:24<01:50, 18.46s/it]Best trial: 33. Best value: 0.0709102:  88%|████████▊ | 44/50 [11:24<01:50, 18.46s/it]Best trial: 33. Best value: 0.0709102:  90%|█████████ | 45/50 [11:24<01:40, 20.13s/it]
============================================================
Trial 45
============================================================
seq_len: 48, pred_len: 14
d_model: 32, n_heads: 8
e_layers: 2, d_layers: 2
batch_size: 16, lr: 0.000353
dropout: 0.1636511020415124
============================================================

Please make sure you have successfully installed mamba_ssm
Use GPU: cuda:0
DEBUG Mamba Init - d_model: 32, d_state: 16, d_inner: 64, expand: 2
>>>>>> Start training: trial_45 >>>>>>
============================================================
DATASET SPLIT INFO (90/5/5):
============================================================
Total samples: 5193
Train: 4673 samples (90%) - rows 0 to 4672
Val: 259 samples (5%) - rows 4673 to 4931
Test: 261 samples (5%) - rows 4932 to 5192
Sequence length: 48, Prediction length: 14
============================================================
train 4612
val 246
test 248
Validation loss decreased (inf --> 0.038893).  Saving model ...
Updating learning rate to 0.0003525206956995046
Validation loss decreased (0.038893 --> 0.038780).  Saving model ...
Updating learning rate to 0.0001762603478497523
EarlyStopping counter: 1 out of 3
Updating learning rate to 8.813017392487615e-05
EarlyStopping counter: 2 out of 3
Updating learning rate to 4.406508696243808e-05
EarlyStopping counter: 3 out of 3
>>>>>> Testing on validation set: trial_45 >>>>>>
test 248
test shape: (248, 14, 5) (248, 14, 5)
test shape: (248, 14, 5) (248, 14, 5)


	mse:0.0658121109008789, mae:0.10047382861375809, dtw:Not calculated


                                                                                      [I 2025-10-16 22:40:57,256] Trial 45 finished with value: 0.10047382861375809 and parameters: {'seq_len': 48, 'pred_len': 14, 'expand': 2, 'd_model': 32, 'n_heads': 8, 'e_layers': 2, 'd_layers': 2, 'batch_size': 16, 'learning_rate': 0.0003525206956995046, 'dropout': 0.1636511020415124}. Best is trial 33 with value: 0.07091018557548523.
Best trial: 33. Best value: 0.0709102:  90%|█████████ | 45/50 [11:38<01:40, 20.13s/it]Best trial: 33. Best value: 0.0709102:  90%|█████████ | 45/50 [11:38<01:40, 20.13s/it]Best trial: 33. Best value: 0.0709102:  92%|█████████▏| 46/50 [11:38<01:12, 18.18s/it]
============================================================
Trial 46
============================================================
seq_len: 48, pred_len: 1
d_model: 32, n_heads: 4
e_layers: 2, d_layers: 1
batch_size: 32, lr: 0.000525
dropout: 0.10435781145710857
============================================================

Please make sure you have successfully installed mamba_ssm
Use GPU: cuda:0
DEBUG Mamba Init - d_model: 32, d_state: 16, d_inner: 64, expand: 2
>>>>>> Start training: trial_46 >>>>>>
============================================================
DATASET SPLIT INFO (90/5/5):
============================================================
Total samples: 5193
Train: 4673 samples (90%) - rows 0 to 4672
Val: 259 samples (5%) - rows 4673 to 4931
Test: 261 samples (5%) - rows 4932 to 5192
Sequence length: 48, Prediction length: 1
============================================================
train 4625
val 259
test 261
Validation loss decreased (inf --> 0.038555).  Saving model ...
Updating learning rate to 0.0005248994525620105
Validation loss decreased (0.038555 --> 0.025517).  Saving model ...
Updating learning rate to 0.0002624497262810053
Validation loss decreased (0.025517 --> 0.024998).  Saving model ...
Updating learning rate to 0.00013122486314050264
Validation loss decreased (0.024998 --> 0.023975).  Saving model ...
Updating learning rate to 6.561243157025132e-05
EarlyStopping counter: 1 out of 3
Updating learning rate to 3.280621578512566e-05
EarlyStopping counter: 2 out of 3
Updating learning rate to 1.640310789256283e-05
EarlyStopping counter: 3 out of 3
>>>>>> Testing on validation set: trial_46 >>>>>>
test 261
test shape: (261, 1, 5) (261, 1, 5)
test shape: (261, 1, 5) (261, 1, 5)


	mse:0.04967384785413742, mae:0.07438312470912933, dtw:Not calculated


                                                                                      [I 2025-10-16 22:41:07,021] Trial 46 finished with value: 0.07438312470912933 and parameters: {'seq_len': 48, 'pred_len': 1, 'expand': 2, 'd_model': 32, 'n_heads': 4, 'e_layers': 2, 'd_layers': 1, 'batch_size': 32, 'learning_rate': 0.0005248994525620105, 'dropout': 0.10435781145710857}. Best is trial 33 with value: 0.07091018557548523.
Best trial: 33. Best value: 0.0709102:  92%|█████████▏| 46/50 [11:48<01:12, 18.18s/it]Best trial: 33. Best value: 0.0709102:  92%|█████████▏| 46/50 [11:48<01:12, 18.18s/it]Best trial: 33. Best value: 0.0709102:  94%|█████████▍| 47/50 [11:48<00:46, 15.65s/it]
============================================================
Trial 47
============================================================
seq_len: 48, pred_len: 1
d_model: 32, n_heads: 8
e_layers: 2, d_layers: 2
batch_size: 16, lr: 0.000057
dropout: 0.19499130904498663
============================================================

Please make sure you have successfully installed mamba_ssm
Use GPU: cuda:0
DEBUG Mamba Init - d_model: 32, d_state: 16, d_inner: 64, expand: 2
>>>>>> Start training: trial_47 >>>>>>
============================================================
DATASET SPLIT INFO (90/5/5):
============================================================
Total samples: 5193
Train: 4673 samples (90%) - rows 0 to 4672
Val: 259 samples (5%) - rows 4673 to 4931
Test: 261 samples (5%) - rows 4932 to 5192
Sequence length: 48, Prediction length: 1
============================================================
train 4625
val 259
test 261
Validation loss decreased (inf --> 0.035453).  Saving model ...
Updating learning rate to 5.7084045490867364e-05
Validation loss decreased (0.035453 --> 0.032701).  Saving model ...
Updating learning rate to 2.8542022745433682e-05
EarlyStopping counter: 1 out of 3
Updating learning rate to 1.4271011372716841e-05
Validation loss decreased (0.032701 --> 0.032034).  Saving model ...
Updating learning rate to 7.1355056863584205e-06
EarlyStopping counter: 1 out of 3
Updating learning rate to 3.5677528431792103e-06
EarlyStopping counter: 2 out of 3
Updating learning rate to 1.7838764215896051e-06
EarlyStopping counter: 3 out of 3
>>>>>> Testing on validation set: trial_47 >>>>>>
test 261
test shape: (261, 1, 5) (261, 1, 5)
test shape: (261, 1, 5) (261, 1, 5)


	mse:0.059762097895145416, mae:0.09353701770305634, dtw:Not calculated


                                                                                      [I 2025-10-16 22:41:25,903] Trial 47 finished with value: 0.09353701770305634 and parameters: {'seq_len': 48, 'pred_len': 1, 'expand': 2, 'd_model': 32, 'n_heads': 8, 'e_layers': 2, 'd_layers': 2, 'batch_size': 16, 'learning_rate': 5.7084045490867364e-05, 'dropout': 0.19499130904498663}. Best is trial 33 with value: 0.07091018557548523.
Best trial: 33. Best value: 0.0709102:  94%|█████████▍| 47/50 [12:06<00:46, 15.65s/it]Best trial: 33. Best value: 0.0709102:  94%|█████████▍| 47/50 [12:06<00:46, 15.65s/it]Best trial: 33. Best value: 0.0709102:  96%|█████████▌| 48/50 [12:06<00:33, 16.62s/it]
============================================================
Trial 48
============================================================
seq_len: 96, pred_len: 1
d_model: 32, n_heads: 8
e_layers: 2, d_layers: 2
batch_size: 64, lr: 0.000818
dropout: 0.1383180854059884
============================================================

Please make sure you have successfully installed mamba_ssm
Use GPU: cuda:0
DEBUG Mamba Init - d_model: 32, d_state: 16, d_inner: 64, expand: 2
>>>>>> Start training: trial_48 >>>>>>
============================================================
DATASET SPLIT INFO (90/5/5):
============================================================
Total samples: 5193
Train: 4673 samples (90%) - rows 0 to 4672
Val: 259 samples (5%) - rows 4673 to 4931
Test: 261 samples (5%) - rows 4932 to 5192
Sequence length: 96, Prediction length: 1
============================================================
train 4577
val 259
test 261
Validation loss decreased (inf --> 0.031342).  Saving model ...
Updating learning rate to 0.00081831771137039
EarlyStopping counter: 1 out of 3
Updating learning rate to 0.000409158855685195
Validation loss decreased (0.031342 --> 0.025286).  Saving model ...
Updating learning rate to 0.0002045794278425975
EarlyStopping counter: 1 out of 3
Updating learning rate to 0.00010228971392129876
Validation loss decreased (0.025286 --> 0.024909).  Saving model ...
Updating learning rate to 5.114485696064938e-05
Validation loss decreased (0.024909 --> 0.023514).  Saving model ...
Updating learning rate to 2.557242848032469e-05
EarlyStopping counter: 1 out of 3
Updating learning rate to 1.2786214240162345e-05
EarlyStopping counter: 2 out of 3
Updating learning rate to 6.393107120081172e-06
EarlyStopping counter: 3 out of 3
>>>>>> Testing on validation set: trial_48 >>>>>>
test 261
test shape: (261, 1, 5) (261, 1, 5)
test shape: (261, 1, 5) (261, 1, 5)


	mse:0.0506824254989624, mae:0.075344979763031, dtw:Not calculated


                                                                                      [I 2025-10-16 22:41:32,793] Trial 48 finished with value: 0.075344979763031 and parameters: {'seq_len': 96, 'pred_len': 1, 'expand': 2, 'd_model': 32, 'n_heads': 8, 'e_layers': 2, 'd_layers': 2, 'batch_size': 64, 'learning_rate': 0.00081831771137039, 'dropout': 0.1383180854059884}. Best is trial 33 with value: 0.07091018557548523.
Best trial: 33. Best value: 0.0709102:  96%|█████████▌| 48/50 [12:13<00:33, 16.62s/it]Best trial: 33. Best value: 0.0709102:  96%|█████████▌| 48/50 [12:13<00:33, 16.62s/it]Best trial: 33. Best value: 0.0709102:  98%|█████████▊| 49/50 [12:13<00:13, 13.70s/it]
============================================================
Trial 49
============================================================
seq_len: 48, pred_len: 7
d_model: 64, n_heads: 8
e_layers: 2, d_layers: 2
batch_size: 16, lr: 0.000986
dropout: 0.0496832636700402
============================================================

Please make sure you have successfully installed mamba_ssm
Use GPU: cuda:0
DEBUG Mamba Init - d_model: 64, d_state: 16, d_inner: 128, expand: 2
>>>>>> Start training: trial_49 >>>>>>
============================================================
DATASET SPLIT INFO (90/5/5):
============================================================
Total samples: 5193
Train: 4673 samples (90%) - rows 0 to 4672
Val: 259 samples (5%) - rows 4673 to 4931
Test: 261 samples (5%) - rows 4932 to 5192
Sequence length: 48, Prediction length: 7
============================================================
train 4619
val 253
test 255
Validation loss decreased (inf --> 0.037347).  Saving model ...
Updating learning rate to 0.0009864608585737524
EarlyStopping counter: 1 out of 3
Updating learning rate to 0.0004932304292868762
EarlyStopping counter: 2 out of 3
Updating learning rate to 0.0002466152146434381
EarlyStopping counter: 3 out of 3
>>>>>> Testing on validation set: trial_49 >>>>>>
test 255
test shape: (255, 7, 5) (255, 7, 5)
test shape: (255, 7, 5) (255, 7, 5)


	mse:0.0691400095820427, mae:0.09916749596595764, dtw:Not calculated


                                                                                      [I 2025-10-16 22:41:43,844] Trial 49 finished with value: 0.09916749596595764 and parameters: {'seq_len': 48, 'pred_len': 7, 'expand': 2, 'd_model': 64, 'n_heads': 8, 'e_layers': 2, 'd_layers': 2, 'batch_size': 16, 'learning_rate': 0.0009864608585737524, 'dropout': 0.0496832636700402}. Best is trial 33 with value: 0.07091018557548523.
Best trial: 33. Best value: 0.0709102:  98%|█████████▊| 49/50 [12:24<00:13, 13.70s/it]Best trial: 33. Best value: 0.0709102:  98%|█████████▊| 49/50 [12:24<00:13, 13.70s/it]Best trial: 33. Best value: 0.0709102: 100%|██████████| 50/50 [12:24<00:00, 12.92s/it]Best trial: 33. Best value: 0.0709102: 100%|██████████| 50/50 [12:24<00:00, 14.90s/it]

======================================================================
Optimization Complete!
======================================================================
Number of finished trials: 50

Best trial:
  Value (MSE): 0.070910

Best hyperparameters:
  seq_len: 48
  pred_len: 1
  expand: 2
  d_model: 32
  n_heads: 8
  e_layers: 2
  d_layers: 2
  batch_size: 16
  learning_rate: 0.0009713675310765985
  dropout: 0.17092911108026365
======================================================================

✅ Best parameters saved to: ./optuna_results/Mamba_Exchange_1_best_params.json
✅ Visualizations saved to ./optuna_results/

======================================================================
✅ Hyperparameter tuning complete!
✅ Best parameters saved to: ./optuna_results/Mamba_Exchange_1_best_params.json
======================================================================

Next steps:
  1. Review visualizations in optuna_results/ folder
  2. Train final model:
     python train_best_model.py --model Mamba --train_epochs 100
======================================================================
[I 2025-10-16 22:42:03,511] A new study created in RDB with name: Mamba_Exchange_7

======================================================================
Starting Optuna Hyperparameter Optimization
======================================================================
Model: Mamba
Dataset: custom
Number of trials: 50
Study name: Mamba_Exchange_7
Storage: sqlite:///optuna_study.db
======================================================================

  0%|          | 0/50 [00:00<?, ?it/s]
============================================================
Trial 0
============================================================
seq_len: 48, pred_len: 14
d_model: 32, n_heads: 8
e_layers: 1, d_layers: 2
batch_size: 16, lr: 0.000198
dropout: 0.09790455285690103
============================================================

Please make sure you have successfully installed mamba_ssm
Use GPU: cuda:0
DEBUG Mamba Init - d_model: 32, d_state: 16, d_inner: 64, expand: 2
>>>>>> Start training: trial_0 >>>>>>
============================================================
DATASET SPLIT INFO (90/5/5):
============================================================
Total samples: 5193
Train: 4673 samples (90%) - rows 0 to 4672
Val: 259 samples (5%) - rows 4673 to 4931
Test: 261 samples (5%) - rows 4932 to 5192
Sequence length: 48, Prediction length: 14
============================================================
train 4612
val 246
test 248
Validation loss decreased (inf --> 0.039471).  Saving model ...
Updating learning rate to 0.00019767573714183948
Validation loss decreased (0.039471 --> 0.039188).  Saving model ...
Updating learning rate to 9.883786857091974e-05
EarlyStopping counter: 1 out of 3
Updating learning rate to 4.941893428545987e-05
EarlyStopping counter: 2 out of 3
Updating learning rate to 2.4709467142729935e-05
EarlyStopping counter: 3 out of 3
>>>>>> Testing on validation set: trial_0 >>>>>>
test 248
test shape: (248, 14, 5) (248, 14, 5)
test shape: (248, 14, 5) (248, 14, 5)


	mse:0.06552986055612564, mae:0.10063133388757706, dtw:Not calculated


