                                                                                      [I 2025-10-16 22:47:12,193] Trial 27 finished with value: 0.0988629087805748 and parameters: {'seq_len': 96, 'pred_len': 7, 'expand': 2, 'd_model': 64, 'n_heads': 4, 'e_layers': 1, 'd_layers': 2, 'batch_size': 32, 'learning_rate': 0.00040615917721224175, 'dropout': 0.18589408808335747}. Best is trial 14 with value: 0.07370081543922424.
Best trial: 14. Best value: 0.0737008:  54%|█████▍    | 27/50 [05:08<03:23,  8.87s/it]Best trial: 14. Best value: 0.0737008:  54%|█████▍    | 27/50 [05:08<03:23,  8.87s/it]Best trial: 14. Best value: 0.0737008:  56%|█████▌    | 28/50 [05:08<03:05,  8.42s/it]
============================================================
Trial 28
============================================================
seq_len: 96, pred_len: 30
d_model: 64, n_heads: 4
e_layers: 1, d_layers: 2
batch_size: 64, lr: 0.000228
dropout: 0.22080968613133123
============================================================

Please make sure you have successfully installed mamba_ssm
Use GPU: cuda:0
DEBUG Mamba Init - d_model: 64, d_state: 16, d_inner: 128, expand: 2
>>>>>> Start training: trial_28 >>>>>>
============================================================
DATASET SPLIT INFO (90/5/5):
============================================================
Total samples: 5193
Train: 4673 samples (90%) - rows 0 to 4672
Val: 259 samples (5%) - rows 4673 to 4931
Test: 261 samples (5%) - rows 4932 to 5192
Sequence length: 96, Prediction length: 30
============================================================
train 4548
val 230
test 232
Validation loss decreased (inf --> 0.036454).  Saving model ...
Updating learning rate to 0.00022781914106655813
Validation loss decreased (0.036454 --> 0.035396).  Saving model ...
Updating learning rate to 0.00011390957053327906
EarlyStopping counter: 1 out of 3
Updating learning rate to 5.695478526663953e-05
EarlyStopping counter: 2 out of 3
Updating learning rate to 2.8477392633319766e-05
EarlyStopping counter: 3 out of 3
>>>>>> Testing on validation set: trial_28 >>>>>>
test 232
test shape: (232, 30, 5) (232, 30, 5)
test shape: (232, 30, 5) (232, 30, 5)


	mse:0.07101879268884659, mae:0.11193715780973434, dtw:Not calculated


                                                                                      [I 2025-10-16 22:47:16,259] Trial 28 finished with value: 0.11193715780973434 and parameters: {'seq_len': 96, 'pred_len': 30, 'expand': 2, 'd_model': 64, 'n_heads': 4, 'e_layers': 1, 'd_layers': 2, 'batch_size': 64, 'learning_rate': 0.00022781914106655813, 'dropout': 0.22080968613133123}. Best is trial 14 with value: 0.07370081543922424.
Best trial: 14. Best value: 0.0737008:  56%|█████▌    | 28/50 [05:12<03:05,  8.42s/it]Best trial: 14. Best value: 0.0737008:  56%|█████▌    | 28/50 [05:12<03:05,  8.42s/it]Best trial: 14. Best value: 0.0737008:  58%|█████▊    | 29/50 [05:12<02:29,  7.11s/it]
============================================================
Trial 29
============================================================
seq_len: 48, pred_len: 14
d_model: 32, n_heads: 8
e_layers: 1, d_layers: 2
batch_size: 16, lr: 0.000140
dropout: 0.061105657769497834
============================================================

Please make sure you have successfully installed mamba_ssm
Use GPU: cuda:0
DEBUG Mamba Init - d_model: 32, d_state: 16, d_inner: 64, expand: 2
>>>>>> Start training: trial_29 >>>>>>
============================================================
DATASET SPLIT INFO (90/5/5):
============================================================
Total samples: 5193
Train: 4673 samples (90%) - rows 0 to 4672
Val: 259 samples (5%) - rows 4673 to 4931
Test: 261 samples (5%) - rows 4932 to 5192
Sequence length: 48, Prediction length: 14
============================================================
train 4612
val 246
test 248
Validation loss decreased (inf --> 0.038395).  Saving model ...
Updating learning rate to 0.00013975999699960133
EarlyStopping counter: 1 out of 3
Updating learning rate to 6.987999849980066e-05
EarlyStopping counter: 2 out of 3
Updating learning rate to 3.493999924990033e-05
EarlyStopping counter: 3 out of 3
>>>>>> Testing on validation set: trial_29 >>>>>>
test 248
test shape: (248, 14, 5) (248, 14, 5)
test shape: (248, 14, 5) (248, 14, 5)


	mse:0.06452494859695435, mae:0.09872695803642273, dtw:Not calculated


                                                                                      [I 2025-10-16 22:47:27,271] Trial 29 finished with value: 0.09872695803642273 and parameters: {'seq_len': 48, 'pred_len': 14, 'expand': 2, 'd_model': 32, 'n_heads': 8, 'e_layers': 1, 'd_layers': 2, 'batch_size': 16, 'learning_rate': 0.00013975999699960133, 'dropout': 0.061105657769497834}. Best is trial 14 with value: 0.07370081543922424.
Best trial: 14. Best value: 0.0737008:  58%|█████▊    | 29/50 [05:23<02:29,  7.11s/it]Best trial: 14. Best value: 0.0737008:  58%|█████▊    | 29/50 [05:23<02:29,  7.11s/it]Best trial: 14. Best value: 0.0737008:  60%|██████    | 30/50 [05:23<02:45,  8.28s/it]
============================================================
Trial 30
============================================================
seq_len: 96, pred_len: 1
d_model: 64, n_heads: 4
e_layers: 1, d_layers: 2
batch_size: 16, lr: 0.000998
dropout: 0.2696695712685458
============================================================

Please make sure you have successfully installed mamba_ssm
Use GPU: cuda:0
DEBUG Mamba Init - d_model: 64, d_state: 16, d_inner: 128, expand: 2
>>>>>> Start training: trial_30 >>>>>>
============================================================
DATASET SPLIT INFO (90/5/5):
============================================================
Total samples: 5193
Train: 4673 samples (90%) - rows 0 to 4672
Val: 259 samples (5%) - rows 4673 to 4931
Test: 261 samples (5%) - rows 4932 to 5192
Sequence length: 96, Prediction length: 1
============================================================
train 4577
val 259
test 261
Validation loss decreased (inf --> 0.026292).  Saving model ...
Updating learning rate to 0.0009983794722954467
Validation loss decreased (0.026292 --> 0.025963).  Saving model ...
Updating learning rate to 0.0004991897361477233
Validation loss decreased (0.025963 --> 0.024738).  Saving model ...
Updating learning rate to 0.00024959486807386166
EarlyStopping counter: 1 out of 3
Updating learning rate to 0.00012479743403693083
EarlyStopping counter: 2 out of 3
Updating learning rate to 6.239871701846542e-05
EarlyStopping counter: 3 out of 3
>>>>>> Testing on validation set: trial_30 >>>>>>
test 261
test shape: (261, 1, 5) (261, 1, 5)
test shape: (261, 1, 5) (261, 1, 5)


	mse:0.04947061464190483, mae:0.07333198934793472, dtw:Not calculated


                                                                                      [I 2025-10-16 22:47:43,862] Trial 30 finished with value: 0.07333198934793472 and parameters: {'seq_len': 96, 'pred_len': 1, 'expand': 2, 'd_model': 64, 'n_heads': 4, 'e_layers': 1, 'd_layers': 2, 'batch_size': 16, 'learning_rate': 0.0009983794722954467, 'dropout': 0.2696695712685458}. Best is trial 30 with value: 0.07333198934793472.
Best trial: 14. Best value: 0.0737008:  60%|██████    | 30/50 [05:40<02:45,  8.28s/it]Best trial: 30. Best value: 0.073332:  60%|██████    | 30/50 [05:40<02:45,  8.28s/it] Best trial: 30. Best value: 0.073332:  62%|██████▏   | 31/50 [05:40<03:24, 10.78s/it]
============================================================
Trial 31
============================================================
seq_len: 96, pred_len: 1
d_model: 64, n_heads: 4
e_layers: 1, d_layers: 2
batch_size: 16, lr: 0.000990
dropout: 0.2673251311588922
============================================================

Please make sure you have successfully installed mamba_ssm
Use GPU: cuda:0
DEBUG Mamba Init - d_model: 64, d_state: 16, d_inner: 128, expand: 2
>>>>>> Start training: trial_31 >>>>>>
============================================================
DATASET SPLIT INFO (90/5/5):
============================================================
Total samples: 5193
Train: 4673 samples (90%) - rows 0 to 4672
Val: 259 samples (5%) - rows 4673 to 4931
Test: 261 samples (5%) - rows 4932 to 5192
Sequence length: 96, Prediction length: 1
============================================================
train 4577
val 259
test 261
Validation loss decreased (inf --> 0.026420).  Saving model ...
Updating learning rate to 0.0009895201184226528
Validation loss decreased (0.026420 --> 0.026290).  Saving model ...
Updating learning rate to 0.0004947600592113264
Validation loss decreased (0.026290 --> 0.025544).  Saving model ...
Updating learning rate to 0.0002473800296056632
Validation loss decreased (0.025544 --> 0.024841).  Saving model ...
Updating learning rate to 0.0001236900148028316
EarlyStopping counter: 1 out of 3
Updating learning rate to 6.18450074014158e-05
EarlyStopping counter: 2 out of 3
Updating learning rate to 3.09225037007079e-05
EarlyStopping counter: 3 out of 3
>>>>>> Testing on validation set: trial_31 >>>>>>
test 261
test shape: (261, 1, 5) (261, 1, 5)
test shape: (261, 1, 5) (261, 1, 5)


	mse:0.0501389317214489, mae:0.07418499141931534, dtw:Not calculated


                                                                                     [I 2025-10-16 22:48:03,225] Trial 31 finished with value: 0.07418499141931534 and parameters: {'seq_len': 96, 'pred_len': 1, 'expand': 2, 'd_model': 64, 'n_heads': 4, 'e_layers': 1, 'd_layers': 2, 'batch_size': 16, 'learning_rate': 0.0009895201184226528, 'dropout': 0.2673251311588922}. Best is trial 30 with value: 0.07333198934793472.
Best trial: 30. Best value: 0.073332:  62%|██████▏   | 31/50 [05:59<03:24, 10.78s/it]Best trial: 30. Best value: 0.073332:  62%|██████▏   | 31/50 [05:59<03:24, 10.78s/it]Best trial: 30. Best value: 0.073332:  64%|██████▍   | 32/50 [05:59<04:00, 13.36s/it]
============================================================
Trial 32
============================================================
seq_len: 96, pred_len: 1
d_model: 64, n_heads: 4
e_layers: 1, d_layers: 2
batch_size: 16, lr: 0.000603
dropout: 0.23621157940192875
============================================================

Please make sure you have successfully installed mamba_ssm
Use GPU: cuda:0
DEBUG Mamba Init - d_model: 64, d_state: 16, d_inner: 128, expand: 2
>>>>>> Start training: trial_32 >>>>>>
============================================================
DATASET SPLIT INFO (90/5/5):
============================================================
Total samples: 5193
Train: 4673 samples (90%) - rows 0 to 4672
Val: 259 samples (5%) - rows 4673 to 4931
Test: 261 samples (5%) - rows 4932 to 5192
Sequence length: 96, Prediction length: 1
============================================================
train 4577
val 259
test 261
Validation loss decreased (inf --> 0.027583).  Saving model ...
Updating learning rate to 0.0006027150495907645
Validation loss decreased (0.027583 --> 0.026306).  Saving model ...
Updating learning rate to 0.00030135752479538226
Validation loss decreased (0.026306 --> 0.025809).  Saving model ...
Updating learning rate to 0.00015067876239769113
Validation loss decreased (0.025809 --> 0.025308).  Saving model ...
Updating learning rate to 7.533938119884557e-05
EarlyStopping counter: 1 out of 3
Updating learning rate to 3.766969059942278e-05
EarlyStopping counter: 2 out of 3
Updating learning rate to 1.883484529971139e-05
EarlyStopping counter: 3 out of 3
>>>>>> Testing on validation set: trial_32 >>>>>>
test 261
test shape: (261, 1, 5) (261, 1, 5)
test shape: (261, 1, 5) (261, 1, 5)


	mse:0.05079898238182068, mae:0.0738949105143547, dtw:Not calculated


                                                                                     [I 2025-10-16 22:48:22,539] Trial 32 finished with value: 0.0738949105143547 and parameters: {'seq_len': 96, 'pred_len': 1, 'expand': 2, 'd_model': 64, 'n_heads': 4, 'e_layers': 1, 'd_layers': 2, 'batch_size': 16, 'learning_rate': 0.0006027150495907645, 'dropout': 0.23621157940192875}. Best is trial 30 with value: 0.07333198934793472.
Best trial: 30. Best value: 0.073332:  64%|██████▍   | 32/50 [06:19<04:00, 13.36s/it]Best trial: 30. Best value: 0.073332:  64%|██████▍   | 32/50 [06:19<04:00, 13.36s/it]Best trial: 30. Best value: 0.073332:  66%|██████▌   | 33/50 [06:19<04:17, 15.14s/it]
============================================================
Trial 33
============================================================
seq_len: 96, pred_len: 1
d_model: 64, n_heads: 4
e_layers: 1, d_layers: 2
batch_size: 16, lr: 0.000549
dropout: 0.23882155235391714
============================================================

Please make sure you have successfully installed mamba_ssm
Use GPU: cuda:0
DEBUG Mamba Init - d_model: 64, d_state: 16, d_inner: 128, expand: 2
>>>>>> Start training: trial_33 >>>>>>
============================================================
DATASET SPLIT INFO (90/5/5):
============================================================
Total samples: 5193
Train: 4673 samples (90%) - rows 0 to 4672
Val: 259 samples (5%) - rows 4673 to 4931
Test: 261 samples (5%) - rows 4932 to 5192
Sequence length: 96, Prediction length: 1
============================================================
train 4577
val 259
test 261
Validation loss decreased (inf --> 0.026316).  Saving model ...
Updating learning rate to 0.0005492764693843701
EarlyStopping counter: 1 out of 3
Updating learning rate to 0.0002746382346921851
Validation loss decreased (0.026316 --> 0.026040).  Saving model ...
Updating learning rate to 0.00013731911734609254
Validation loss decreased (0.026040 --> 0.025648).  Saving model ...
Updating learning rate to 6.865955867304627e-05
Validation loss decreased (0.025648 --> 0.025598).  Saving model ...
Updating learning rate to 3.4329779336523134e-05
EarlyStopping counter: 1 out of 3
Updating learning rate to 1.7164889668261567e-05
EarlyStopping counter: 2 out of 3
Updating learning rate to 8.582444834130784e-06
Validation loss decreased (0.025598 --> 0.025324).  Saving model ...
Updating learning rate to 4.291222417065392e-06
EarlyStopping counter: 1 out of 3
Updating learning rate to 2.145611208532696e-06
EarlyStopping counter: 2 out of 3
Updating learning rate to 1.072805604266348e-06
>>>>>> Testing on validation set: trial_33 >>>>>>
test 261
test shape: (261, 1, 5) (261, 1, 5)
test shape: (261, 1, 5) (261, 1, 5)


	mse:0.050527315586805344, mae:0.0752883031964302, dtw:Not calculated


                                                                                     [I 2025-10-16 22:48:49,977] Trial 33 finished with value: 0.0752883031964302 and parameters: {'seq_len': 96, 'pred_len': 1, 'expand': 2, 'd_model': 64, 'n_heads': 4, 'e_layers': 1, 'd_layers': 2, 'batch_size': 16, 'learning_rate': 0.0005492764693843701, 'dropout': 0.23882155235391714}. Best is trial 30 with value: 0.07333198934793472.
Best trial: 30. Best value: 0.073332:  66%|██████▌   | 33/50 [06:46<04:17, 15.14s/it]Best trial: 30. Best value: 0.073332:  66%|██████▌   | 33/50 [06:46<04:17, 15.14s/it]Best trial: 30. Best value: 0.073332:  68%|██████▊   | 34/50 [06:46<05:01, 18.83s/it]
============================================================
Trial 34
============================================================
seq_len: 48, pred_len: 1
d_model: 32, n_heads: 4
e_layers: 1, d_layers: 2
batch_size: 16, lr: 0.000761
dropout: 0.242718138206682
============================================================

Please make sure you have successfully installed mamba_ssm
Use GPU: cuda:0
DEBUG Mamba Init - d_model: 32, d_state: 16, d_inner: 64, expand: 2
>>>>>> Start training: trial_34 >>>>>>
============================================================
DATASET SPLIT INFO (90/5/5):
============================================================
Total samples: 5193
Train: 4673 samples (90%) - rows 0 to 4672
Val: 259 samples (5%) - rows 4673 to 4931
Test: 261 samples (5%) - rows 4932 to 5192
Sequence length: 48, Prediction length: 1
============================================================
train 4625
val 259
test 261
Validation loss decreased (inf --> 0.030948).  Saving model ...
Updating learning rate to 0.0007612852039587333
Validation loss decreased (0.030948 --> 0.026865).  Saving model ...
Updating learning rate to 0.00038064260197936663
EarlyStopping counter: 1 out of 3
Updating learning rate to 0.00019032130098968331
Validation loss decreased (0.026865 --> 0.025155).  Saving model ...
Updating learning rate to 9.516065049484166e-05
EarlyStopping counter: 1 out of 3
Updating learning rate to 4.758032524742083e-05
EarlyStopping counter: 2 out of 3
Updating learning rate to 2.3790162623710414e-05
EarlyStopping counter: 3 out of 3
>>>>>> Testing on validation set: trial_34 >>>>>>
test 261
test shape: (261, 1, 5) (261, 1, 5)
test shape: (261, 1, 5) (261, 1, 5)


	mse:0.05004057288169861, mae:0.07405493408441544, dtw:Not calculated


                                                                                     [I 2025-10-16 22:49:09,083] Trial 34 finished with value: 0.07405493408441544 and parameters: {'seq_len': 48, 'pred_len': 1, 'expand': 2, 'd_model': 32, 'n_heads': 4, 'e_layers': 1, 'd_layers': 2, 'batch_size': 16, 'learning_rate': 0.0007612852039587333, 'dropout': 0.242718138206682}. Best is trial 30 with value: 0.07333198934793472.
Best trial: 30. Best value: 0.073332:  68%|██████▊   | 34/50 [07:05<05:01, 18.83s/it]Best trial: 30. Best value: 0.073332:  68%|██████▊   | 34/50 [07:05<05:01, 18.83s/it]Best trial: 30. Best value: 0.073332:  70%|███████   | 35/50 [07:05<04:43, 18.91s/it]
============================================================
Trial 35
============================================================
seq_len: 48, pred_len: 1
d_model: 32, n_heads: 4
e_layers: 1, d_layers: 2
batch_size: 16, lr: 0.000767
dropout: 0.2775959792709205
============================================================

Please make sure you have successfully installed mamba_ssm
Use GPU: cuda:0
DEBUG Mamba Init - d_model: 32, d_state: 16, d_inner: 64, expand: 2
>>>>>> Start training: trial_35 >>>>>>
============================================================
DATASET SPLIT INFO (90/5/5):
============================================================
Total samples: 5193
Train: 4673 samples (90%) - rows 0 to 4672
Val: 259 samples (5%) - rows 4673 to 4931
Test: 261 samples (5%) - rows 4932 to 5192
Sequence length: 48, Prediction length: 1
============================================================
train 4625
val 259
test 261
Validation loss decreased (inf --> 0.028528).  Saving model ...
Updating learning rate to 0.0007673543774290591
Validation loss decreased (0.028528 --> 0.026885).  Saving model ...
Updating learning rate to 0.00038367718871452954
EarlyStopping counter: 1 out of 3
Updating learning rate to 0.00019183859435726477
Validation loss decreased (0.026885 --> 0.026593).  Saving model ...
Updating learning rate to 9.591929717863238e-05
EarlyStopping counter: 1 out of 3
Updating learning rate to 4.795964858931619e-05
EarlyStopping counter: 2 out of 3
Updating learning rate to 2.3979824294658096e-05
EarlyStopping counter: 3 out of 3
>>>>>> Testing on validation set: trial_35 >>>>>>
test 261
test shape: (261, 1, 5) (261, 1, 5)
test shape: (261, 1, 5) (261, 1, 5)


	mse:0.05099620670080185, mae:0.07613475620746613, dtw:Not calculated


                                                                                     [I 2025-10-16 22:49:28,009] Trial 35 finished with value: 0.07613475620746613 and parameters: {'seq_len': 48, 'pred_len': 1, 'expand': 2, 'd_model': 32, 'n_heads': 4, 'e_layers': 1, 'd_layers': 2, 'batch_size': 16, 'learning_rate': 0.0007673543774290591, 'dropout': 0.2775959792709205}. Best is trial 30 with value: 0.07333198934793472.
Best trial: 30. Best value: 0.073332:  70%|███████   | 35/50 [07:24<04:43, 18.91s/it]Best trial: 30. Best value: 0.073332:  70%|███████   | 35/50 [07:24<04:43, 18.91s/it]Best trial: 30. Best value: 0.073332:  72%|███████▏  | 36/50 [07:24<04:24, 18.92s/it]
============================================================
Trial 36
============================================================
seq_len: 48, pred_len: 1
d_model: 32, n_heads: 4
e_layers: 1, d_layers: 2
batch_size: 16, lr: 0.000759
dropout: 0.24521654244529137
============================================================

Please make sure you have successfully installed mamba_ssm
Use GPU: cuda:0
DEBUG Mamba Init - d_model: 32, d_state: 16, d_inner: 64, expand: 2
>>>>>> Start training: trial_36 >>>>>>
============================================================
DATASET SPLIT INFO (90/5/5):
============================================================
Total samples: 5193
Train: 4673 samples (90%) - rows 0 to 4672
Val: 259 samples (5%) - rows 4673 to 4931
Test: 261 samples (5%) - rows 4932 to 5192
Sequence length: 48, Prediction length: 1
============================================================
train 4625
val 259
test 261
Validation loss decreased (inf --> 0.027429).  Saving model ...
Updating learning rate to 0.0007592175628482102
Validation loss decreased (0.027429 --> 0.025706).  Saving model ...
Updating learning rate to 0.0003796087814241051
Validation loss decreased (0.025706 --> 0.025041).  Saving model ...
Updating learning rate to 0.00018980439071205254
EarlyStopping counter: 1 out of 3
Updating learning rate to 9.490219535602627e-05
EarlyStopping counter: 2 out of 3
Updating learning rate to 4.7451097678013136e-05
EarlyStopping counter: 3 out of 3
>>>>>> Testing on validation set: trial_36 >>>>>>
test 261
test shape: (261, 1, 5) (261, 1, 5)
test shape: (261, 1, 5) (261, 1, 5)


	mse:0.04961813986301422, mae:0.0756065770983696, dtw:Not calculated


