                                      [I 2025-10-16 22:42:19,703] Trial 0 finished with value: 0.10063133388757706 and parameters: {'seq_len': 48, 'pred_len': 14, 'expand': 2, 'd_model': 32, 'n_heads': 8, 'e_layers': 1, 'd_layers': 2, 'batch_size': 16, 'learning_rate': 0.00019767573714183948, 'dropout': 0.09790455285690103}. Best is trial 0 with value: 0.10063133388757706.
  0%|          | 0/50 [00:16<?, ?it/s]Best trial: 0. Best value: 0.100631:   0%|          | 0/50 [00:16<?, ?it/s]Best trial: 0. Best value: 0.100631:   2%|▏         | 1/50 [00:16<13:13, 16.20s/it]
============================================================
Trial 1
============================================================
seq_len: 48, pred_len: 1
d_model: 32, n_heads: 4
e_layers: 1, d_layers: 2
batch_size: 64, lr: 0.000030
dropout: 0.22782613171080454
============================================================

Please make sure you have successfully installed mamba_ssm
Use GPU: cuda:0
DEBUG Mamba Init - d_model: 32, d_state: 16, d_inner: 64, expand: 2
>>>>>> Start training: trial_1 >>>>>>
============================================================
DATASET SPLIT INFO (90/5/5):
============================================================
Total samples: 5193
Train: 4673 samples (90%) - rows 0 to 4672
Val: 259 samples (5%) - rows 4673 to 4931
Test: 261 samples (5%) - rows 4932 to 5192
Sequence length: 48, Prediction length: 1
============================================================
train 4625
val 259
test 261
Validation loss decreased (inf --> 0.036998).  Saving model ...
Updating learning rate to 3.0363606988263756e-05
EarlyStopping counter: 1 out of 3
Updating learning rate to 1.5181803494131878e-05
EarlyStopping counter: 2 out of 3
Updating learning rate to 7.590901747065939e-06
Validation loss decreased (0.036998 --> 0.032203).  Saving model ...
Updating learning rate to 3.7954508735329695e-06
Validation loss decreased (0.032203 --> 0.028735).  Saving model ...
Updating learning rate to 1.8977254367664848e-06
EarlyStopping counter: 1 out of 3
Updating learning rate to 9.488627183832424e-07
EarlyStopping counter: 2 out of 3
Updating learning rate to 4.744313591916212e-07
Validation loss decreased (0.028735 --> 0.028428).  Saving model ...
Updating learning rate to 2.372156795958106e-07
EarlyStopping counter: 1 out of 3
Updating learning rate to 1.186078397979053e-07
EarlyStopping counter: 2 out of 3
Updating learning rate to 5.930391989895265e-08
>>>>>> Testing on validation set: trial_1 >>>>>>
test 261
test shape: (261, 1, 5) (261, 1, 5)
test shape: (261, 1, 5) (261, 1, 5)


	mse:0.06056907773017883, mae:0.09482505172491074, dtw:Not calculated


                                                                                   [I 2025-10-16 22:42:27,164] Trial 1 finished with value: 0.09482505172491074 and parameters: {'seq_len': 48, 'pred_len': 1, 'expand': 2, 'd_model': 32, 'n_heads': 4, 'e_layers': 1, 'd_layers': 2, 'batch_size': 64, 'learning_rate': 3.0363606988263756e-05, 'dropout': 0.22782613171080454}. Best is trial 1 with value: 0.09482505172491074.
Best trial: 0. Best value: 0.100631:   2%|▏         | 1/50 [00:23<13:13, 16.20s/it]Best trial: 1. Best value: 0.0948251:   2%|▏         | 1/50 [00:23<13:13, 16.20s/it]Best trial: 1. Best value: 0.0948251:   4%|▍         | 2/50 [00:23<08:50, 11.06s/it]
============================================================
Trial 2
============================================================
seq_len: 96, pred_len: 1
d_model: 64, n_heads: 4
e_layers: 1, d_layers: 2
batch_size: 16, lr: 0.000110
dropout: 0.2907613144008925
============================================================

Please make sure you have successfully installed mamba_ssm
Use GPU: cuda:0
DEBUG Mamba Init - d_model: 64, d_state: 16, d_inner: 128, expand: 2
>>>>>> Start training: trial_2 >>>>>>
============================================================
DATASET SPLIT INFO (90/5/5):
============================================================
Total samples: 5193
Train: 4673 samples (90%) - rows 0 to 4672
Val: 259 samples (5%) - rows 4673 to 4931
Test: 261 samples (5%) - rows 4932 to 5192
Sequence length: 96, Prediction length: 1
============================================================
train 4577
val 259
test 261
Validation loss decreased (inf --> 0.028183).  Saving model ...
Updating learning rate to 0.00011014646817281848
Validation loss decreased (0.028183 --> 0.027953).  Saving model ...
Updating learning rate to 5.507323408640924e-05
Validation loss decreased (0.027953 --> 0.026883).  Saving model ...
Updating learning rate to 2.753661704320462e-05
EarlyStopping counter: 1 out of 3
Updating learning rate to 1.376830852160231e-05
EarlyStopping counter: 2 out of 3
Updating learning rate to 6.884154260801155e-06
Validation loss decreased (0.026883 --> 0.026566).  Saving model ...
Updating learning rate to 3.4420771304005774e-06
EarlyStopping counter: 1 out of 3
Updating learning rate to 1.7210385652002887e-06
EarlyStopping counter: 2 out of 3
Updating learning rate to 8.605192826001444e-07
EarlyStopping counter: 3 out of 3
>>>>>> Testing on validation set: trial_2 >>>>>>
test 261
test shape: (261, 1, 5) (261, 1, 5)
test shape: (261, 1, 5) (261, 1, 5)


	mse:0.050771597772836685, mae:0.07989214360713959, dtw:Not calculated


                                                                                    [I 2025-10-16 22:42:51,234] Trial 2 finished with value: 0.07989214360713959 and parameters: {'seq_len': 96, 'pred_len': 1, 'expand': 2, 'd_model': 64, 'n_heads': 4, 'e_layers': 1, 'd_layers': 2, 'batch_size': 16, 'learning_rate': 0.00011014646817281848, 'dropout': 0.2907613144008925}. Best is trial 2 with value: 0.07989214360713959.
Best trial: 1. Best value: 0.0948251:   4%|▍         | 2/50 [00:47<08:50, 11.06s/it]Best trial: 2. Best value: 0.0798921:   4%|▍         | 2/50 [00:47<08:50, 11.06s/it]Best trial: 2. Best value: 0.0798921:   6%|▌         | 3/50 [00:47<13:19, 17.00s/it]
============================================================
Trial 3
============================================================
seq_len: 48, pred_len: 1
d_model: 32, n_heads: 8
e_layers: 2, d_layers: 1
batch_size: 16, lr: 0.000015
dropout: 0.1900763305805142
============================================================

Please make sure you have successfully installed mamba_ssm
Use GPU: cuda:0
DEBUG Mamba Init - d_model: 32, d_state: 16, d_inner: 64, expand: 2
>>>>>> Start training: trial_3 >>>>>>
============================================================
DATASET SPLIT INFO (90/5/5):
============================================================
Total samples: 5193
Train: 4673 samples (90%) - rows 0 to 4672
Val: 259 samples (5%) - rows 4673 to 4931
Test: 261 samples (5%) - rows 4932 to 5192
Sequence length: 48, Prediction length: 1
============================================================
train 4625
val 259
test 261
Validation loss decreased (inf --> 0.033068).  Saving model ...
Updating learning rate to 1.4857136803742656e-05
EarlyStopping counter: 1 out of 3
Updating learning rate to 7.428568401871328e-06
EarlyStopping counter: 2 out of 3
Updating learning rate to 3.714284200935664e-06
EarlyStopping counter: 3 out of 3
>>>>>> Testing on validation set: trial_3 >>>>>>
test 261
test shape: (261, 1, 5) (261, 1, 5)
test shape: (261, 1, 5) (261, 1, 5)


	mse:0.06106042489409447, mae:0.0953453928232193, dtw:Not calculated


                                                                                    [I 2025-10-16 22:43:02,108] Trial 3 finished with value: 0.0953453928232193 and parameters: {'seq_len': 48, 'pred_len': 1, 'expand': 2, 'd_model': 32, 'n_heads': 8, 'e_layers': 2, 'd_layers': 1, 'batch_size': 16, 'learning_rate': 1.4857136803742656e-05, 'dropout': 0.1900763305805142}. Best is trial 2 with value: 0.07989214360713959.
Best trial: 2. Best value: 0.0798921:   6%|▌         | 3/50 [00:58<13:19, 17.00s/it]Best trial: 2. Best value: 0.0798921:   6%|▌         | 3/50 [00:58<13:19, 17.00s/it]Best trial: 2. Best value: 0.0798921:   8%|▊         | 4/50 [00:58<11:10, 14.58s/it]
============================================================
Trial 4
============================================================
seq_len: 48, pred_len: 30
d_model: 64, n_heads: 4
e_layers: 1, d_layers: 1
batch_size: 32, lr: 0.000038
dropout: 0.20810657874145258
============================================================

Please make sure you have successfully installed mamba_ssm
Use GPU: cuda:0
DEBUG Mamba Init - d_model: 64, d_state: 16, d_inner: 64, expand: 1
>>>>>> Start training: trial_4 >>>>>>
============================================================
DATASET SPLIT INFO (90/5/5):
============================================================
Total samples: 5193
Train: 4673 samples (90%) - rows 0 to 4672
Val: 259 samples (5%) - rows 4673 to 4931
Test: 261 samples (5%) - rows 4932 to 5192
Sequence length: 48, Prediction length: 30
============================================================
train 4596
val 230
test 232
Validation loss decreased (inf --> 0.037694).  Saving model ...
Updating learning rate to 3.8099881090742984e-05
Validation loss decreased (0.037694 --> 0.037557).  Saving model ...
Updating learning rate to 1.9049940545371492e-05
EarlyStopping counter: 1 out of 3
Updating learning rate to 9.524970272685746e-06
EarlyStopping counter: 2 out of 3
Updating learning rate to 4.762485136342873e-06
EarlyStopping counter: 3 out of 3
>>>>>> Testing on validation set: trial_4 >>>>>>
test 232
test shape: (232, 30, 5) (232, 30, 5)
test shape: (232, 30, 5) (232, 30, 5)


	mse:0.06437903642654419, mae:0.10384838283061981, dtw:Not calculated


                                                                                    [I 2025-10-16 22:43:09,262] Trial 4 finished with value: 0.10384838283061981 and parameters: {'seq_len': 48, 'pred_len': 30, 'expand': 1, 'd_model': 64, 'n_heads': 4, 'e_layers': 1, 'd_layers': 1, 'batch_size': 32, 'learning_rate': 3.8099881090742984e-05, 'dropout': 0.20810657874145258}. Best is trial 2 with value: 0.07989214360713959.
Best trial: 2. Best value: 0.0798921:   8%|▊         | 4/50 [01:05<11:10, 14.58s/it]Best trial: 2. Best value: 0.0798921:   8%|▊         | 4/50 [01:05<11:10, 14.58s/it]Best trial: 2. Best value: 0.0798921:  10%|█         | 5/50 [01:05<08:56, 11.92s/it]
============================================================
Trial 5
============================================================
seq_len: 96, pred_len: 7
d_model: 32, n_heads: 8
e_layers: 1, d_layers: 2
batch_size: 64, lr: 0.000087
dropout: 0.28737967519120544
============================================================

Please make sure you have successfully installed mamba_ssm
Use GPU: cuda:0
DEBUG Mamba Init - d_model: 32, d_state: 16, d_inner: 32, expand: 1
>>>>>> Start training: trial_5 >>>>>>
============================================================
DATASET SPLIT INFO (90/5/5):
============================================================
Total samples: 5193
Train: 4673 samples (90%) - rows 0 to 4672
Val: 259 samples (5%) - rows 4673 to 4931
Test: 261 samples (5%) - rows 4932 to 5192
Sequence length: 96, Prediction length: 7
============================================================
train 4571
val 253
test 255
Validation loss decreased (inf --> 0.037843).  Saving model ...
Updating learning rate to 8.665489857031511e-05
EarlyStopping counter: 1 out of 3
Updating learning rate to 4.3327449285157554e-05
EarlyStopping counter: 2 out of 3
Updating learning rate to 2.1663724642578777e-05
EarlyStopping counter: 3 out of 3
>>>>>> Testing on validation set: trial_5 >>>>>>
test 255
test shape: (255, 7, 5) (255, 7, 5)
test shape: (255, 7, 5) (255, 7, 5)


	mse:0.06672129034996033, mae:0.11490605026483536, dtw:Not calculated


                                                                                    [I 2025-10-16 22:43:12,584] Trial 5 finished with value: 0.11490605026483536 and parameters: {'seq_len': 96, 'pred_len': 7, 'expand': 1, 'd_model': 32, 'n_heads': 8, 'e_layers': 1, 'd_layers': 2, 'batch_size': 64, 'learning_rate': 8.665489857031511e-05, 'dropout': 0.28737967519120544}. Best is trial 2 with value: 0.07989214360713959.
Best trial: 2. Best value: 0.0798921:  10%|█         | 5/50 [01:09<08:56, 11.92s/it]Best trial: 2. Best value: 0.0798921:  10%|█         | 5/50 [01:09<08:56, 11.92s/it]Best trial: 2. Best value: 0.0798921:  12%|█▏        | 6/50 [01:09<06:35,  8.99s/it]
============================================================
Trial 6
============================================================
seq_len: 96, pred_len: 7
d_model: 32, n_heads: 8
e_layers: 2, d_layers: 2
batch_size: 64, lr: 0.000184
dropout: 0.1348129765463604
============================================================

Please make sure you have successfully installed mamba_ssm
Use GPU: cuda:0
DEBUG Mamba Init - d_model: 32, d_state: 16, d_inner: 32, expand: 1
>>>>>> Start training: trial_6 >>>>>>
============================================================
DATASET SPLIT INFO (90/5/5):
============================================================
Total samples: 5193
Train: 4673 samples (90%) - rows 0 to 4672
Val: 259 samples (5%) - rows 4673 to 4931
Test: 261 samples (5%) - rows 4932 to 5192
Sequence length: 96, Prediction length: 7
============================================================
train 4571
val 253
test 255
Validation loss decreased (inf --> 0.037493).  Saving model ...
Updating learning rate to 0.00018400962101538748
EarlyStopping counter: 1 out of 3
Updating learning rate to 9.200481050769374e-05
EarlyStopping counter: 2 out of 3
Updating learning rate to 4.600240525384687e-05
EarlyStopping counter: 3 out of 3
>>>>>> Testing on validation set: trial_6 >>>>>>
test 255
test shape: (255, 7, 5) (255, 7, 5)
test shape: (255, 7, 5) (255, 7, 5)


	mse:0.06651419401168823, mae:0.1139049157500267, dtw:Not calculated


                                                                                    [I 2025-10-16 22:43:16,086] Trial 6 finished with value: 0.1139049157500267 and parameters: {'seq_len': 96, 'pred_len': 7, 'expand': 1, 'd_model': 32, 'n_heads': 8, 'e_layers': 2, 'd_layers': 2, 'batch_size': 64, 'learning_rate': 0.00018400962101538748, 'dropout': 0.1348129765463604}. Best is trial 2 with value: 0.07989214360713959.
Best trial: 2. Best value: 0.0798921:  12%|█▏        | 6/50 [01:12<06:35,  8.99s/it]Best trial: 2. Best value: 0.0798921:  12%|█▏        | 6/50 [01:12<06:35,  8.99s/it]Best trial: 2. Best value: 0.0798921:  14%|█▍        | 7/50 [01:12<05:09,  7.19s/it]
============================================================
Trial 7
============================================================
seq_len: 48, pred_len: 14
d_model: 64, n_heads: 8
e_layers: 1, d_layers: 2
batch_size: 32, lr: 0.000302
dropout: 0.11645761449693877
============================================================

Please make sure you have successfully installed mamba_ssm
Use GPU: cuda:0
DEBUG Mamba Init - d_model: 64, d_state: 16, d_inner: 64, expand: 1
>>>>>> Start training: trial_7 >>>>>>
============================================================
DATASET SPLIT INFO (90/5/5):
============================================================
Total samples: 5193
Train: 4673 samples (90%) - rows 0 to 4672
Val: 259 samples (5%) - rows 4673 to 4931
Test: 261 samples (5%) - rows 4932 to 5192
Sequence length: 48, Prediction length: 14
============================================================
train 4612
val 246
test 248
Validation loss decreased (inf --> 0.038755).  Saving model ...
Updating learning rate to 0.0003016024503103791
EarlyStopping counter: 1 out of 3
Updating learning rate to 0.00015080122515518955
EarlyStopping counter: 2 out of 3
Updating learning rate to 7.540061257759477e-05
EarlyStopping counter: 3 out of 3
>>>>>> Testing on validation set: trial_7 >>>>>>
test 248
test shape: (248, 14, 5) (248, 14, 5)
test shape: (248, 14, 5) (248, 14, 5)


	mse:0.06576644629240036, mae:0.09878914803266525, dtw:Not calculated


                                                                                    [I 2025-10-16 22:43:22,189] Trial 7 finished with value: 0.09878914803266525 and parameters: {'seq_len': 48, 'pred_len': 14, 'expand': 1, 'd_model': 64, 'n_heads': 8, 'e_layers': 1, 'd_layers': 2, 'batch_size': 32, 'learning_rate': 0.0003016024503103791, 'dropout': 0.11645761449693877}. Best is trial 2 with value: 0.07989214360713959.
Best trial: 2. Best value: 0.0798921:  14%|█▍        | 7/50 [01:18<05:09,  7.19s/it]Best trial: 2. Best value: 0.0798921:  14%|█▍        | 7/50 [01:18<05:09,  7.19s/it]Best trial: 2. Best value: 0.0798921:  16%|█▌        | 8/50 [01:18<04:47,  6.85s/it]
============================================================
Trial 8
============================================================
seq_len: 96, pred_len: 1
d_model: 32, n_heads: 4
e_layers: 2, d_layers: 1
batch_size: 16, lr: 0.000183
dropout: 0.2989217203293899
============================================================

Please make sure you have successfully installed mamba_ssm
Use GPU: cuda:0
DEBUG Mamba Init - d_model: 32, d_state: 16, d_inner: 64, expand: 2
>>>>>> Start training: trial_8 >>>>>>
============================================================
DATASET SPLIT INFO (90/5/5):
============================================================
Total samples: 5193
Train: 4673 samples (90%) - rows 0 to 4672
Val: 259 samples (5%) - rows 4673 to 4931
Test: 261 samples (5%) - rows 4932 to 5192
Sequence length: 96, Prediction length: 1
============================================================
train 4577
val 259
test 261
Validation loss decreased (inf --> 0.031561).  Saving model ...
Updating learning rate to 0.00018336568529248856
Validation loss decreased (0.031561 --> 0.028702).  Saving model ...
Updating learning rate to 9.168284264624428e-05
Validation loss decreased (0.028702 --> 0.027850).  Saving model ...
Updating learning rate to 4.584142132312214e-05
EarlyStopping counter: 1 out of 3
Updating learning rate to 2.292071066156107e-05
EarlyStopping counter: 2 out of 3
Updating learning rate to 1.1460355330780535e-05
EarlyStopping counter: 3 out of 3
>>>>>> Testing on validation set: trial_8 >>>>>>
test 261
test shape: (261, 1, 5) (261, 1, 5)
test shape: (261, 1, 5) (261, 1, 5)


	mse:0.05288335680961609, mae:0.08448519557714462, dtw:Not calculated


                                                                                    [I 2025-10-16 22:43:38,307] Trial 8 finished with value: 0.08448519557714462 and parameters: {'seq_len': 96, 'pred_len': 1, 'expand': 2, 'd_model': 32, 'n_heads': 4, 'e_layers': 2, 'd_layers': 1, 'batch_size': 16, 'learning_rate': 0.00018336568529248856, 'dropout': 0.2989217203293899}. Best is trial 2 with value: 0.07989214360713959.
Best trial: 2. Best value: 0.0798921:  16%|█▌        | 8/50 [01:34<04:47,  6.85s/it]Best trial: 2. Best value: 0.0798921:  16%|█▌        | 8/50 [01:34<04:47,  6.85s/it]Best trial: 2. Best value: 0.0798921:  18%|█▊        | 9/50 [01:34<06:39,  9.74s/it]
============================================================
Trial 9
============================================================
seq_len: 48, pred_len: 1
d_model: 64, n_heads: 8
e_layers: 1, d_layers: 2
batch_size: 64, lr: 0.000016
dropout: 0.06309085508063351
============================================================

Please make sure you have successfully installed mamba_ssm
Use GPU: cuda:0
DEBUG Mamba Init - d_model: 64, d_state: 16, d_inner: 128, expand: 2
>>>>>> Start training: trial_9 >>>>>>
============================================================
DATASET SPLIT INFO (90/5/5):
============================================================
Total samples: 5193
Train: 4673 samples (90%) - rows 0 to 4672
Val: 259 samples (5%) - rows 4673 to 4931
Test: 261 samples (5%) - rows 4932 to 5192
Sequence length: 48, Prediction length: 1
============================================================
train 4625
val 259
test 261
Validation loss decreased (inf --> 0.036373).  Saving model ...
Updating learning rate to 1.6214179367018618e-05
Validation loss decreased (0.036373 --> 0.031753).  Saving model ...
Updating learning rate to 8.107089683509309e-06
Validation loss decreased (0.031753 --> 0.028726).  Saving model ...
Updating learning rate to 4.0535448417546544e-06
EarlyStopping counter: 1 out of 3
Updating learning rate to 2.0267724208773272e-06
Validation loss decreased (0.028726 --> 0.028538).  Saving model ...
Updating learning rate to 1.0133862104386636e-06
Validation loss decreased (0.028538 --> 0.027427).  Saving model ...
Updating learning rate to 5.066931052193318e-07
EarlyStopping counter: 1 out of 3
Updating learning rate to 2.533465526096659e-07
EarlyStopping counter: 2 out of 3
Updating learning rate to 1.2667327630483295e-07
EarlyStopping counter: 3 out of 3
>>>>>> Testing on validation set: trial_9 >>>>>>
test 261
test shape: (261, 1, 5) (261, 1, 5)
test shape: (261, 1, 5) (261, 1, 5)


	mse:0.06072727218270302, mae:0.09453454613685608, dtw:Not calculated


