                                                                                    [I 2025-10-16 23:05:40,426] Trial 2 finished with value: 0.1086415946483612 and parameters: {'seq_len': 48, 'pred_len': 30, 'expand': 1, 'd_model': 64, 'n_heads': 4, 'e_layers': 1, 'd_layers': 1, 'batch_size': 64, 'learning_rate': 0.0006488180385387186, 'dropout': 0.2039718892284837}. Best is trial 0 with value: 0.07709306478500366.
Best trial: 0. Best value: 0.0770931:   4%|▍         | 2/50 [00:26<07:57,  9.96s/it]Best trial: 0. Best value: 0.0770931:   4%|▍         | 2/50 [00:26<07:57,  9.96s/it]Best trial: 0. Best value: 0.0770931:   6%|▌         | 3/50 [00:26<05:50,  7.45s/it]
============================================================
Trial 3
============================================================
seq_len: 96, pred_len: 14
d_model: 64, n_heads: 4
e_layers: 2, d_layers: 2
batch_size: 16, lr: 0.000443
dropout: 0.21911993885653122
============================================================

Please make sure you have successfully installed mamba_ssm
Use GPU: cuda:0
DEBUG Mamba Init - d_model: 64, d_state: 16, d_inner: 128, expand: 2
>>>>>> Start training: trial_3 >>>>>>
============================================================
DATASET SPLIT INFO (90/5/5):
============================================================
Total samples: 5193
Train: 4673 samples (90%) - rows 0 to 4672
Val: 259 samples (5%) - rows 4673 to 4931
Test: 261 samples (5%) - rows 4932 to 5192
Sequence length: 96, Prediction length: 14
============================================================
train 4564
val 246
test 248
Validation loss decreased (inf --> 0.038991).  Saving model ...
Updating learning rate to 0.0004430920307990789
EarlyStopping counter: 1 out of 3
Updating learning rate to 0.00022154601539953945
EarlyStopping counter: 2 out of 3
Updating learning rate to 0.00011077300769976973
EarlyStopping counter: 3 out of 3
>>>>>> Testing on validation set: trial_3 >>>>>>
test 248
test shape: (248, 14, 5) (248, 14, 5)
test shape: (248, 14, 5) (248, 14, 5)


	mse:0.06645675003528595, mae:0.10455233603715897, dtw:Not calculated


                                                                                    [I 2025-10-16 23:05:51,308] Trial 3 finished with value: 0.10455233603715897 and parameters: {'seq_len': 96, 'pred_len': 14, 'expand': 2, 'd_model': 64, 'n_heads': 4, 'e_layers': 2, 'd_layers': 2, 'batch_size': 16, 'learning_rate': 0.0004430920307990789, 'dropout': 0.21911993885653122}. Best is trial 0 with value: 0.07709306478500366.
Best trial: 0. Best value: 0.0770931:   6%|▌         | 3/50 [00:37<05:50,  7.45s/it]Best trial: 0. Best value: 0.0770931:   6%|▌         | 3/50 [00:37<05:50,  7.45s/it]Best trial: 0. Best value: 0.0770931:   8%|▊         | 4/50 [00:37<06:45,  8.81s/it]
============================================================
Trial 4
============================================================
seq_len: 96, pred_len: 7
d_model: 64, n_heads: 4
e_layers: 1, d_layers: 2
batch_size: 64, lr: 0.000058
dropout: 0.1028985121117678
============================================================

Please make sure you have successfully installed mamba_ssm
Use GPU: cuda:0
DEBUG Mamba Init - d_model: 64, d_state: 16, d_inner: 64, expand: 1
>>>>>> Start training: trial_4 >>>>>>
============================================================
DATASET SPLIT INFO (90/5/5):
============================================================
Total samples: 5193
Train: 4673 samples (90%) - rows 0 to 4672
Val: 259 samples (5%) - rows 4673 to 4931
Test: 261 samples (5%) - rows 4932 to 5192
Sequence length: 96, Prediction length: 7
============================================================
train 4571
val 253
test 255
Validation loss decreased (inf --> 0.037115).  Saving model ...
Updating learning rate to 5.76194710100549e-05
EarlyStopping counter: 1 out of 3
Updating learning rate to 2.880973550502745e-05
EarlyStopping counter: 2 out of 3
Updating learning rate to 1.4404867752513724e-05
EarlyStopping counter: 3 out of 3
>>>>>> Testing on validation set: trial_4 >>>>>>
test 255
test shape: (255, 7, 5) (255, 7, 5)
test shape: (255, 7, 5) (255, 7, 5)


	mse:0.06635331362485886, mae:0.11501414328813553, dtw:Not calculated


                                                                                    [I 2025-10-16 23:05:54,452] Trial 4 finished with value: 0.11501414328813553 and parameters: {'seq_len': 96, 'pred_len': 7, 'expand': 1, 'd_model': 64, 'n_heads': 4, 'e_layers': 1, 'd_layers': 2, 'batch_size': 64, 'learning_rate': 5.76194710100549e-05, 'dropout': 0.1028985121117678}. Best is trial 0 with value: 0.07709306478500366.
Best trial: 0. Best value: 0.0770931:   8%|▊         | 4/50 [00:40<06:45,  8.81s/it]Best trial: 0. Best value: 0.0770931:   8%|▊         | 4/50 [00:40<06:45,  8.81s/it]Best trial: 0. Best value: 0.0770931:  10%|█         | 5/50 [00:40<05:04,  6.77s/it]
============================================================
Trial 5
============================================================
seq_len: 48, pred_len: 14
d_model: 32, n_heads: 4
e_layers: 1, d_layers: 2
batch_size: 32, lr: 0.000091
dropout: 0.015491175876075569
============================================================

Please make sure you have successfully installed mamba_ssm
Use GPU: cuda:0
DEBUG Mamba Init - d_model: 32, d_state: 16, d_inner: 64, expand: 2
>>>>>> Start training: trial_5 >>>>>>
============================================================
DATASET SPLIT INFO (90/5/5):
============================================================
Total samples: 5193
Train: 4673 samples (90%) - rows 0 to 4672
Val: 259 samples (5%) - rows 4673 to 4931
Test: 261 samples (5%) - rows 4932 to 5192
Sequence length: 48, Prediction length: 14
============================================================
train 4612
val 246
test 248
Validation loss decreased (inf --> 0.038259).  Saving model ...
Updating learning rate to 9.054606966770751e-05
EarlyStopping counter: 1 out of 3
Updating learning rate to 4.5273034833853756e-05
EarlyStopping counter: 2 out of 3
Updating learning rate to 2.2636517416926878e-05
EarlyStopping counter: 3 out of 3
>>>>>> Testing on validation set: trial_5 >>>>>>
test 248
test shape: (248, 14, 5) (248, 14, 5)
test shape: (248, 14, 5) (248, 14, 5)


	mse:0.06361096352338791, mae:0.09909265488386154, dtw:Not calculated


                                                                                    [I 2025-10-16 23:06:00,260] Trial 5 finished with value: 0.09909265488386154 and parameters: {'seq_len': 48, 'pred_len': 14, 'expand': 2, 'd_model': 32, 'n_heads': 4, 'e_layers': 1, 'd_layers': 2, 'batch_size': 32, 'learning_rate': 9.054606966770751e-05, 'dropout': 0.015491175876075569}. Best is trial 0 with value: 0.07709306478500366.
Best trial: 0. Best value: 0.0770931:  10%|█         | 5/50 [00:46<05:04,  6.77s/it]Best trial: 0. Best value: 0.0770931:  10%|█         | 5/50 [00:46<05:04,  6.77s/it]Best trial: 0. Best value: 0.0770931:  12%|█▏        | 6/50 [00:46<04:43,  6.44s/it]
============================================================
Trial 6
============================================================
seq_len: 96, pred_len: 30
d_model: 32, n_heads: 8
e_layers: 2, d_layers: 1
batch_size: 16, lr: 0.000019
dropout: 0.12095934455719404
============================================================

Please make sure you have successfully installed mamba_ssm
Use GPU: cuda:0
DEBUG Mamba Init - d_model: 32, d_state: 16, d_inner: 32, expand: 1
>>>>>> Start training: trial_6 >>>>>>
============================================================
DATASET SPLIT INFO (90/5/5):
============================================================
Total samples: 5193
Train: 4673 samples (90%) - rows 0 to 4672
Val: 259 samples (5%) - rows 4673 to 4931
Test: 261 samples (5%) - rows 4932 to 5192
Sequence length: 96, Prediction length: 30
============================================================
train 4548
val 230
test 232
Validation loss decreased (inf --> 0.037034).  Saving model ...
Updating learning rate to 1.906351354176898e-05
EarlyStopping counter: 1 out of 3
Updating learning rate to 9.53175677088449e-06
EarlyStopping counter: 2 out of 3
Updating learning rate to 4.765878385442245e-06
Validation loss decreased (0.037034 --> 0.036612).  Saving model ...
Updating learning rate to 2.3829391927211223e-06
EarlyStopping counter: 1 out of 3
Updating learning rate to 1.1914695963605612e-06
EarlyStopping counter: 2 out of 3
Updating learning rate to 5.957347981802806e-07
EarlyStopping counter: 3 out of 3
>>>>>> Testing on validation set: trial_6 >>>>>>
test 232
test shape: (232, 30, 5) (232, 30, 5)
test shape: (232, 30, 5) (232, 30, 5)


	mse:0.06912851333618164, mae:0.12122957408428192, dtw:Not calculated


                                                                                    [I 2025-10-16 23:06:18,526] Trial 6 finished with value: 0.12122957408428192 and parameters: {'seq_len': 96, 'pred_len': 30, 'expand': 1, 'd_model': 32, 'n_heads': 8, 'e_layers': 2, 'd_layers': 1, 'batch_size': 16, 'learning_rate': 1.906351354176898e-05, 'dropout': 0.12095934455719404}. Best is trial 0 with value: 0.07709306478500366.
Best trial: 0. Best value: 0.0770931:  12%|█▏        | 6/50 [01:04<04:43,  6.44s/it]Best trial: 0. Best value: 0.0770931:  12%|█▏        | 6/50 [01:04<04:43,  6.44s/it]Best trial: 0. Best value: 0.0770931:  14%|█▍        | 7/50 [01:04<07:23, 10.31s/it]
============================================================
Trial 7
============================================================
seq_len: 96, pred_len: 1
d_model: 32, n_heads: 4
e_layers: 2, d_layers: 2
batch_size: 16, lr: 0.000212
dropout: 0.27622242387170737
============================================================

Please make sure you have successfully installed mamba_ssm
Use GPU: cuda:0
DEBUG Mamba Init - d_model: 32, d_state: 16, d_inner: 64, expand: 2
>>>>>> Start training: trial_7 >>>>>>
============================================================
DATASET SPLIT INFO (90/5/5):
============================================================
Total samples: 5193
Train: 4673 samples (90%) - rows 0 to 4672
Val: 259 samples (5%) - rows 4673 to 4931
Test: 261 samples (5%) - rows 4932 to 5192
Sequence length: 96, Prediction length: 1
============================================================
train 4577
val 259
test 261
Validation loss decreased (inf --> 0.031374).  Saving model ...
Updating learning rate to 0.000212230198735043
Validation loss decreased (0.031374 --> 0.028341).  Saving model ...
Updating learning rate to 0.0001061150993675215
