                                                                                    [I 2025-10-16 22:43:45,413] Trial 9 finished with value: 0.09453454613685608 and parameters: {'seq_len': 48, 'pred_len': 1, 'expand': 2, 'd_model': 64, 'n_heads': 8, 'e_layers': 1, 'd_layers': 2, 'batch_size': 64, 'learning_rate': 1.6214179367018618e-05, 'dropout': 0.06309085508063351}. Best is trial 2 with value: 0.07989214360713959.
Best trial: 2. Best value: 0.0798921:  18%|█▊        | 9/50 [01:41<06:39,  9.74s/it]Best trial: 2. Best value: 0.0798921:  18%|█▊        | 9/50 [01:41<06:39,  9.74s/it]Best trial: 2. Best value: 0.0798921:  20%|██        | 10/50 [01:41<05:57,  8.93s/it]
============================================================
Trial 10
============================================================
seq_len: 96, pred_len: 30
d_model: 64, n_heads: 4
e_layers: 2, d_layers: 1
batch_size: 16, lr: 0.000878
dropout: 0.0022972454252629115
============================================================

Please make sure you have successfully installed mamba_ssm
Use GPU: cuda:0
DEBUG Mamba Init - d_model: 64, d_state: 16, d_inner: 128, expand: 2
>>>>>> Start training: trial_10 >>>>>>
============================================================
DATASET SPLIT INFO (90/5/5):
============================================================
Total samples: 5193
Train: 4673 samples (90%) - rows 0 to 4672
Val: 259 samples (5%) - rows 4673 to 4931
Test: 261 samples (5%) - rows 4932 to 5192
Sequence length: 96, Prediction length: 30
============================================================
train 4548
val 230
test 232
Validation loss decreased (inf --> 0.038159).  Saving model ...
Updating learning rate to 0.0008777198879616734
EarlyStopping counter: 1 out of 3
Updating learning rate to 0.0004388599439808367
EarlyStopping counter: 2 out of 3
Updating learning rate to 0.00021942997199041834
EarlyStopping counter: 3 out of 3
>>>>>> Testing on validation set: trial_10 >>>>>>
test 232
test shape: (232, 30, 5) (232, 30, 5)
test shape: (232, 30, 5) (232, 30, 5)


	mse:0.07328303158283234, mae:0.1148347333073616, dtw:Not calculated


                                                                                     [I 2025-10-16 22:43:56,359] Trial 10 finished with value: 0.1148347333073616 and parameters: {'seq_len': 96, 'pred_len': 30, 'expand': 2, 'd_model': 64, 'n_heads': 4, 'e_layers': 2, 'd_layers': 1, 'batch_size': 16, 'learning_rate': 0.0008777198879616734, 'dropout': 0.0022972454252629115}. Best is trial 2 with value: 0.07989214360713959.
Best trial: 2. Best value: 0.0798921:  20%|██        | 10/50 [01:52<05:57,  8.93s/it]Best trial: 2. Best value: 0.0798921:  20%|██        | 10/50 [01:52<05:57,  8.93s/it]Best trial: 2. Best value: 0.0798921:  22%|██▏       | 11/50 [01:52<06:12,  9.56s/it]
============================================================
Trial 11
============================================================
seq_len: 96, pred_len: 1
d_model: 64, n_heads: 4
e_layers: 2, d_layers: 1
batch_size: 16, lr: 0.000088
dropout: 0.29749767710768366
============================================================

Please make sure you have successfully installed mamba_ssm
Use GPU: cuda:0
DEBUG Mamba Init - d_model: 64, d_state: 16, d_inner: 128, expand: 2
>>>>>> Start training: trial_11 >>>>>>
============================================================
DATASET SPLIT INFO (90/5/5):
============================================================
Total samples: 5193
Train: 4673 samples (90%) - rows 0 to 4672
Val: 259 samples (5%) - rows 4673 to 4931
Test: 261 samples (5%) - rows 4932 to 5192
Sequence length: 96, Prediction length: 1
============================================================
train 4577
val 259
test 261
Validation loss decreased (inf --> 0.028805).  Saving model ...
Updating learning rate to 8.813411443764406e-05
Validation loss decreased (0.028805 --> 0.026092).  Saving model ...
Updating learning rate to 4.406705721882203e-05
EarlyStopping counter: 1 out of 3
Updating learning rate to 2.2033528609411015e-05
EarlyStopping counter: 2 out of 3
Updating learning rate to 1.1016764304705508e-05
EarlyStopping counter: 3 out of 3
>>>>>> Testing on validation set: trial_11 >>>>>>
test 261
test shape: (261, 1, 5) (261, 1, 5)
test shape: (261, 1, 5) (261, 1, 5)


	mse:0.052270520478487015, mae:0.08436330407857895, dtw:Not calculated


                                                                                     [I 2025-10-16 22:44:10,565] Trial 11 finished with value: 0.08436330407857895 and parameters: {'seq_len': 96, 'pred_len': 1, 'expand': 2, 'd_model': 64, 'n_heads': 4, 'e_layers': 2, 'd_layers': 1, 'batch_size': 16, 'learning_rate': 8.813411443764406e-05, 'dropout': 0.29749767710768366}. Best is trial 2 with value: 0.07989214360713959.
Best trial: 2. Best value: 0.0798921:  22%|██▏       | 11/50 [02:07<06:12,  9.56s/it]Best trial: 2. Best value: 0.0798921:  22%|██▏       | 11/50 [02:07<06:12,  9.56s/it]Best trial: 2. Best value: 0.0798921:  24%|██▍       | 12/50 [02:07<06:56, 10.96s/it]
============================================================
Trial 12
============================================================
seq_len: 96, pred_len: 1
d_model: 64, n_heads: 4
e_layers: 2, d_layers: 1
batch_size: 16, lr: 0.000057
dropout: 0.2522233184236921
============================================================

Please make sure you have successfully installed mamba_ssm
Use GPU: cuda:0
DEBUG Mamba Init - d_model: 64, d_state: 16, d_inner: 128, expand: 2
>>>>>> Start training: trial_12 >>>>>>
============================================================
DATASET SPLIT INFO (90/5/5):
============================================================
Total samples: 5193
Train: 4673 samples (90%) - rows 0 to 4672
Val: 259 samples (5%) - rows 4673 to 4931
Test: 261 samples (5%) - rows 4932 to 5192
Sequence length: 96, Prediction length: 1
============================================================
train 4577
val 259
test 261
Validation loss decreased (inf --> 0.029772).  Saving model ...
Updating learning rate to 5.671133523184747e-05
EarlyStopping counter: 1 out of 3
Updating learning rate to 2.8355667615923735e-05
Validation loss decreased (0.029772 --> 0.027145).  Saving model ...
Updating learning rate to 1.4177833807961867e-05
EarlyStopping counter: 1 out of 3
Updating learning rate to 7.088916903980934e-06
Validation loss decreased (0.027145 --> 0.027119).  Saving model ...
Updating learning rate to 3.544458451990467e-06
EarlyStopping counter: 1 out of 3
Updating learning rate to 1.7722292259952334e-06
EarlyStopping counter: 2 out of 3
Updating learning rate to 8.861146129976167e-07
EarlyStopping counter: 3 out of 3
>>>>>> Testing on validation set: trial_12 >>>>>>
test 261
test shape: (261, 1, 5) (261, 1, 5)
test shape: (261, 1, 5) (261, 1, 5)


	mse:0.0525861419737339, mae:0.0846254751086235, dtw:Not calculated


                                                                                     [I 2025-10-16 22:44:32,046] Trial 12 finished with value: 0.0846254751086235 and parameters: {'seq_len': 96, 'pred_len': 1, 'expand': 2, 'd_model': 64, 'n_heads': 4, 'e_layers': 2, 'd_layers': 1, 'batch_size': 16, 'learning_rate': 5.671133523184747e-05, 'dropout': 0.2522233184236921}. Best is trial 2 with value: 0.07989214360713959.
Best trial: 2. Best value: 0.0798921:  24%|██▍       | 12/50 [02:28<06:56, 10.96s/it]Best trial: 2. Best value: 0.0798921:  24%|██▍       | 12/50 [02:28<06:56, 10.96s/it]Best trial: 2. Best value: 0.0798921:  26%|██▌       | 13/50 [02:28<08:43, 14.15s/it]
============================================================
Trial 13
============================================================
seq_len: 96, pred_len: 1
d_model: 64, n_heads: 4
e_layers: 2, d_layers: 1
batch_size: 16, lr: 0.000091
dropout: 0.2593780272708915
============================================================

Please make sure you have successfully installed mamba_ssm
Use GPU: cuda:0
DEBUG Mamba Init - d_model: 64, d_state: 16, d_inner: 128, expand: 2
>>>>>> Start training: trial_13 >>>>>>
============================================================
DATASET SPLIT INFO (90/5/5):
============================================================
Total samples: 5193
Train: 4673 samples (90%) - rows 0 to 4672
Val: 259 samples (5%) - rows 4673 to 4931
Test: 261 samples (5%) - rows 4932 to 5192
Sequence length: 96, Prediction length: 1
============================================================
train 4577
val 259
test 261
Validation loss decreased (inf --> 0.029373).  Saving model ...
Updating learning rate to 9.112020744806385e-05
Validation loss decreased (0.029373 --> 0.028751).  Saving model ...
Updating learning rate to 4.5560103724031924e-05
Validation loss decreased (0.028751 --> 0.027941).  Saving model ...
Updating learning rate to 2.2780051862015962e-05
EarlyStopping counter: 1 out of 3
Updating learning rate to 1.1390025931007981e-05
Validation loss decreased (0.027941 --> 0.027565).  Saving model ...
Updating learning rate to 5.6950129655039906e-06
EarlyStopping counter: 1 out of 3
Updating learning rate to 2.8475064827519953e-06
EarlyStopping counter: 2 out of 3
Updating learning rate to 1.4237532413759976e-06
EarlyStopping counter: 3 out of 3
>>>>>> Testing on validation set: trial_13 >>>>>>
test 261
test shape: (261, 1, 5) (261, 1, 5)
test shape: (261, 1, 5) (261, 1, 5)


	mse:0.05112173780798912, mae:0.0819782093167305, dtw:Not calculated


                                                                                     [I 2025-10-16 22:44:53,533] Trial 13 finished with value: 0.0819782093167305 and parameters: {'seq_len': 96, 'pred_len': 1, 'expand': 2, 'd_model': 64, 'n_heads': 4, 'e_layers': 2, 'd_layers': 1, 'batch_size': 16, 'learning_rate': 9.112020744806385e-05, 'dropout': 0.2593780272708915}. Best is trial 2 with value: 0.07989214360713959.
Best trial: 2. Best value: 0.0798921:  26%|██▌       | 13/50 [02:50<08:43, 14.15s/it]Best trial: 2. Best value: 0.0798921:  26%|██▌       | 13/50 [02:50<08:43, 14.15s/it]Best trial: 2. Best value: 0.0798921:  28%|██▊       | 14/50 [02:50<09:49, 16.37s/it]
============================================================
Trial 14
============================================================
seq_len: 96, pred_len: 1
d_model: 64, n_heads: 4
e_layers: 1, d_layers: 2
batch_size: 16, lr: 0.000440
dropout: 0.25340759766319
============================================================

Please make sure you have successfully installed mamba_ssm
Use GPU: cuda:0
DEBUG Mamba Init - d_model: 64, d_state: 16, d_inner: 128, expand: 2
>>>>>> Start training: trial_14 >>>>>>
============================================================
DATASET SPLIT INFO (90/5/5):
============================================================
Total samples: 5193
Train: 4673 samples (90%) - rows 0 to 4672
Val: 259 samples (5%) - rows 4673 to 4931
Test: 261 samples (5%) - rows 4932 to 5192
Sequence length: 96, Prediction length: 1
============================================================
train 4577
val 259
test 261
Validation loss decreased (inf --> 0.027224).  Saving model ...
Updating learning rate to 0.0004401994243974656
EarlyStopping counter: 1 out of 3
Updating learning rate to 0.0002200997121987328
EarlyStopping counter: 2 out of 3
Updating learning rate to 0.0001100498560993664
Validation loss decreased (0.027224 --> 0.027027).  Saving model ...
Updating learning rate to 5.50249280496832e-05
Validation loss decreased (0.027027 --> 0.025914).  Saving model ...
Updating learning rate to 2.75124640248416e-05
Validation loss decreased (0.025914 --> 0.025818).  Saving model ...
Updating learning rate to 1.37562320124208e-05
Validation loss decreased (0.025818 --> 0.025074).  Saving model ...
Updating learning rate to 6.8781160062104e-06
EarlyStopping counter: 1 out of 3
Updating learning rate to 3.4390580031052e-06
EarlyStopping counter: 2 out of 3
Updating learning rate to 1.7195290015526e-06
EarlyStopping counter: 3 out of 3
>>>>>> Testing on validation set: trial_14 >>>>>>
test 261
test shape: (261, 1, 5) (261, 1, 5)
test shape: (261, 1, 5) (261, 1, 5)


	mse:0.04972917586565018, mae:0.07370081543922424, dtw:Not calculated


                                                                                     [I 2025-10-16 22:45:20,393] Trial 14 finished with value: 0.07370081543922424 and parameters: {'seq_len': 96, 'pred_len': 1, 'expand': 2, 'd_model': 64, 'n_heads': 4, 'e_layers': 1, 'd_layers': 2, 'batch_size': 16, 'learning_rate': 0.0004401994243974656, 'dropout': 0.25340759766319}. Best is trial 14 with value: 0.07370081543922424.
Best trial: 2. Best value: 0.0798921:  28%|██▊       | 14/50 [03:16<09:49, 16.37s/it]Best trial: 14. Best value: 0.0737008:  28%|██▊       | 14/50 [03:16<09:49, 16.37s/it]Best trial: 14. Best value: 0.0737008:  30%|███       | 15/50 [03:16<11:23, 19.53s/it]
============================================================
Trial 15
============================================================
seq_len: 96, pred_len: 1
d_model: 64, n_heads: 4
e_layers: 1, d_layers: 2
batch_size: 32, lr: 0.000628
dropout: 0.19346793990625788
============================================================

Please make sure you have successfully installed mamba_ssm
Use GPU: cuda:0
DEBUG Mamba Init - d_model: 64, d_state: 16, d_inner: 128, expand: 2
>>>>>> Start training: trial_15 >>>>>>
============================================================
DATASET SPLIT INFO (90/5/5):
============================================================
Total samples: 5193
Train: 4673 samples (90%) - rows 0 to 4672
Val: 259 samples (5%) - rows 4673 to 4931
Test: 261 samples (5%) - rows 4932 to 5192
Sequence length: 96, Prediction length: 1
============================================================
train 4577
val 259
test 261
Validation loss decreased (inf --> 0.024506).  Saving model ...
Updating learning rate to 0.0006281189081984079
EarlyStopping counter: 1 out of 3
Updating learning rate to 0.00031405945409920393
Validation loss decreased (0.024506 --> 0.023872).  Saving model ...
Updating learning rate to 0.00015702972704960196
EarlyStopping counter: 1 out of 3
Updating learning rate to 7.851486352480098e-05
EarlyStopping counter: 2 out of 3
Updating learning rate to 3.925743176240049e-05
EarlyStopping counter: 3 out of 3
>>>>>> Testing on validation set: trial_15 >>>>>>
test 261
test shape: (261, 1, 5) (261, 1, 5)
test shape: (261, 1, 5) (261, 1, 5)


	mse:0.049678150564432144, mae:0.07412849366664886, dtw:Not calculated


                                                                                      [I 2025-10-16 22:45:28,983] Trial 15 finished with value: 0.07412849366664886 and parameters: {'seq_len': 96, 'pred_len': 1, 'expand': 2, 'd_model': 64, 'n_heads': 4, 'e_layers': 1, 'd_layers': 2, 'batch_size': 32, 'learning_rate': 0.0006281189081984079, 'dropout': 0.19346793990625788}. Best is trial 14 with value: 0.07370081543922424.
Best trial: 14. Best value: 0.0737008:  30%|███       | 15/50 [03:25<11:23, 19.53s/it]Best trial: 14. Best value: 0.0737008:  30%|███       | 15/50 [03:25<11:23, 19.53s/it]Best trial: 14. Best value: 0.0737008:  32%|███▏      | 16/50 [03:25<09:11, 16.23s/it]
============================================================
Trial 16
============================================================
seq_len: 96, pred_len: 7
d_model: 64, n_heads: 4
e_layers: 1, d_layers: 2
batch_size: 32, lr: 0.000960
dropout: 0.17742224863095035
============================================================

Please make sure you have successfully installed mamba_ssm
Use GPU: cuda:0
DEBUG Mamba Init - d_model: 64, d_state: 16, d_inner: 128, expand: 2
>>>>>> Start training: trial_16 >>>>>>
============================================================
DATASET SPLIT INFO (90/5/5):
============================================================
Total samples: 5193
Train: 4673 samples (90%) - rows 0 to 4672
Val: 259 samples (5%) - rows 4673 to 4931
Test: 261 samples (5%) - rows 4932 to 5192
Sequence length: 96, Prediction length: 7
============================================================
train 4571
val 253
test 255
Validation loss decreased (inf --> 0.036802).  Saving model ...
Updating learning rate to 0.000960245983841302
EarlyStopping counter: 1 out of 3
Updating learning rate to 0.000480122991920651
EarlyStopping counter: 2 out of 3
Updating learning rate to 0.0002400614959603255
EarlyStopping counter: 3 out of 3
>>>>>> Testing on validation set: trial_16 >>>>>>
test 255
test shape: (255, 7, 5) (255, 7, 5)
test shape: (255, 7, 5) (255, 7, 5)


	mse:0.0667024478316307, mae:0.09952190518379211, dtw:Not calculated


                                                                                      [I 2025-10-16 22:45:34,723] Trial 16 finished with value: 0.09952190518379211 and parameters: {'seq_len': 96, 'pred_len': 7, 'expand': 2, 'd_model': 64, 'n_heads': 4, 'e_layers': 1, 'd_layers': 2, 'batch_size': 32, 'learning_rate': 0.000960245983841302, 'dropout': 0.17742224863095035}. Best is trial 14 with value: 0.07370081543922424.
Best trial: 14. Best value: 0.0737008:  32%|███▏      | 16/50 [03:31<09:11, 16.23s/it]Best trial: 14. Best value: 0.0737008:  32%|███▏      | 16/50 [03:31<09:11, 16.23s/it]Best trial: 14. Best value: 0.0737008:  34%|███▍      | 17/50 [03:31<07:11, 13.08s/it]
============================================================
Trial 17
============================================================
seq_len: 96, pred_len: 30
d_model: 64, n_heads: 4
e_layers: 1, d_layers: 2
batch_size: 32, lr: 0.000523
dropout: 0.16206973109634354
============================================================

Please make sure you have successfully installed mamba_ssm
Use GPU: cuda:0
DEBUG Mamba Init - d_model: 64, d_state: 16, d_inner: 64, expand: 1
>>>>>> Start training: trial_17 >>>>>>
============================================================
DATASET SPLIT INFO (90/5/5):
============================================================
Total samples: 5193
Train: 4673 samples (90%) - rows 0 to 4672
Val: 259 samples (5%) - rows 4673 to 4931
Test: 261 samples (5%) - rows 4932 to 5192
Sequence length: 96, Prediction length: 30
============================================================
train 4548
val 230
test 232
Validation loss decreased (inf --> 0.035277).  Saving model ...
Updating learning rate to 0.0005233276215785263
Validation loss decreased (0.035277 --> 0.034475).  Saving model ...
Updating learning rate to 0.0002616638107892631
EarlyStopping counter: 1 out of 3
Updating learning rate to 0.00013083190539463156
EarlyStopping counter: 2 out of 3
Updating learning rate to 6.541595269731578e-05
EarlyStopping counter: 3 out of 3
>>>>>> Testing on validation set: trial_17 >>>>>>
test 232
test shape: (232, 30, 5) (232, 30, 5)
test shape: (232, 30, 5) (232, 30, 5)


	mse:0.07151149958372116, mae:0.11307257413864136, dtw:Not calculated


                                                                                      [I 2025-10-16 22:45:41,684] Trial 17 finished with value: 0.11307257413864136 and parameters: {'seq_len': 96, 'pred_len': 30, 'expand': 1, 'd_model': 64, 'n_heads': 4, 'e_layers': 1, 'd_layers': 2, 'batch_size': 32, 'learning_rate': 0.0005233276215785263, 'dropout': 0.16206973109634354}. Best is trial 14 with value: 0.07370081543922424.
Best trial: 14. Best value: 0.0737008:  34%|███▍      | 17/50 [03:38<07:11, 13.08s/it]Best trial: 14. Best value: 0.0737008:  34%|███▍      | 17/50 [03:38<07:11, 13.08s/it]Best trial: 14. Best value: 0.0737008:  36%|███▌      | 18/50 [03:38<05:59, 11.24s/it]
============================================================
Trial 18
============================================================
seq_len: 96, pred_len: 14
d_model: 64, n_heads: 4
e_layers: 1, d_layers: 2
batch_size: 32, lr: 0.000442
dropout: 0.22472850372635533
============================================================

Please make sure you have successfully installed mamba_ssm
Use GPU: cuda:0
DEBUG Mamba Init - d_model: 64, d_state: 16, d_inner: 128, expand: 2
>>>>>> Start training: trial_18 >>>>>>
============================================================
DATASET SPLIT INFO (90/5/5):
============================================================
Total samples: 5193
Train: 4673 samples (90%) - rows 0 to 4672
Val: 259 samples (5%) - rows 4673 to 4931
Test: 261 samples (5%) - rows 4932 to 5192
Sequence length: 96, Prediction length: 14
============================================================
train 4564
val 246
test 248
Validation loss decreased (inf --> 0.040100).  Saving model ...
Updating learning rate to 0.000441746553062826
Validation loss decreased (0.040100 --> 0.039018).  Saving model ...
Updating learning rate to 0.000220873276531413
EarlyStopping counter: 1 out of 3
Updating learning rate to 0.0001104366382657065
EarlyStopping counter: 2 out of 3
Updating learning rate to 5.521831913285325e-05
Validation loss decreased (0.039018 --> 0.038992).  Saving model ...
Updating learning rate to 2.7609159566426623e-05
EarlyStopping counter: 1 out of 3
Updating learning rate to 1.3804579783213312e-05
EarlyStopping counter: 2 out of 3
Updating learning rate to 6.902289891606656e-06
EarlyStopping counter: 3 out of 3
>>>>>> Testing on validation set: trial_18 >>>>>>
test 248
test shape: (248, 14, 5) (248, 14, 5)
test shape: (248, 14, 5) (248, 14, 5)


	mse:0.07214006036520004, mae:0.1050325557589531, dtw:Not calculated


