                                                                                     [I 2025-10-16 22:49:44,651] Trial 36 finished with value: 0.0756065770983696 and parameters: {'seq_len': 48, 'pred_len': 1, 'expand': 2, 'd_model': 32, 'n_heads': 4, 'e_layers': 1, 'd_layers': 2, 'batch_size': 16, 'learning_rate': 0.0007592175628482102, 'dropout': 0.24521654244529137}. Best is trial 30 with value: 0.07333198934793472.
Best trial: 30. Best value: 0.073332:  72%|███████▏  | 36/50 [07:41<04:24, 18.92s/it]Best trial: 30. Best value: 0.073332:  72%|███████▏  | 36/50 [07:41<04:24, 18.92s/it]Best trial: 30. Best value: 0.073332:  74%|███████▍  | 37/50 [07:41<03:57, 18.24s/it]
============================================================
Trial 37
============================================================
seq_len: 48, pred_len: 1
d_model: 32, n_heads: 8
e_layers: 1, d_layers: 2
batch_size: 16, lr: 0.000352
dropout: 0.27508572640342577
============================================================

Please make sure you have successfully installed mamba_ssm
Use GPU: cuda:0
DEBUG Mamba Init - d_model: 32, d_state: 16, d_inner: 64, expand: 2
>>>>>> Start training: trial_37 >>>>>>
============================================================
DATASET SPLIT INFO (90/5/5):
============================================================
Total samples: 5193
Train: 4673 samples (90%) - rows 0 to 4672
Val: 259 samples (5%) - rows 4673 to 4931
Test: 261 samples (5%) - rows 4932 to 5192
Sequence length: 48, Prediction length: 1
============================================================
train 4625
val 259
test 261
Validation loss decreased (inf --> 0.029163).  Saving model ...
Updating learning rate to 0.0003522878861963901
Validation loss decreased (0.029163 --> 0.027748).  Saving model ...
Updating learning rate to 0.00017614394309819505
EarlyStopping counter: 1 out of 3
Updating learning rate to 8.807197154909752e-05
Validation loss decreased (0.027748 --> 0.027627).  Saving model ...
Updating learning rate to 4.403598577454876e-05
EarlyStopping counter: 1 out of 3
Updating learning rate to 2.201799288727438e-05
EarlyStopping counter: 2 out of 3
Updating learning rate to 1.100899644363719e-05
EarlyStopping counter: 3 out of 3
>>>>>> Testing on validation set: trial_37 >>>>>>
test 261
test shape: (261, 1, 5) (261, 1, 5)
test shape: (261, 1, 5) (261, 1, 5)


	mse:0.05138767138123512, mae:0.07700308412313461, dtw:Not calculated


                                                                                     [I 2025-10-16 22:50:03,770] Trial 37 finished with value: 0.07700308412313461 and parameters: {'seq_len': 48, 'pred_len': 1, 'expand': 2, 'd_model': 32, 'n_heads': 8, 'e_layers': 1, 'd_layers': 2, 'batch_size': 16, 'learning_rate': 0.0003522878861963901, 'dropout': 0.27508572640342577}. Best is trial 30 with value: 0.07333198934793472.
Best trial: 30. Best value: 0.073332:  74%|███████▍  | 37/50 [08:00<03:57, 18.24s/it]Best trial: 30. Best value: 0.073332:  74%|███████▍  | 37/50 [08:00<03:57, 18.24s/it]Best trial: 30. Best value: 0.073332:  76%|███████▌  | 38/50 [08:00<03:42, 18.50s/it]
============================================================
Trial 38
============================================================
seq_len: 48, pred_len: 7
d_model: 32, n_heads: 4
e_layers: 1, d_layers: 2
batch_size: 16, lr: 0.000228
dropout: 0.21306602529463264
============================================================

Please make sure you have successfully installed mamba_ssm
Use GPU: cuda:0
DEBUG Mamba Init - d_model: 32, d_state: 16, d_inner: 32, expand: 1
>>>>>> Start training: trial_38 >>>>>>
============================================================
DATASET SPLIT INFO (90/5/5):
============================================================
Total samples: 5193
Train: 4673 samples (90%) - rows 0 to 4672
Val: 259 samples (5%) - rows 4673 to 4931
Test: 261 samples (5%) - rows 4932 to 5192
Sequence length: 48, Prediction length: 7
============================================================
train 4619
val 253
test 255
Validation loss decreased (inf --> 0.036798).  Saving model ...
Updating learning rate to 0.0002281692531635333
Validation loss decreased (0.036798 --> 0.036441).  Saving model ...
Updating learning rate to 0.00011408462658176666
EarlyStopping counter: 1 out of 3
Updating learning rate to 5.704231329088333e-05
EarlyStopping counter: 2 out of 3
Updating learning rate to 2.8521156645441664e-05
EarlyStopping counter: 3 out of 3
>>>>>> Testing on validation set: trial_38 >>>>>>
test 255
test shape: (255, 7, 5) (255, 7, 5)
test shape: (255, 7, 5) (255, 7, 5)


	mse:0.06423334032297134, mae:0.09603727608919144, dtw:Not calculated


                                                                                     [I 2025-10-16 22:50:17,644] Trial 38 finished with value: 0.09603727608919144 and parameters: {'seq_len': 48, 'pred_len': 7, 'expand': 1, 'd_model': 32, 'n_heads': 4, 'e_layers': 1, 'd_layers': 2, 'batch_size': 16, 'learning_rate': 0.0002281692531635333, 'dropout': 0.21306602529463264}. Best is trial 30 with value: 0.07333198934793472.
Best trial: 30. Best value: 0.073332:  76%|███████▌  | 38/50 [08:14<03:42, 18.50s/it]Best trial: 30. Best value: 0.073332:  76%|███████▌  | 38/50 [08:14<03:42, 18.50s/it]Best trial: 30. Best value: 0.073332:  78%|███████▊  | 39/50 [08:14<03:08, 17.11s/it]
============================================================
Trial 39
============================================================
seq_len: 48, pred_len: 30
d_model: 32, n_heads: 8
e_layers: 1, d_layers: 2
batch_size: 16, lr: 0.000063
dropout: 0.28036350165123725
============================================================

Please make sure you have successfully installed mamba_ssm
Use GPU: cuda:0
DEBUG Mamba Init - d_model: 32, d_state: 16, d_inner: 64, expand: 2
>>>>>> Start training: trial_39 >>>>>>
============================================================
DATASET SPLIT INFO (90/5/5):
============================================================
Total samples: 5193
Train: 4673 samples (90%) - rows 0 to 4672
Val: 259 samples (5%) - rows 4673 to 4931
Test: 261 samples (5%) - rows 4932 to 5192
Sequence length: 48, Prediction length: 30
============================================================
train 4596
val 230
test 232
Validation loss decreased (inf --> 0.037877).  Saving model ...
Updating learning rate to 6.349595991322294e-05
EarlyStopping counter: 1 out of 3
Updating learning rate to 3.174797995661147e-05
EarlyStopping counter: 2 out of 3
Updating learning rate to 1.5873989978305735e-05
Validation loss decreased (0.037877 --> 0.037777).  Saving model ...
Updating learning rate to 7.936994989152867e-06
Validation loss decreased (0.037777 --> 0.037740).  Saving model ...
Updating learning rate to 3.968497494576434e-06
EarlyStopping counter: 1 out of 3
Updating learning rate to 1.984248747288217e-06
EarlyStopping counter: 2 out of 3
Updating learning rate to 9.921243736441084e-07
EarlyStopping counter: 3 out of 3
>>>>>> Testing on validation set: trial_39 >>>>>>
test 232
test shape: (232, 30, 5) (232, 30, 5)
test shape: (232, 30, 5) (232, 30, 5)


	mse:0.0658881664276123, mae:0.10472572594881058, dtw:Not calculated


                                                                                     [I 2025-10-16 22:50:39,360] Trial 39 finished with value: 0.10472572594881058 and parameters: {'seq_len': 48, 'pred_len': 30, 'expand': 2, 'd_model': 32, 'n_heads': 8, 'e_layers': 1, 'd_layers': 2, 'batch_size': 16, 'learning_rate': 6.349595991322294e-05, 'dropout': 0.28036350165123725}. Best is trial 30 with value: 0.07333198934793472.
Best trial: 30. Best value: 0.073332:  78%|███████▊  | 39/50 [08:35<03:08, 17.11s/it]Best trial: 30. Best value: 0.073332:  78%|███████▊  | 39/50 [08:35<03:08, 17.11s/it]Best trial: 30. Best value: 0.073332:  80%|████████  | 40/50 [08:35<03:04, 18.48s/it]
============================================================
Trial 40
============================================================
seq_len: 48, pred_len: 1
d_model: 32, n_heads: 4
e_layers: 1, d_layers: 2
batch_size: 16, lr: 0.000134
dropout: 0.14440791728146457
============================================================

Please make sure you have successfully installed mamba_ssm
Use GPU: cuda:0
DEBUG Mamba Init - d_model: 32, d_state: 16, d_inner: 64, expand: 2
>>>>>> Start training: trial_40 >>>>>>
============================================================
DATASET SPLIT INFO (90/5/5):
============================================================
Total samples: 5193
Train: 4673 samples (90%) - rows 0 to 4672
Val: 259 samples (5%) - rows 4673 to 4931
Test: 261 samples (5%) - rows 4932 to 5192
Sequence length: 48, Prediction length: 1
============================================================
train 4625
val 259
test 261
Validation loss decreased (inf --> 0.029005).  Saving model ...
Updating learning rate to 0.00013383997818236924
EarlyStopping counter: 1 out of 3
Updating learning rate to 6.691998909118462e-05
Validation loss decreased (0.029005 --> 0.027887).  Saving model ...
Updating learning rate to 3.345999454559231e-05
EarlyStopping counter: 1 out of 3
Updating learning rate to 1.6729997272796155e-05
Validation loss decreased (0.027887 --> 0.027009).  Saving model ...
Updating learning rate to 8.364998636398078e-06
EarlyStopping counter: 1 out of 3
Updating learning rate to 4.182499318199039e-06
EarlyStopping counter: 2 out of 3
Updating learning rate to 2.0912496590995194e-06
EarlyStopping counter: 3 out of 3
>>>>>> Testing on validation set: trial_40 >>>>>>
test 261
test shape: (261, 1, 5) (261, 1, 5)
test shape: (261, 1, 5) (261, 1, 5)


	mse:0.05398116260766983, mae:0.08043883740901947, dtw:Not calculated


                                                                                     [I 2025-10-16 22:51:01,010] Trial 40 finished with value: 0.08043883740901947 and parameters: {'seq_len': 48, 'pred_len': 1, 'expand': 2, 'd_model': 32, 'n_heads': 4, 'e_layers': 1, 'd_layers': 2, 'batch_size': 16, 'learning_rate': 0.00013383997818236924, 'dropout': 0.14440791728146457}. Best is trial 30 with value: 0.07333198934793472.
Best trial: 30. Best value: 0.073332:  80%|████████  | 40/50 [08:57<03:04, 18.48s/it]Best trial: 30. Best value: 0.073332:  80%|████████  | 40/50 [08:57<03:04, 18.48s/it]Best trial: 30. Best value: 0.073332:  82%|████████▏ | 41/50 [08:57<02:54, 19.43s/it]
============================================================
Trial 41
============================================================
seq_len: 96, pred_len: 1
d_model: 64, n_heads: 4
e_layers: 1, d_layers: 2
batch_size: 16, lr: 0.000508
dropout: 0.23613894287963758
============================================================

Please make sure you have successfully installed mamba_ssm
Use GPU: cuda:0
DEBUG Mamba Init - d_model: 64, d_state: 16, d_inner: 128, expand: 2
>>>>>> Start training: trial_41 >>>>>>
============================================================
DATASET SPLIT INFO (90/5/5):
============================================================
Total samples: 5193
Train: 4673 samples (90%) - rows 0 to 4672
Val: 259 samples (5%) - rows 4673 to 4931
Test: 261 samples (5%) - rows 4932 to 5192
Sequence length: 96, Prediction length: 1
============================================================
train 4577
val 259
test 261
Validation loss decreased (inf --> 0.031402).  Saving model ...
Updating learning rate to 0.0005076865873239072
EarlyStopping counter: 1 out of 3
Updating learning rate to 0.0002538432936619536
Validation loss decreased (0.031402 --> 0.025330).  Saving model ...
Updating learning rate to 0.0001269216468309768
EarlyStopping counter: 1 out of 3
Updating learning rate to 6.34608234154884e-05
Validation loss decreased (0.025330 --> 0.024911).  Saving model ...
Updating learning rate to 3.17304117077442e-05
Validation loss decreased (0.024911 --> 0.024844).  Saving model ...
Updating learning rate to 1.58652058538721e-05
EarlyStopping counter: 1 out of 3
Updating learning rate to 7.93260292693605e-06
EarlyStopping counter: 2 out of 3
Updating learning rate to 3.966301463468025e-06
EarlyStopping counter: 3 out of 3
>>>>>> Testing on validation set: trial_41 >>>>>>
test 261
test shape: (261, 1, 5) (261, 1, 5)
test shape: (261, 1, 5) (261, 1, 5)


	mse:0.050115860998630524, mae:0.0749044120311737, dtw:Not calculated


                                                                                     [I 2025-10-16 22:51:25,298] Trial 41 finished with value: 0.0749044120311737 and parameters: {'seq_len': 96, 'pred_len': 1, 'expand': 2, 'd_model': 64, 'n_heads': 4, 'e_layers': 1, 'd_layers': 2, 'batch_size': 16, 'learning_rate': 0.0005076865873239072, 'dropout': 0.23613894287963758}. Best is trial 30 with value: 0.07333198934793472.
Best trial: 30. Best value: 0.073332:  82%|████████▏ | 41/50 [09:21<02:54, 19.43s/it]Best trial: 30. Best value: 0.073332:  82%|████████▏ | 41/50 [09:21<02:54, 19.43s/it]Best trial: 30. Best value: 0.073332:  84%|████████▍ | 42/50 [09:21<02:47, 20.89s/it]
============================================================
Trial 42
============================================================
seq_len: 96, pred_len: 1
d_model: 32, n_heads: 4
e_layers: 1, d_layers: 2
batch_size: 16, lr: 0.000978
dropout: 0.26505663867313467
============================================================

Please make sure you have successfully installed mamba_ssm
Use GPU: cuda:0
DEBUG Mamba Init - d_model: 32, d_state: 16, d_inner: 64, expand: 2
>>>>>> Start training: trial_42 >>>>>>
============================================================
DATASET SPLIT INFO (90/5/5):
============================================================
Total samples: 5193
Train: 4673 samples (90%) - rows 0 to 4672
Val: 259 samples (5%) - rows 4673 to 4931
Test: 261 samples (5%) - rows 4932 to 5192
Sequence length: 96, Prediction length: 1
============================================================
train 4577
val 259
test 261
Validation loss decreased (inf --> 0.026441).  Saving model ...
Updating learning rate to 0.0009779529584250347
EarlyStopping counter: 1 out of 3
Updating learning rate to 0.0004889764792125173
EarlyStopping counter: 2 out of 3
Updating learning rate to 0.00024448823960625867
Validation loss decreased (0.026441 --> 0.024943).  Saving model ...
Updating learning rate to 0.00012224411980312933
Validation loss decreased (0.024943 --> 0.024764).  Saving model ...
Updating learning rate to 6.112205990156467e-05
EarlyStopping counter: 1 out of 3
Updating learning rate to 3.0561029950782334e-05
EarlyStopping counter: 2 out of 3
Updating learning rate to 1.5280514975391167e-05
EarlyStopping counter: 3 out of 3
>>>>>> Testing on validation set: trial_42 >>>>>>
test 261
test shape: (261, 1, 5) (261, 1, 5)
test shape: (261, 1, 5) (261, 1, 5)


	mse:0.048891015350818634, mae:0.07341280579566956, dtw:Not calculated


                                                                                     [I 2025-10-16 22:51:46,734] Trial 42 finished with value: 0.07341280579566956 and parameters: {'seq_len': 96, 'pred_len': 1, 'expand': 2, 'd_model': 32, 'n_heads': 4, 'e_layers': 1, 'd_layers': 2, 'batch_size': 16, 'learning_rate': 0.0009779529584250347, 'dropout': 0.26505663867313467}. Best is trial 30 with value: 0.07333198934793472.
Best trial: 30. Best value: 0.073332:  84%|████████▍ | 42/50 [09:43<02:47, 20.89s/it]Best trial: 30. Best value: 0.073332:  84%|████████▍ | 42/50 [09:43<02:47, 20.89s/it]Best trial: 30. Best value: 0.073332:  86%|████████▌ | 43/50 [09:43<02:27, 21.05s/it]
============================================================
Trial 43
============================================================
seq_len: 48, pred_len: 1
d_model: 32, n_heads: 4
e_layers: 1, d_layers: 2
batch_size: 16, lr: 0.000862
dropout: 0.26301575261418764
============================================================

Please make sure you have successfully installed mamba_ssm
Use GPU: cuda:0
DEBUG Mamba Init - d_model: 32, d_state: 16, d_inner: 64, expand: 2
>>>>>> Start training: trial_43 >>>>>>
============================================================
DATASET SPLIT INFO (90/5/5):
============================================================
Total samples: 5193
Train: 4673 samples (90%) - rows 0 to 4672
Val: 259 samples (5%) - rows 4673 to 4931
Test: 261 samples (5%) - rows 4932 to 5192
Sequence length: 48, Prediction length: 1
============================================================
train 4625
val 259
test 261
Validation loss decreased (inf --> 0.029460).  Saving model ...
Updating learning rate to 0.0008624166512028265
Validation loss decreased (0.029460 --> 0.027727).  Saving model ...
Updating learning rate to 0.00043120832560141327
EarlyStopping counter: 1 out of 3
Updating learning rate to 0.00021560416280070664
Validation loss decreased (0.027727 --> 0.025489).  Saving model ...
Updating learning rate to 0.00010780208140035332
EarlyStopping counter: 1 out of 3
Updating learning rate to 5.390104070017666e-05
EarlyStopping counter: 2 out of 3
Updating learning rate to 2.695052035008833e-05
EarlyStopping counter: 3 out of 3
>>>>>> Testing on validation set: trial_43 >>>>>>
test 261
test shape: (261, 1, 5) (261, 1, 5)
test shape: (261, 1, 5) (261, 1, 5)


	mse:0.049745626747608185, mae:0.07309852540493011, dtw:Not calculated


                                                                                     [I 2025-10-16 22:52:05,479] Trial 43 finished with value: 0.07309852540493011 and parameters: {'seq_len': 48, 'pred_len': 1, 'expand': 2, 'd_model': 32, 'n_heads': 4, 'e_layers': 1, 'd_layers': 2, 'batch_size': 16, 'learning_rate': 0.0008624166512028265, 'dropout': 0.26301575261418764}. Best is trial 43 with value: 0.07309852540493011.
Best trial: 30. Best value: 0.073332:  86%|████████▌ | 43/50 [10:01<02:27, 21.05s/it]Best trial: 43. Best value: 0.0730985:  86%|████████▌ | 43/50 [10:01<02:27, 21.05s/it]Best trial: 43. Best value: 0.0730985:  88%|████████▊ | 44/50 [10:01<02:02, 20.36s/it]
============================================================
Trial 44
============================================================
seq_len: 96, pred_len: 1
d_model: 32, n_heads: 4
e_layers: 1, d_layers: 2
batch_size: 16, lr: 0.000992
dropout: 0.2908466888793985
============================================================

Please make sure you have successfully installed mamba_ssm
Use GPU: cuda:0
DEBUG Mamba Init - d_model: 32, d_state: 16, d_inner: 64, expand: 2
>>>>>> Start training: trial_44 >>>>>>
============================================================
DATASET SPLIT INFO (90/5/5):
============================================================
Total samples: 5193
Train: 4673 samples (90%) - rows 0 to 4672
Val: 259 samples (5%) - rows 4673 to 4931
Test: 261 samples (5%) - rows 4932 to 5192
Sequence length: 96, Prediction length: 1
============================================================
train 4577
val 259
test 261
Validation loss decreased (inf --> 0.032639).  Saving model ...
Updating learning rate to 0.0009916404292996052
Validation loss decreased (0.032639 --> 0.025625).  Saving model ...
Updating learning rate to 0.0004958202146498026
Validation loss decreased (0.025625 --> 0.025093).  Saving model ...
Updating learning rate to 0.0002479101073249013
EarlyStopping counter: 1 out of 3
Updating learning rate to 0.00012395505366245065
EarlyStopping counter: 2 out of 3
Updating learning rate to 6.197752683122533e-05
EarlyStopping counter: 3 out of 3
>>>>>> Testing on validation set: trial_44 >>>>>>
test 261
test shape: (261, 1, 5) (261, 1, 5)
test shape: (261, 1, 5) (261, 1, 5)


	mse:0.049541983753442764, mae:0.07370822131633759, dtw:Not calculated


