                                                                                      [I 2025-10-16 22:45:53,127] Trial 18 finished with value: 0.1050325557589531 and parameters: {'seq_len': 96, 'pred_len': 14, 'expand': 2, 'd_model': 64, 'n_heads': 4, 'e_layers': 1, 'd_layers': 2, 'batch_size': 32, 'learning_rate': 0.000441746553062826, 'dropout': 0.22472850372635533}. Best is trial 14 with value: 0.07370081543922424.
Best trial: 14. Best value: 0.0737008:  36%|███▌      | 18/50 [03:49<05:59, 11.24s/it]Best trial: 14. Best value: 0.0737008:  36%|███▌      | 18/50 [03:49<05:59, 11.24s/it]Best trial: 14. Best value: 0.0737008:  38%|███▊      | 19/50 [03:49<05:50, 11.30s/it]
============================================================
Trial 19
============================================================
seq_len: 96, pred_len: 1
d_model: 64, n_heads: 4
e_layers: 1, d_layers: 2
batch_size: 32, lr: 0.000503
dropout: 0.23797782449291696
============================================================

Please make sure you have successfully installed mamba_ssm
Use GPU: cuda:0
DEBUG Mamba Init - d_model: 64, d_state: 16, d_inner: 128, expand: 2
>>>>>> Start training: trial_19 >>>>>>
============================================================
DATASET SPLIT INFO (90/5/5):
============================================================
Total samples: 5193
Train: 4673 samples (90%) - rows 0 to 4672
Val: 259 samples (5%) - rows 4673 to 4931
Test: 261 samples (5%) - rows 4932 to 5192
Sequence length: 96, Prediction length: 1
============================================================
train 4577
val 259
test 261
Validation loss decreased (inf --> 0.026316).  Saving model ...
Updating learning rate to 0.0005033106338462795
EarlyStopping counter: 1 out of 3
Updating learning rate to 0.00025165531692313974
Validation loss decreased (0.026316 --> 0.023591).  Saving model ...
Updating learning rate to 0.00012582765846156987
Validation loss decreased (0.023591 --> 0.023260).  Saving model ...
Updating learning rate to 6.291382923078493e-05
EarlyStopping counter: 1 out of 3
Updating learning rate to 3.145691461539247e-05
EarlyStopping counter: 2 out of 3
Updating learning rate to 1.5728457307696234e-05
EarlyStopping counter: 3 out of 3
>>>>>> Testing on validation set: trial_19 >>>>>>
test 261
test shape: (261, 1, 5) (261, 1, 5)
test shape: (261, 1, 5) (261, 1, 5)


	mse:0.04985743388533592, mae:0.07406791299581528, dtw:Not calculated


                                                                                      [I 2025-10-16 22:46:03,328] Trial 19 finished with value: 0.07406791299581528 and parameters: {'seq_len': 96, 'pred_len': 1, 'expand': 2, 'd_model': 64, 'n_heads': 4, 'e_layers': 1, 'd_layers': 2, 'batch_size': 32, 'learning_rate': 0.0005033106338462795, 'dropout': 0.23797782449291696}. Best is trial 14 with value: 0.07370081543922424.
Best trial: 14. Best value: 0.0737008:  38%|███▊      | 19/50 [03:59<05:50, 11.30s/it]Best trial: 14. Best value: 0.0737008:  38%|███▊      | 19/50 [03:59<05:50, 11.30s/it]Best trial: 14. Best value: 0.0737008:  40%|████      | 20/50 [03:59<05:29, 10.97s/it]
============================================================
Trial 20
============================================================
seq_len: 96, pred_len: 1
d_model: 64, n_heads: 4
e_layers: 1, d_layers: 2
batch_size: 32, lr: 0.000344
dropout: 0.2524842228274623
============================================================

Please make sure you have successfully installed mamba_ssm
Use GPU: cuda:0
DEBUG Mamba Init - d_model: 64, d_state: 16, d_inner: 64, expand: 1
>>>>>> Start training: trial_20 >>>>>>
============================================================
DATASET SPLIT INFO (90/5/5):
============================================================
Total samples: 5193
Train: 4673 samples (90%) - rows 0 to 4672
Val: 259 samples (5%) - rows 4673 to 4931
Test: 261 samples (5%) - rows 4932 to 5192
Sequence length: 96, Prediction length: 1
============================================================
train 4577
val 259
test 261
Validation loss decreased (inf --> 0.025411).  Saving model ...
Updating learning rate to 0.00034350780997177146
EarlyStopping counter: 1 out of 3
Updating learning rate to 0.00017175390498588573
EarlyStopping counter: 2 out of 3
Updating learning rate to 8.587695249294287e-05
EarlyStopping counter: 3 out of 3
>>>>>> Testing on validation set: trial_20 >>>>>>
test 261
test shape: (261, 1, 5) (261, 1, 5)
test shape: (261, 1, 5) (261, 1, 5)


	mse:0.05347924306988716, mae:0.08630599081516266, dtw:Not calculated


                                                                                      [I 2025-10-16 22:46:09,018] Trial 20 finished with value: 0.08630599081516266 and parameters: {'seq_len': 96, 'pred_len': 1, 'expand': 1, 'd_model': 64, 'n_heads': 4, 'e_layers': 1, 'd_layers': 2, 'batch_size': 32, 'learning_rate': 0.00034350780997177146, 'dropout': 0.2524842228274623}. Best is trial 14 with value: 0.07370081543922424.
Best trial: 14. Best value: 0.0737008:  40%|████      | 20/50 [04:05<05:29, 10.97s/it]Best trial: 14. Best value: 0.0737008:  40%|████      | 20/50 [04:05<05:29, 10.97s/it]Best trial: 14. Best value: 0.0737008:  42%|████▏     | 21/50 [04:05<04:32,  9.39s/it]
============================================================
Trial 21
============================================================
seq_len: 96, pred_len: 1
d_model: 64, n_heads: 4
e_layers: 1, d_layers: 2
batch_size: 32, lr: 0.000613
dropout: 0.2012440478931155
============================================================

Please make sure you have successfully installed mamba_ssm
Use GPU: cuda:0
DEBUG Mamba Init - d_model: 64, d_state: 16, d_inner: 128, expand: 2
>>>>>> Start training: trial_21 >>>>>>
============================================================
DATASET SPLIT INFO (90/5/5):
============================================================
Total samples: 5193
Train: 4673 samples (90%) - rows 0 to 4672
Val: 259 samples (5%) - rows 4673 to 4931
Test: 261 samples (5%) - rows 4932 to 5192
Sequence length: 96, Prediction length: 1
============================================================
train 4577
val 259
test 261
Validation loss decreased (inf --> 0.028136).  Saving model ...
Updating learning rate to 0.000612777488391982
EarlyStopping counter: 1 out of 3
Updating learning rate to 0.000306388744195991
Validation loss decreased (0.028136 --> 0.024628).  Saving model ...
Updating learning rate to 0.0001531943720979955
EarlyStopping counter: 1 out of 3
Updating learning rate to 7.659718604899775e-05
EarlyStopping counter: 2 out of 3
Updating learning rate to 3.829859302449888e-05
EarlyStopping counter: 3 out of 3
>>>>>> Testing on validation set: trial_21 >>>>>>
test 261
test shape: (261, 1, 5) (261, 1, 5)
test shape: (261, 1, 5) (261, 1, 5)


	mse:0.04900451377034187, mae:0.07530764490365982, dtw:Not calculated


                                                                                      [I 2025-10-16 22:46:17,660] Trial 21 finished with value: 0.07530764490365982 and parameters: {'seq_len': 96, 'pred_len': 1, 'expand': 2, 'd_model': 64, 'n_heads': 4, 'e_layers': 1, 'd_layers': 2, 'batch_size': 32, 'learning_rate': 0.000612777488391982, 'dropout': 0.2012440478931155}. Best is trial 14 with value: 0.07370081543922424.
Best trial: 14. Best value: 0.0737008:  42%|████▏     | 21/50 [04:14<04:32,  9.39s/it]Best trial: 14. Best value: 0.0737008:  42%|████▏     | 21/50 [04:14<04:32,  9.39s/it]Best trial: 14. Best value: 0.0737008:  44%|████▍     | 22/50 [04:14<04:16,  9.16s/it]
============================================================
Trial 22
============================================================
seq_len: 96, pred_len: 1
d_model: 64, n_heads: 4
e_layers: 1, d_layers: 2
batch_size: 32, lr: 0.000700
dropout: 0.23206882012886096
============================================================

Please make sure you have successfully installed mamba_ssm
Use GPU: cuda:0
DEBUG Mamba Init - d_model: 64, d_state: 16, d_inner: 128, expand: 2
>>>>>> Start training: trial_22 >>>>>>
============================================================
DATASET SPLIT INFO (90/5/5):
============================================================
Total samples: 5193
Train: 4673 samples (90%) - rows 0 to 4672
Val: 259 samples (5%) - rows 4673 to 4931
Test: 261 samples (5%) - rows 4932 to 5192
Sequence length: 96, Prediction length: 1
============================================================
train 4577
val 259
test 261
Validation loss decreased (inf --> 0.025452).  Saving model ...
Updating learning rate to 0.0007001847242514425
Validation loss decreased (0.025452 --> 0.024609).  Saving model ...
Updating learning rate to 0.00035009236212572126
Validation loss decreased (0.024609 --> 0.023654).  Saving model ...
Updating learning rate to 0.00017504618106286063
EarlyStopping counter: 1 out of 3
Updating learning rate to 8.752309053143032e-05
EarlyStopping counter: 2 out of 3
Updating learning rate to 4.376154526571516e-05
EarlyStopping counter: 3 out of 3
>>>>>> Testing on validation set: trial_22 >>>>>>
test 261
test shape: (261, 1, 5) (261, 1, 5)
test shape: (261, 1, 5) (261, 1, 5)


	mse:0.05004943534731865, mae:0.07511772960424423, dtw:Not calculated


                                                                                      [I 2025-10-16 22:46:26,396] Trial 22 finished with value: 0.07511772960424423 and parameters: {'seq_len': 96, 'pred_len': 1, 'expand': 2, 'd_model': 64, 'n_heads': 4, 'e_layers': 1, 'd_layers': 2, 'batch_size': 32, 'learning_rate': 0.0007001847242514425, 'dropout': 0.23206882012886096}. Best is trial 14 with value: 0.07370081543922424.
Best trial: 14. Best value: 0.0737008:  44%|████▍     | 22/50 [04:22<04:16,  9.16s/it]Best trial: 14. Best value: 0.0737008:  44%|████▍     | 22/50 [04:22<04:16,  9.16s/it]Best trial: 14. Best value: 0.0737008:  46%|████▌     | 23/50 [04:22<04:03,  9.03s/it]
============================================================
Trial 23
============================================================
seq_len: 96, pred_len: 1
d_model: 64, n_heads: 4
e_layers: 1, d_layers: 2
batch_size: 32, lr: 0.000300
dropout: 0.15934927505817154
============================================================

Please make sure you have successfully installed mamba_ssm
Use GPU: cuda:0
DEBUG Mamba Init - d_model: 64, d_state: 16, d_inner: 128, expand: 2
>>>>>> Start training: trial_23 >>>>>>
============================================================
DATASET SPLIT INFO (90/5/5):
============================================================
Total samples: 5193
Train: 4673 samples (90%) - rows 0 to 4672
Val: 259 samples (5%) - rows 4673 to 4931
Test: 261 samples (5%) - rows 4932 to 5192
Sequence length: 96, Prediction length: 1
============================================================
train 4577
val 259
test 261
Validation loss decreased (inf --> 0.025899).  Saving model ...
Updating learning rate to 0.0002999153581407547
EarlyStopping counter: 1 out of 3
Updating learning rate to 0.00014995767907037734
Validation loss decreased (0.025899 --> 0.024530).  Saving model ...
Updating learning rate to 7.497883953518867e-05
Validation loss decreased (0.024530 --> 0.024125).  Saving model ...
Updating learning rate to 3.7489419767594334e-05
EarlyStopping counter: 1 out of 3
Updating learning rate to 1.8744709883797167e-05
Validation loss decreased (0.024125 --> 0.023977).  Saving model ...
Updating learning rate to 9.372354941898584e-06
EarlyStopping counter: 1 out of 3
Updating learning rate to 4.686177470949292e-06
EarlyStopping counter: 2 out of 3
Updating learning rate to 2.343088735474646e-06
EarlyStopping counter: 3 out of 3
>>>>>> Testing on validation set: trial_23 >>>>>>
test 261
test shape: (261, 1, 5) (261, 1, 5)
test shape: (261, 1, 5) (261, 1, 5)


	mse:0.04947815090417862, mae:0.07447171211242676, dtw:Not calculated


                                                                                      [I 2025-10-16 22:46:39,088] Trial 23 finished with value: 0.07447171211242676 and parameters: {'seq_len': 96, 'pred_len': 1, 'expand': 2, 'd_model': 64, 'n_heads': 4, 'e_layers': 1, 'd_layers': 2, 'batch_size': 32, 'learning_rate': 0.0002999153581407547, 'dropout': 0.15934927505817154}. Best is trial 14 with value: 0.07370081543922424.
Best trial: 14. Best value: 0.0737008:  46%|████▌     | 23/50 [04:35<04:03,  9.03s/it]Best trial: 14. Best value: 0.0737008:  46%|████▌     | 23/50 [04:35<04:03,  9.03s/it]Best trial: 14. Best value: 0.0737008:  48%|████▊     | 24/50 [04:35<04:23, 10.13s/it]
============================================================
Trial 24
============================================================
seq_len: 96, pred_len: 1
d_model: 64, n_heads: 4
e_layers: 1, d_layers: 2
batch_size: 32, lr: 0.000453
dropout: 0.2540333087882349
============================================================

Please make sure you have successfully installed mamba_ssm
Use GPU: cuda:0
DEBUG Mamba Init - d_model: 64, d_state: 16, d_inner: 128, expand: 2
>>>>>> Start training: trial_24 >>>>>>
============================================================
DATASET SPLIT INFO (90/5/5):
============================================================
Total samples: 5193
Train: 4673 samples (90%) - rows 0 to 4672
Val: 259 samples (5%) - rows 4673 to 4931
Test: 261 samples (5%) - rows 4932 to 5192
Sequence length: 96, Prediction length: 1
============================================================
train 4577
val 259
test 261
Validation loss decreased (inf --> 0.026201).  Saving model ...
Updating learning rate to 0.00045285298500519666
EarlyStopping counter: 1 out of 3
Updating learning rate to 0.00022642649250259833
Validation loss decreased (0.026201 --> 0.024575).  Saving model ...
Updating learning rate to 0.00011321324625129917
EarlyStopping counter: 1 out of 3
Updating learning rate to 5.660662312564958e-05
EarlyStopping counter: 2 out of 3
Updating learning rate to 2.830331156282479e-05
EarlyStopping counter: 3 out of 3
>>>>>> Testing on validation set: trial_24 >>>>>>
test 261
test shape: (261, 1, 5) (261, 1, 5)
test shape: (261, 1, 5) (261, 1, 5)


	mse:0.051149144768714905, mae:0.0770244225859642, dtw:Not calculated


                                                                                      [I 2025-10-16 22:46:47,681] Trial 24 finished with value: 0.0770244225859642 and parameters: {'seq_len': 96, 'pred_len': 1, 'expand': 2, 'd_model': 64, 'n_heads': 4, 'e_layers': 1, 'd_layers': 2, 'batch_size': 32, 'learning_rate': 0.00045285298500519666, 'dropout': 0.2540333087882349}. Best is trial 14 with value: 0.07370081543922424.
Best trial: 14. Best value: 0.0737008:  48%|████▊     | 24/50 [04:44<04:23, 10.13s/it]Best trial: 14. Best value: 0.0737008:  48%|████▊     | 24/50 [04:44<04:23, 10.13s/it]Best trial: 14. Best value: 0.0737008:  50%|█████     | 25/50 [04:44<04:01,  9.67s/it]
============================================================
Trial 25
============================================================
seq_len: 96, pred_len: 1
d_model: 64, n_heads: 4
e_layers: 1, d_layers: 2
batch_size: 32, lr: 0.000279
dropout: 0.20888599224419876
============================================================

Please make sure you have successfully installed mamba_ssm
Use GPU: cuda:0
DEBUG Mamba Init - d_model: 64, d_state: 16, d_inner: 128, expand: 2
>>>>>> Start training: trial_25 >>>>>>
============================================================
DATASET SPLIT INFO (90/5/5):
============================================================
Total samples: 5193
Train: 4673 samples (90%) - rows 0 to 4672
Val: 259 samples (5%) - rows 4673 to 4931
Test: 261 samples (5%) - rows 4932 to 5192
Sequence length: 96, Prediction length: 1
============================================================
train 4577
val 259
test 261
Validation loss decreased (inf --> 0.041515).  Saving model ...
Updating learning rate to 0.00027877104631403294
Validation loss decreased (0.041515 --> 0.025610).  Saving model ...
Updating learning rate to 0.00013938552315701647
EarlyStopping counter: 1 out of 3
Updating learning rate to 6.969276157850823e-05
EarlyStopping counter: 2 out of 3
Updating learning rate to 3.484638078925412e-05
Validation loss decreased (0.025610 --> 0.024182).  Saving model ...
Updating learning rate to 1.742319039462706e-05
EarlyStopping counter: 1 out of 3
Updating learning rate to 8.71159519731353e-06
EarlyStopping counter: 2 out of 3
Updating learning rate to 4.355797598656765e-06
EarlyStopping counter: 3 out of 3
>>>>>> Testing on validation set: trial_25 >>>>>>
test 261
test shape: (261, 1, 5) (261, 1, 5)
test shape: (261, 1, 5) (261, 1, 5)


	mse:0.05052533000707626, mae:0.07753133028745651, dtw:Not calculated


                                                                                      [I 2025-10-16 22:46:58,929] Trial 25 finished with value: 0.07753133028745651 and parameters: {'seq_len': 96, 'pred_len': 1, 'expand': 2, 'd_model': 64, 'n_heads': 4, 'e_layers': 1, 'd_layers': 2, 'batch_size': 32, 'learning_rate': 0.00027877104631403294, 'dropout': 0.20888599224419876}. Best is trial 14 with value: 0.07370081543922424.
Best trial: 14. Best value: 0.0737008:  50%|█████     | 25/50 [04:55<04:01,  9.67s/it]Best trial: 14. Best value: 0.0737008:  50%|█████     | 25/50 [04:55<04:01,  9.67s/it]Best trial: 14. Best value: 0.0737008:  52%|█████▏    | 26/50 [04:55<04:03, 10.14s/it]
============================================================
Trial 26
============================================================
seq_len: 96, pred_len: 14
d_model: 64, n_heads: 4
e_layers: 1, d_layers: 2
batch_size: 32, lr: 0.000731
dropout: 0.2747748675256483
============================================================

Please make sure you have successfully installed mamba_ssm
Use GPU: cuda:0
DEBUG Mamba Init - d_model: 64, d_state: 16, d_inner: 128, expand: 2
>>>>>> Start training: trial_26 >>>>>>
============================================================
DATASET SPLIT INFO (90/5/5):
============================================================
Total samples: 5193
Train: 4673 samples (90%) - rows 0 to 4672
Val: 259 samples (5%) - rows 4673 to 4931
Test: 261 samples (5%) - rows 4932 to 5192
Sequence length: 96, Prediction length: 14
============================================================
train 4564
val 246
test 248
Validation loss decreased (inf --> 0.038343).  Saving model ...
Updating learning rate to 0.0007313119288447006
EarlyStopping counter: 1 out of 3
Updating learning rate to 0.0003656559644223503
EarlyStopping counter: 2 out of 3
Updating learning rate to 0.00018282798221117515
EarlyStopping counter: 3 out of 3
>>>>>> Testing on validation set: trial_26 >>>>>>
test 248
test shape: (248, 14, 5) (248, 14, 5)
test shape: (248, 14, 5) (248, 14, 5)


	mse:0.06723984330892563, mae:0.10609954595565796, dtw:Not calculated


                                                                                      [I 2025-10-16 22:47:04,815] Trial 26 finished with value: 0.10609954595565796 and parameters: {'seq_len': 96, 'pred_len': 14, 'expand': 2, 'd_model': 64, 'n_heads': 4, 'e_layers': 1, 'd_layers': 2, 'batch_size': 32, 'learning_rate': 0.0007313119288447006, 'dropout': 0.2747748675256483}. Best is trial 14 with value: 0.07370081543922424.
Best trial: 14. Best value: 0.0737008:  52%|█████▏    | 26/50 [05:01<04:03, 10.14s/it]Best trial: 14. Best value: 0.0737008:  52%|█████▏    | 26/50 [05:01<04:03, 10.14s/it]Best trial: 14. Best value: 0.0737008:  54%|█████▍    | 27/50 [05:01<03:23,  8.87s/it]
============================================================
Trial 27
============================================================
seq_len: 96, pred_len: 7
d_model: 64, n_heads: 4
e_layers: 1, d_layers: 2
batch_size: 32, lr: 0.000406
dropout: 0.18589408808335747
============================================================

Please make sure you have successfully installed mamba_ssm
Use GPU: cuda:0
DEBUG Mamba Init - d_model: 64, d_state: 16, d_inner: 128, expand: 2
>>>>>> Start training: trial_27 >>>>>>
============================================================
DATASET SPLIT INFO (90/5/5):
============================================================
Total samples: 5193
Train: 4673 samples (90%) - rows 0 to 4672
Val: 259 samples (5%) - rows 4673 to 4931
Test: 261 samples (5%) - rows 4932 to 5192
Sequence length: 96, Prediction length: 7
============================================================
train 4571
val 253
test 255
Validation loss decreased (inf --> 0.037859).  Saving model ...
Updating learning rate to 0.00040615917721224175
Validation loss decreased (0.037859 --> 0.037236).  Saving model ...
Updating learning rate to 0.00020307958860612087
EarlyStopping counter: 1 out of 3
Updating learning rate to 0.00010153979430306044
EarlyStopping counter: 2 out of 3
Updating learning rate to 5.076989715153022e-05
EarlyStopping counter: 3 out of 3
>>>>>> Testing on validation set: trial_27 >>>>>>
test 255
test shape: (255, 7, 5) (255, 7, 5)
test shape: (255, 7, 5) (255, 7, 5)


	mse:0.0667327418923378, mae:0.0988629087805748, dtw:Not calculated


