                                                                                     [I 2025-10-16 22:56:15,530] Trial 11 finished with value: 0.07807992398738861 and parameters: {'seq_len': 48, 'pred_len': 1, 'expand': 1, 'd_model': 32, 'n_heads': 8, 'e_layers': 2, 'd_layers': 2, 'batch_size': 32, 'learning_rate': 0.0009603858719577679, 'dropout': 0.23460046148565478}. Best is trial 6 with value: 0.07738547772169113.
Best trial: 6. Best value: 0.0773855:  22%|██▏       | 11/50 [02:09<06:27,  9.95s/it]Best trial: 6. Best value: 0.0773855:  22%|██▏       | 11/50 [02:09<06:27,  9.95s/it]Best trial: 6. Best value: 0.0773855:  24%|██▍       | 12/50 [02:09<06:01,  9.51s/it]
============================================================
Trial 12
============================================================
seq_len: 48, pred_len: 1
d_model: 32, n_heads: 8
e_layers: 2, d_layers: 2
batch_size: 16, lr: 0.000351
dropout: 0.2526269110814221
============================================================

Please make sure you have successfully installed mamba_ssm
Use GPU: cuda:0
DEBUG Mamba Init - d_model: 32, d_state: 16, d_inner: 32, expand: 1
>>>>>> Start training: trial_12 >>>>>>
============================================================
DATASET SPLIT INFO (90/5/5):
============================================================
Total samples: 5193
Train: 4673 samples (90%) - rows 0 to 4672
Val: 259 samples (5%) - rows 4673 to 4931
Test: 261 samples (5%) - rows 4932 to 5192
Sequence length: 48, Prediction length: 1
============================================================
train 4625
val 259
test 261
Validation loss decreased (inf --> 0.030229).  Saving model ...
Updating learning rate to 0.0003506053530115379
Validation loss decreased (0.030229 --> 0.028823).  Saving model ...
Updating learning rate to 0.00017530267650576895
EarlyStopping counter: 1 out of 3
Updating learning rate to 8.765133825288447e-05
EarlyStopping counter: 2 out of 3
Updating learning rate to 4.382566912644224e-05
Validation loss decreased (0.028823 --> 0.027967).  Saving model ...
Updating learning rate to 2.191283456322112e-05
Validation loss decreased (0.027967 --> 0.027707).  Saving model ...
Updating learning rate to 1.095641728161056e-05
Validation loss decreased (0.027707 --> 0.027440).  Saving model ...
Updating learning rate to 5.47820864080528e-06
EarlyStopping counter: 1 out of 3
Updating learning rate to 2.73910432040264e-06
EarlyStopping counter: 2 out of 3
Updating learning rate to 1.36955216020132e-06
EarlyStopping counter: 3 out of 3
>>>>>> Testing on validation set: trial_12 >>>>>>
test 261
test shape: (261, 1, 5) (261, 1, 5)
test shape: (261, 1, 5) (261, 1, 5)


	mse:0.05337253212928772, mae:0.08037770539522171, dtw:Not calculated


                                                                                     [I 2025-10-16 22:56:42,127] Trial 12 finished with value: 0.08037770539522171 and parameters: {'seq_len': 48, 'pred_len': 1, 'expand': 1, 'd_model': 32, 'n_heads': 8, 'e_layers': 2, 'd_layers': 2, 'batch_size': 16, 'learning_rate': 0.0003506053530115379, 'dropout': 0.2526269110814221}. Best is trial 6 with value: 0.07738547772169113.
Best trial: 6. Best value: 0.0773855:  24%|██▍       | 12/50 [02:36<06:01,  9.51s/it]Best trial: 6. Best value: 0.0773855:  24%|██▍       | 12/50 [02:36<06:01,  9.51s/it]Best trial: 6. Best value: 0.0773855:  26%|██▌       | 13/50 [02:36<09:03, 14.69s/it]
============================================================
Trial 13
============================================================
seq_len: 48, pred_len: 1
d_model: 64, n_heads: 8
e_layers: 2, d_layers: 2
batch_size: 32, lr: 0.000421
dropout: 0.2272722210856118
============================================================

Please make sure you have successfully installed mamba_ssm
Use GPU: cuda:0
DEBUG Mamba Init - d_model: 64, d_state: 16, d_inner: 64, expand: 1
>>>>>> Start training: trial_13 >>>>>>
============================================================
DATASET SPLIT INFO (90/5/5):
============================================================
Total samples: 5193
Train: 4673 samples (90%) - rows 0 to 4672
Val: 259 samples (5%) - rows 4673 to 4931
Test: 261 samples (5%) - rows 4932 to 5192
Sequence length: 48, Prediction length: 1
============================================================
train 4625
val 259
test 261
Validation loss decreased (inf --> 0.029959).  Saving model ...
Updating learning rate to 0.00042063988313753575
Validation loss decreased (0.029959 --> 0.026664).  Saving model ...
Updating learning rate to 0.00021031994156876788
Validation loss decreased (0.026664 --> 0.025516).  Saving model ...
Updating learning rate to 0.00010515997078438394
EarlyStopping counter: 1 out of 3
Updating learning rate to 5.257998539219197e-05
EarlyStopping counter: 2 out of 3
Updating learning rate to 2.6289992696095985e-05
Validation loss decreased (0.025516 --> 0.024619).  Saving model ...
Updating learning rate to 1.3144996348047992e-05
EarlyStopping counter: 1 out of 3
Updating learning rate to 6.572498174023996e-06
Validation loss decreased (0.024619 --> 0.024348).  Saving model ...
Updating learning rate to 3.286249087011998e-06
Validation loss decreased (0.024348 --> 0.024304).  Saving model ...
Updating learning rate to 1.643124543505999e-06
EarlyStopping counter: 1 out of 3
Updating learning rate to 8.215622717529995e-07
>>>>>> Testing on validation set: trial_13 >>>>>>
test 261
test shape: (261, 1, 5) (261, 1, 5)
test shape: (261, 1, 5) (261, 1, 5)


	mse:0.04937748983502388, mae:0.0740133672952652, dtw:Not calculated


                                                                                     [I 2025-10-16 22:56:56,008] Trial 13 finished with value: 0.0740133672952652 and parameters: {'seq_len': 48, 'pred_len': 1, 'expand': 1, 'd_model': 64, 'n_heads': 8, 'e_layers': 2, 'd_layers': 2, 'batch_size': 32, 'learning_rate': 0.00042063988313753575, 'dropout': 0.2272722210856118}. Best is trial 13 with value: 0.0740133672952652.
Best trial: 6. Best value: 0.0773855:  26%|██▌       | 13/50 [02:50<09:03, 14.69s/it]Best trial: 13. Best value: 0.0740134:  26%|██▌       | 13/50 [02:50<09:03, 14.69s/it]Best trial: 13. Best value: 0.0740134:  28%|██▊       | 14/50 [02:50<08:39, 14.44s/it]
============================================================
Trial 14
============================================================
seq_len: 96, pred_len: 30
d_model: 64, n_heads: 8
e_layers: 2, d_layers: 1
batch_size: 16, lr: 0.000372
dropout: 0.22787168876415048
============================================================

Please make sure you have successfully installed mamba_ssm
Use GPU: cuda:0
DEBUG Mamba Init - d_model: 64, d_state: 16, d_inner: 64, expand: 1
>>>>>> Start training: trial_14 >>>>>>
============================================================
DATASET SPLIT INFO (90/5/5):
============================================================
Total samples: 5193
Train: 4673 samples (90%) - rows 0 to 4672
Val: 259 samples (5%) - rows 4673 to 4931
Test: 261 samples (5%) - rows 4932 to 5192
Sequence length: 96, Prediction length: 30
============================================================
train 4548
val 230
test 232
Validation loss decreased (inf --> 0.036624).  Saving model ...
Updating learning rate to 0.00037190447466436163
EarlyStopping counter: 1 out of 3
Updating learning rate to 0.00018595223733218082
Validation loss decreased (0.036624 --> 0.036157).  Saving model ...
Updating learning rate to 9.297611866609041e-05
EarlyStopping counter: 1 out of 3
Updating learning rate to 4.6488059333045204e-05
EarlyStopping counter: 2 out of 3
Updating learning rate to 2.3244029666522602e-05
EarlyStopping counter: 3 out of 3
>>>>>> Testing on validation set: trial_14 >>>>>>
test 232
test shape: (232, 30, 5) (232, 30, 5)
test shape: (232, 30, 5) (232, 30, 5)


	mse:0.07436720281839371, mae:0.1157316043972969, dtw:Not calculated


                                                                                      [I 2025-10-16 22:57:12,285] Trial 14 finished with value: 0.1157316043972969 and parameters: {'seq_len': 96, 'pred_len': 30, 'expand': 1, 'd_model': 64, 'n_heads': 8, 'e_layers': 2, 'd_layers': 1, 'batch_size': 16, 'learning_rate': 0.00037190447466436163, 'dropout': 0.22787168876415048}. Best is trial 13 with value: 0.0740133672952652.
Best trial: 13. Best value: 0.0740134:  28%|██▊       | 14/50 [03:06<08:39, 14.44s/it]Best trial: 13. Best value: 0.0740134:  28%|██▊       | 14/50 [03:06<08:39, 14.44s/it]Best trial: 13. Best value: 0.0740134:  30%|███       | 15/50 [03:06<08:44, 14.99s/it]
============================================================
Trial 15
============================================================
seq_len: 48, pred_len: 1
d_model: 64, n_heads: 8
e_layers: 2, d_layers: 2
batch_size: 32, lr: 0.000190
dropout: 0.2972386400728122
============================================================

Please make sure you have successfully installed mamba_ssm
Use GPU: cuda:0
DEBUG Mamba Init - d_model: 64, d_state: 16, d_inner: 64, expand: 1
>>>>>> Start training: trial_15 >>>>>>
============================================================
DATASET SPLIT INFO (90/5/5):
============================================================
Total samples: 5193
Train: 4673 samples (90%) - rows 0 to 4672
Val: 259 samples (5%) - rows 4673 to 4931
Test: 261 samples (5%) - rows 4932 to 5192
Sequence length: 48, Prediction length: 1
============================================================
train 4625
val 259
test 261
Validation loss decreased (inf --> 0.029172).  Saving model ...
Updating learning rate to 0.000190457229301115
EarlyStopping counter: 1 out of 3
Updating learning rate to 9.52286146505575e-05
Validation loss decreased (0.029172 --> 0.027363).  Saving model ...
Updating learning rate to 4.761430732527875e-05
Validation loss decreased (0.027363 --> 0.025807).  Saving model ...
Updating learning rate to 2.3807153662639376e-05
Validation loss decreased (0.025807 --> 0.025771).  Saving model ...
Updating learning rate to 1.1903576831319688e-05
Validation loss decreased (0.025771 --> 0.025496).  Saving model ...
Updating learning rate to 5.951788415659844e-06
EarlyStopping counter: 1 out of 3
Updating learning rate to 2.975894207829922e-06
EarlyStopping counter: 2 out of 3
Updating learning rate to 1.487947103914961e-06
EarlyStopping counter: 3 out of 3
>>>>>> Testing on validation set: trial_15 >>>>>>
test 261
test shape: (261, 1, 5) (261, 1, 5)
test shape: (261, 1, 5) (261, 1, 5)


	mse:0.052007876336574554, mae:0.07908625900745392, dtw:Not calculated


                                                                                      [I 2025-10-16 22:57:24,921] Trial 15 finished with value: 0.07908625900745392 and parameters: {'seq_len': 48, 'pred_len': 1, 'expand': 1, 'd_model': 64, 'n_heads': 8, 'e_layers': 2, 'd_layers': 2, 'batch_size': 32, 'learning_rate': 0.000190457229301115, 'dropout': 0.2972386400728122}. Best is trial 13 with value: 0.0740133672952652.
Best trial: 13. Best value: 0.0740134:  30%|███       | 15/50 [03:18<08:44, 14.99s/it]Best trial: 13. Best value: 0.0740134:  30%|███       | 15/50 [03:18<08:44, 14.99s/it]Best trial: 13. Best value: 0.0740134:  32%|███▏      | 16/50 [03:18<08:05, 14.28s/it]
============================================================
Trial 16
============================================================
seq_len: 48, pred_len: 1
d_model: 64, n_heads: 8
e_layers: 2, d_layers: 1
batch_size: 16, lr: 0.000514
dropout: 0.21569043765853188
============================================================

Please make sure you have successfully installed mamba_ssm
Use GPU: cuda:0
DEBUG Mamba Init - d_model: 64, d_state: 16, d_inner: 64, expand: 1
>>>>>> Start training: trial_16 >>>>>>
============================================================
DATASET SPLIT INFO (90/5/5):
============================================================
Total samples: 5193
Train: 4673 samples (90%) - rows 0 to 4672
Val: 259 samples (5%) - rows 4673 to 4931
Test: 261 samples (5%) - rows 4932 to 5192
Sequence length: 48, Prediction length: 1
============================================================
train 4625
val 259
test 261
Validation loss decreased (inf --> 0.026960).  Saving model ...
Updating learning rate to 0.0005136260094450086
Validation loss decreased (0.026960 --> 0.026644).  Saving model ...
Updating learning rate to 0.0002568130047225043
EarlyStopping counter: 1 out of 3
Updating learning rate to 0.00012840650236125214
Validation loss decreased (0.026644 --> 0.024982).  Saving model ...
Updating learning rate to 6.420325118062607e-05
EarlyStopping counter: 1 out of 3
Updating learning rate to 3.2101625590313036e-05
EarlyStopping counter: 2 out of 3
Updating learning rate to 1.6050812795156518e-05
EarlyStopping counter: 3 out of 3
>>>>>> Testing on validation set: trial_16 >>>>>>
test 261
test shape: (261, 1, 5) (261, 1, 5)
test shape: (261, 1, 5) (261, 1, 5)


	mse:0.04963470250368118, mae:0.0719204694032669, dtw:Not calculated


                                                                                      [I 2025-10-16 22:57:43,686] Trial 16 finished with value: 0.0719204694032669 and parameters: {'seq_len': 48, 'pred_len': 1, 'expand': 1, 'd_model': 64, 'n_heads': 8, 'e_layers': 2, 'd_layers': 1, 'batch_size': 16, 'learning_rate': 0.0005136260094450086, 'dropout': 0.21569043765853188}. Best is trial 16 with value: 0.0719204694032669.
Best trial: 13. Best value: 0.0740134:  32%|███▏      | 16/50 [03:37<08:05, 14.28s/it]Best trial: 16. Best value: 0.0719205:  32%|███▏      | 16/50 [03:37<08:05, 14.28s/it]Best trial: 16. Best value: 0.0719205:  34%|███▍      | 17/50 [03:37<08:35, 15.63s/it]
============================================================
Trial 17
============================================================
seq_len: 48, pred_len: 1
d_model: 64, n_heads: 8
e_layers: 2, d_layers: 2
batch_size: 32, lr: 0.000235
dropout: 0.05252223613286254
============================================================

Please make sure you have successfully installed mamba_ssm
Use GPU: cuda:0
DEBUG Mamba Init - d_model: 64, d_state: 16, d_inner: 128, expand: 2
>>>>>> Start training: trial_17 >>>>>>
============================================================
DATASET SPLIT INFO (90/5/5):
============================================================
Total samples: 5193
Train: 4673 samples (90%) - rows 0 to 4672
Val: 259 samples (5%) - rows 4673 to 4931
Test: 261 samples (5%) - rows 4932 to 5192
Sequence length: 48, Prediction length: 1
============================================================
train 4625
val 259
test 261
Validation loss decreased (inf --> 0.025126).  Saving model ...
Updating learning rate to 0.00023488600114387957
Validation loss decreased (0.025126 --> 0.024764).  Saving model ...
Updating learning rate to 0.00011744300057193979
Validation loss decreased (0.024764 --> 0.024665).  Saving model ...
Updating learning rate to 5.8721500285969894e-05
Validation loss decreased (0.024665 --> 0.023730).  Saving model ...
Updating learning rate to 2.9360750142984947e-05
EarlyStopping counter: 1 out of 3
Updating learning rate to 1.4680375071492473e-05
EarlyStopping counter: 2 out of 3
Updating learning rate to 7.340187535746237e-06
Validation loss decreased (0.023730 --> 0.023405).  Saving model ...
Updating learning rate to 3.6700937678731183e-06
EarlyStopping counter: 1 out of 3
Updating learning rate to 1.8350468839365592e-06
EarlyStopping counter: 2 out of 3
Updating learning rate to 9.175234419682796e-07
EarlyStopping counter: 3 out of 3
>>>>>> Testing on validation set: trial_17 >>>>>>
test 261
test shape: (261, 1, 5) (261, 1, 5)
test shape: (261, 1, 5) (261, 1, 5)


	mse:0.04995022341609001, mae:0.07325895130634308, dtw:Not calculated


                                                                                      [I 2025-10-16 22:57:57,647] Trial 17 finished with value: 0.07325895130634308 and parameters: {'seq_len': 48, 'pred_len': 1, 'expand': 2, 'd_model': 64, 'n_heads': 8, 'e_layers': 2, 'd_layers': 2, 'batch_size': 32, 'learning_rate': 0.00023488600114387957, 'dropout': 0.05252223613286254}. Best is trial 16 with value: 0.0719204694032669.
Best trial: 16. Best value: 0.0719205:  34%|███▍      | 17/50 [03:51<08:35, 15.63s/it]Best trial: 16. Best value: 0.0719205:  34%|███▍      | 17/50 [03:51<08:35, 15.63s/it]Best trial: 16. Best value: 0.0719205:  36%|███▌      | 18/50 [03:51<08:04, 15.13s/it]
============================================================
Trial 18
============================================================
seq_len: 48, pred_len: 30
d_model: 64, n_heads: 8
e_layers: 2, d_layers: 1
batch_size: 16, lr: 0.000208
dropout: 0.04578204712792089
============================================================

Please make sure you have successfully installed mamba_ssm
Use GPU: cuda:0
DEBUG Mamba Init - d_model: 64, d_state: 16, d_inner: 128, expand: 2
>>>>>> Start training: trial_18 >>>>>>
============================================================
DATASET SPLIT INFO (90/5/5):
============================================================
Total samples: 5193
Train: 4673 samples (90%) - rows 0 to 4672
Val: 259 samples (5%) - rows 4673 to 4931
Test: 261 samples (5%) - rows 4932 to 5192
Sequence length: 48, Prediction length: 30
============================================================
train 4596
val 230
test 232
Validation loss decreased (inf --> 0.037626).  Saving model ...
Updating learning rate to 0.00020814804330499434
EarlyStopping counter: 1 out of 3
Updating learning rate to 0.00010407402165249717
Validation loss decreased (0.037626 --> 0.036873).  Saving model ...
Updating learning rate to 5.2037010826248586e-05
EarlyStopping counter: 1 out of 3
Updating learning rate to 2.6018505413124293e-05
EarlyStopping counter: 2 out of 3
Updating learning rate to 1.3009252706562146e-05
EarlyStopping counter: 3 out of 3
>>>>>> Testing on validation set: trial_18 >>>>>>
test 232
test shape: (232, 30, 5) (232, 30, 5)
test shape: (232, 30, 5) (232, 30, 5)


	mse:0.07287681847810745, mae:0.10881824791431427, dtw:Not calculated


                                                                                      [I 2025-10-16 22:58:13,771] Trial 18 finished with value: 0.10881824791431427 and parameters: {'seq_len': 48, 'pred_len': 30, 'expand': 2, 'd_model': 64, 'n_heads': 8, 'e_layers': 2, 'd_layers': 1, 'batch_size': 16, 'learning_rate': 0.00020814804330499434, 'dropout': 0.04578204712792089}. Best is trial 16 with value: 0.0719204694032669.
Best trial: 16. Best value: 0.0719205:  36%|███▌      | 18/50 [04:07<08:04, 15.13s/it]Best trial: 16. Best value: 0.0719205:  36%|███▌      | 18/50 [04:07<08:04, 15.13s/it]Best trial: 16. Best value: 0.0719205:  38%|███▊      | 19/50 [04:07<07:58, 15.43s/it]
============================================================
Trial 19
============================================================
seq_len: 48, pred_len: 14
d_model: 64, n_heads: 8
e_layers: 2, d_layers: 2
batch_size: 64, lr: 0.000081
dropout: 0.07571596423910953
============================================================

Please make sure you have successfully installed mamba_ssm
Use GPU: cuda:0
DEBUG Mamba Init - d_model: 64, d_state: 16, d_inner: 128, expand: 2
>>>>>> Start training: trial_19 >>>>>>
============================================================
DATASET SPLIT INFO (90/5/5):
============================================================
Total samples: 5193
Train: 4673 samples (90%) - rows 0 to 4672
Val: 259 samples (5%) - rows 4673 to 4931
Test: 261 samples (5%) - rows 4932 to 5192
Sequence length: 48, Prediction length: 14
============================================================
train 4612
val 246
test 248
Validation loss decreased (inf --> 0.038495).  Saving model ...
Updating learning rate to 8.134754042740414e-05
EarlyStopping counter: 1 out of 3
Updating learning rate to 4.067377021370207e-05
EarlyStopping counter: 2 out of 3
Updating learning rate to 2.0336885106851035e-05
EarlyStopping counter: 3 out of 3
>>>>>> Testing on validation set: trial_19 >>>>>>
test 248
test shape: (248, 14, 5) (248, 14, 5)
test shape: (248, 14, 5) (248, 14, 5)


	mse:0.06453371047973633, mae:0.09914474189281464, dtw:Not calculated


