                                                                                      [I 2025-10-16 23:01:10,948] Trial 36 finished with value: 0.0989219918847084 and parameters: {'seq_len': 48, 'pred_len': 7, 'expand': 2, 'd_model': 64, 'n_heads': 4, 'e_layers': 2, 'd_layers': 1, 'batch_size': 32, 'learning_rate': 0.00044066915384005515, 'dropout': 0.16991774462719306}. Best is trial 20 with value: 0.070341557264328.
Best trial: 20. Best value: 0.0703416:  72%|███████▏  | 36/50 [07:04<01:42,  7.30s/it]Best trial: 20. Best value: 0.0703416:  72%|███████▏  | 36/50 [07:05<01:42,  7.30s/it]Best trial: 20. Best value: 0.0703416:  74%|███████▍  | 37/50 [07:05<01:28,  6.84s/it]
============================================================
Trial 37
============================================================
seq_len: 96, pred_len: 1
d_model: 32, n_heads: 8
e_layers: 2, d_layers: 1
batch_size: 16, lr: 0.000074
dropout: 0.08905302749466334
============================================================

Please make sure you have successfully installed mamba_ssm
Use GPU: cuda:0
DEBUG Mamba Init - d_model: 32, d_state: 16, d_inner: 32, expand: 1
>>>>>> Start training: trial_37 >>>>>>
============================================================
DATASET SPLIT INFO (90/5/5):
============================================================
Total samples: 5193
Train: 4673 samples (90%) - rows 0 to 4672
Val: 259 samples (5%) - rows 4673 to 4931
Test: 261 samples (5%) - rows 4932 to 5192
Sequence length: 96, Prediction length: 1
============================================================
train 4577
val 259
test 261
Validation loss decreased (inf --> 0.032860).  Saving model ...
Updating learning rate to 7.394646363224577e-05
Validation loss decreased (0.032860 --> 0.032242).  Saving model ...
Updating learning rate to 3.6973231816122884e-05
Validation loss decreased (0.032242 --> 0.029523).  Saving model ...
Updating learning rate to 1.8486615908061442e-05
EarlyStopping counter: 1 out of 3
Updating learning rate to 9.243307954030721e-06
Validation loss decreased (0.029523 --> 0.029448).  Saving model ...
Updating learning rate to 4.6216539770153605e-06
EarlyStopping counter: 1 out of 3
Updating learning rate to 2.3108269885076802e-06
Validation loss decreased (0.029448 --> 0.029139).  Saving model ...
Updating learning rate to 1.1554134942538401e-06
EarlyStopping counter: 1 out of 3
Updating learning rate to 5.777067471269201e-07
Validation loss decreased (0.029139 --> 0.028698).  Saving model ...
Updating learning rate to 2.8885337356346003e-07
EarlyStopping counter: 1 out of 3
Updating learning rate to 1.4442668678173002e-07
>>>>>> Testing on validation set: trial_37 >>>>>>
test 261
test shape: (261, 1, 5) (261, 1, 5)
test shape: (261, 1, 5) (261, 1, 5)


	mse:0.05606912076473236, mae:0.09340052306652069, dtw:Not calculated


                                                                                      [I 2025-10-16 23:01:37,542] Trial 37 finished with value: 0.09340052306652069 and parameters: {'seq_len': 96, 'pred_len': 1, 'expand': 1, 'd_model': 32, 'n_heads': 8, 'e_layers': 2, 'd_layers': 1, 'batch_size': 16, 'learning_rate': 7.394646363224577e-05, 'dropout': 0.08905302749466334}. Best is trial 20 with value: 0.070341557264328.
Best trial: 20. Best value: 0.0703416:  74%|███████▍  | 37/50 [07:31<01:28,  6.84s/it]Best trial: 20. Best value: 0.0703416:  74%|███████▍  | 37/50 [07:31<01:28,  6.84s/it]Best trial: 20. Best value: 0.0703416:  76%|███████▌  | 38/50 [07:31<02:33, 12.77s/it]
============================================================
Trial 38
============================================================
seq_len: 48, pred_len: 7
d_model: 64, n_heads: 4
e_layers: 1, d_layers: 1
batch_size: 64, lr: 0.000044
dropout: 0.10805876927943901
============================================================

Please make sure you have successfully installed mamba_ssm
Use GPU: cuda:0
DEBUG Mamba Init - d_model: 64, d_state: 16, d_inner: 128, expand: 2
>>>>>> Start training: trial_38 >>>>>>
============================================================
DATASET SPLIT INFO (90/5/5):
============================================================
Total samples: 5193
Train: 4673 samples (90%) - rows 0 to 4672
Val: 259 samples (5%) - rows 4673 to 4931
Test: 261 samples (5%) - rows 4932 to 5192
Sequence length: 48, Prediction length: 7
============================================================
train 4619
val 253
test 255
Validation loss decreased (inf --> 0.037579).  Saving model ...
Updating learning rate to 4.438988474247917e-05
EarlyStopping counter: 1 out of 3
Updating learning rate to 2.2194942371239584e-05
EarlyStopping counter: 2 out of 3
Updating learning rate to 1.1097471185619792e-05
EarlyStopping counter: 3 out of 3
>>>>>> Testing on validation set: trial_38 >>>>>>
test 255
test shape: (255, 7, 5) (255, 7, 5)
test shape: (255, 7, 5) (255, 7, 5)


	mse:0.06411430239677429, mae:0.09825744479894638, dtw:Not calculated


                                                                                      [I 2025-10-16 23:01:40,889] Trial 38 finished with value: 0.09825744479894638 and parameters: {'seq_len': 48, 'pred_len': 7, 'expand': 2, 'd_model': 64, 'n_heads': 4, 'e_layers': 1, 'd_layers': 1, 'batch_size': 64, 'learning_rate': 4.438988474247917e-05, 'dropout': 0.10805876927943901}. Best is trial 20 with value: 0.070341557264328.
Best trial: 20. Best value: 0.0703416:  76%|███████▌  | 38/50 [07:34<02:33, 12.77s/it]Best trial: 20. Best value: 0.0703416:  76%|███████▌  | 38/50 [07:34<02:33, 12.77s/it]Best trial: 20. Best value: 0.0703416:  78%|███████▊  | 39/50 [07:34<01:49,  9.94s/it]
============================================================
Trial 39
============================================================
seq_len: 96, pred_len: 1
d_model: 64, n_heads: 8
e_layers: 2, d_layers: 1
batch_size: 32, lr: 0.000256
dropout: 0.14481627532433286
============================================================

Please make sure you have successfully installed mamba_ssm
Use GPU: cuda:0
DEBUG Mamba Init - d_model: 64, d_state: 16, d_inner: 64, expand: 1
>>>>>> Start training: trial_39 >>>>>>
============================================================
DATASET SPLIT INFO (90/5/5):
============================================================
Total samples: 5193
Train: 4673 samples (90%) - rows 0 to 4672
Val: 259 samples (5%) - rows 4673 to 4931
Test: 261 samples (5%) - rows 4932 to 5192
Sequence length: 96, Prediction length: 1
============================================================
train 4577
val 259
test 261
Validation loss decreased (inf --> 0.025194).  Saving model ...
Updating learning rate to 0.0002556340979384369
EarlyStopping counter: 1 out of 3
Updating learning rate to 0.00012781704896921845
EarlyStopping counter: 2 out of 3
Updating learning rate to 6.390852448460923e-05
Validation loss decreased (0.025194 --> 0.024221).  Saving model ...
Updating learning rate to 3.195426224230461e-05
EarlyStopping counter: 1 out of 3
Updating learning rate to 1.5977131121152306e-05
EarlyStopping counter: 2 out of 3
Updating learning rate to 7.988565560576153e-06
EarlyStopping counter: 3 out of 3
>>>>>> Testing on validation set: trial_39 >>>>>>
test 261
test shape: (261, 1, 5) (261, 1, 5)
test shape: (261, 1, 5) (261, 1, 5)


	mse:0.0501072034239769, mae:0.07633569091558456, dtw:Not calculated


                                                                                      [I 2025-10-16 23:01:50,726] Trial 39 finished with value: 0.07633569091558456 and parameters: {'seq_len': 96, 'pred_len': 1, 'expand': 1, 'd_model': 64, 'n_heads': 8, 'e_layers': 2, 'd_layers': 1, 'batch_size': 32, 'learning_rate': 0.0002556340979384369, 'dropout': 0.14481627532433286}. Best is trial 20 with value: 0.070341557264328.
Best trial: 20. Best value: 0.0703416:  78%|███████▊  | 39/50 [07:44<01:49,  9.94s/it]Best trial: 20. Best value: 0.0703416:  78%|███████▊  | 39/50 [07:44<01:49,  9.94s/it]Best trial: 20. Best value: 0.0703416:  80%|████████  | 40/50 [07:44<01:39,  9.91s/it]
============================================================
Trial 40
============================================================
seq_len: 48, pred_len: 1
d_model: 32, n_heads: 8
e_layers: 2, d_layers: 1
batch_size: 16, lr: 0.000142
dropout: 0.06449537342058136
============================================================

Please make sure you have successfully installed mamba_ssm
Use GPU: cuda:0
DEBUG Mamba Init - d_model: 32, d_state: 16, d_inner: 64, expand: 2
>>>>>> Start training: trial_40 >>>>>>
============================================================
DATASET SPLIT INFO (90/5/5):
============================================================
Total samples: 5193
Train: 4673 samples (90%) - rows 0 to 4672
Val: 259 samples (5%) - rows 4673 to 4931
Test: 261 samples (5%) - rows 4932 to 5192
Sequence length: 48, Prediction length: 1
============================================================
train 4625
val 259
test 261
Validation loss decreased (inf --> 0.031953).  Saving model ...
Updating learning rate to 0.0001419754943550058
Validation loss decreased (0.031953 --> 0.027306).  Saving model ...
Updating learning rate to 7.09877471775029e-05
EarlyStopping counter: 1 out of 3
Updating learning rate to 3.549387358875145e-05
Validation loss decreased (0.027306 --> 0.026696).  Saving model ...
Updating learning rate to 1.7746936794375724e-05
EarlyStopping counter: 1 out of 3
Updating learning rate to 8.873468397187862e-06
EarlyStopping counter: 2 out of 3
Updating learning rate to 4.436734198593931e-06
EarlyStopping counter: 3 out of 3
>>>>>> Testing on validation set: trial_40 >>>>>>
test 261
test shape: (261, 1, 5) (261, 1, 5)
test shape: (261, 1, 5) (261, 1, 5)


	mse:0.052875760942697525, mae:0.07961301505565643, dtw:Not calculated


                                                                                      [I 2025-10-16 23:02:09,523] Trial 40 finished with value: 0.07961301505565643 and parameters: {'seq_len': 48, 'pred_len': 1, 'expand': 2, 'd_model': 32, 'n_heads': 8, 'e_layers': 2, 'd_layers': 1, 'batch_size': 16, 'learning_rate': 0.0001419754943550058, 'dropout': 0.06449537342058136}. Best is trial 20 with value: 0.070341557264328.
Best trial: 20. Best value: 0.0703416:  80%|████████  | 40/50 [08:03<01:39,  9.91s/it]Best trial: 20. Best value: 0.0703416:  80%|████████  | 40/50 [08:03<01:39,  9.91s/it]Best trial: 20. Best value: 0.0703416:  82%|████████▏ | 41/50 [08:03<01:53, 12.57s/it]
============================================================
Trial 41
============================================================
seq_len: 48, pred_len: 1
d_model: 64, n_heads: 8
e_layers: 2, d_layers: 1
batch_size: 16, lr: 0.000567
dropout: 0.003350079198119086
============================================================

Please make sure you have successfully installed mamba_ssm
Use GPU: cuda:0
DEBUG Mamba Init - d_model: 64, d_state: 16, d_inner: 128, expand: 2
>>>>>> Start training: trial_41 >>>>>>
============================================================
DATASET SPLIT INFO (90/5/5):
============================================================
Total samples: 5193
Train: 4673 samples (90%) - rows 0 to 4672
Val: 259 samples (5%) - rows 4673 to 4931
Test: 261 samples (5%) - rows 4932 to 5192
Sequence length: 48, Prediction length: 1
============================================================
train 4625
val 259
test 261
Validation loss decreased (inf --> 0.026318).  Saving model ...
Updating learning rate to 0.0005668457761098971
EarlyStopping counter: 1 out of 3
Updating learning rate to 0.00028342288805494856
EarlyStopping counter: 2 out of 3
Updating learning rate to 0.00014171144402747428
Validation loss decreased (0.026318 --> 0.026153).  Saving model ...
Updating learning rate to 7.085572201373714e-05
Validation loss decreased (0.026153 --> 0.025352).  Saving model ...
Updating learning rate to 3.542786100686857e-05
EarlyStopping counter: 1 out of 3
Updating learning rate to 1.7713930503434285e-05
EarlyStopping counter: 2 out of 3
Updating learning rate to 8.856965251717142e-06
EarlyStopping counter: 3 out of 3
>>>>>> Testing on validation set: trial_41 >>>>>>
test 261
test shape: (261, 1, 5) (261, 1, 5)
test shape: (261, 1, 5) (261, 1, 5)


	mse:0.04975634440779686, mae:0.07042206823825836, dtw:Not calculated


                                                                                      [I 2025-10-16 23:02:31,107] Trial 41 finished with value: 0.07042206823825836 and parameters: {'seq_len': 48, 'pred_len': 1, 'expand': 2, 'd_model': 64, 'n_heads': 8, 'e_layers': 2, 'd_layers': 1, 'batch_size': 16, 'learning_rate': 0.0005668457761098971, 'dropout': 0.003350079198119086}. Best is trial 20 with value: 0.070341557264328.
Best trial: 20. Best value: 0.0703416:  82%|████████▏ | 41/50 [08:25<01:53, 12.57s/it]Best trial: 20. Best value: 0.0703416:  82%|████████▏ | 41/50 [08:25<01:53, 12.57s/it]Best trial: 20. Best value: 0.0703416:  84%|████████▍ | 42/50 [08:25<02:02, 15.28s/it]
============================================================
Trial 42
============================================================
seq_len: 48, pred_len: 1
d_model: 64, n_heads: 8
e_layers: 2, d_layers: 1
batch_size: 16, lr: 0.000736
dropout: 0.013027853169550766
============================================================

Please make sure you have successfully installed mamba_ssm
Use GPU: cuda:0
DEBUG Mamba Init - d_model: 64, d_state: 16, d_inner: 128, expand: 2
>>>>>> Start training: trial_42 >>>>>>
============================================================
DATASET SPLIT INFO (90/5/5):
============================================================
Total samples: 5193
Train: 4673 samples (90%) - rows 0 to 4672
Val: 259 samples (5%) - rows 4673 to 4931
Test: 261 samples (5%) - rows 4932 to 5192
Sequence length: 48, Prediction length: 1
============================================================
train 4625
val 259
test 261
Validation loss decreased (inf --> 0.039907).  Saving model ...
Updating learning rate to 0.0007357965247703189
Validation loss decreased (0.039907 --> 0.027323).  Saving model ...
Updating learning rate to 0.00036789826238515946
Validation loss decreased (0.027323 --> 0.027226).  Saving model ...
Updating learning rate to 0.00018394913119257973
Validation loss decreased (0.027226 --> 0.025205).  Saving model ...
Updating learning rate to 9.197456559628987e-05
EarlyStopping counter: 1 out of 3
Updating learning rate to 4.598728279814493e-05
EarlyStopping counter: 2 out of 3
Updating learning rate to 2.2993641399072467e-05
EarlyStopping counter: 3 out of 3
>>>>>> Testing on validation set: trial_42 >>>>>>
test 261
test shape: (261, 1, 5) (261, 1, 5)
test shape: (261, 1, 5) (261, 1, 5)


	mse:0.0501009076833725, mae:0.07223382592201233, dtw:Not calculated


                                                                                      [I 2025-10-16 23:02:50,102] Trial 42 finished with value: 0.07223382592201233 and parameters: {'seq_len': 48, 'pred_len': 1, 'expand': 2, 'd_model': 64, 'n_heads': 8, 'e_layers': 2, 'd_layers': 1, 'batch_size': 16, 'learning_rate': 0.0007357965247703189, 'dropout': 0.013027853169550766}. Best is trial 20 with value: 0.070341557264328.
Best trial: 20. Best value: 0.0703416:  84%|████████▍ | 42/50 [08:44<02:02, 15.28s/it]Best trial: 20. Best value: 0.0703416:  84%|████████▍ | 42/50 [08:44<02:02, 15.28s/it]Best trial: 20. Best value: 0.0703416:  86%|████████▌ | 43/50 [08:44<01:54, 16.39s/it]
============================================================
Trial 43
============================================================
seq_len: 48, pred_len: 1
d_model: 64, n_heads: 8
e_layers: 2, d_layers: 1
batch_size: 16, lr: 0.000397
dropout: 0.037252835330330004
============================================================

Please make sure you have successfully installed mamba_ssm
Use GPU: cuda:0
DEBUG Mamba Init - d_model: 64, d_state: 16, d_inner: 128, expand: 2
>>>>>> Start training: trial_43 >>>>>>
============================================================
DATASET SPLIT INFO (90/5/5):
============================================================
Total samples: 5193
Train: 4673 samples (90%) - rows 0 to 4672
Val: 259 samples (5%) - rows 4673 to 4931
Test: 261 samples (5%) - rows 4932 to 5192
Sequence length: 48, Prediction length: 1
============================================================
train 4625
val 259
test 261
Validation loss decreased (inf --> 0.025843).  Saving model ...
Updating learning rate to 0.00039691454806919674
EarlyStopping counter: 1 out of 3
Updating learning rate to 0.00019845727403459837
Validation loss decreased (0.025843 --> 0.025106).  Saving model ...
Updating learning rate to 9.922863701729919e-05
EarlyStopping counter: 1 out of 3
Updating learning rate to 4.961431850864959e-05
EarlyStopping counter: 2 out of 3
Updating learning rate to 2.4807159254324797e-05
Validation loss decreased (0.025106 --> 0.024616).  Saving model ...
Updating learning rate to 1.2403579627162398e-05
EarlyStopping counter: 1 out of 3
Updating learning rate to 6.201789813581199e-06
EarlyStopping counter: 2 out of 3
Updating learning rate to 3.1008949067905996e-06
EarlyStopping counter: 3 out of 3
>>>>>> Testing on validation set: trial_43 >>>>>>
test 261
test shape: (261, 1, 5) (261, 1, 5)
test shape: (261, 1, 5) (261, 1, 5)


	mse:0.048779863864183426, mae:0.07055023312568665, dtw:Not calculated


                                                                                      [I 2025-10-16 23:03:14,335] Trial 43 finished with value: 0.07055023312568665 and parameters: {'seq_len': 48, 'pred_len': 1, 'expand': 2, 'd_model': 64, 'n_heads': 8, 'e_layers': 2, 'd_layers': 1, 'batch_size': 16, 'learning_rate': 0.00039691454806919674, 'dropout': 0.037252835330330004}. Best is trial 20 with value: 0.070341557264328.
Best trial: 20. Best value: 0.0703416:  86%|████████▌ | 43/50 [09:08<01:54, 16.39s/it]Best trial: 20. Best value: 0.0703416:  86%|████████▌ | 43/50 [09:08<01:54, 16.39s/it]Best trial: 20. Best value: 0.0703416:  88%|████████▊ | 44/50 [09:08<01:52, 18.75s/it]
============================================================
Trial 44
============================================================
seq_len: 48, pred_len: 1
d_model: 64, n_heads: 8
e_layers: 2, d_layers: 1
batch_size: 16, lr: 0.000392
dropout: 0.03524505414522364
============================================================

Please make sure you have successfully installed mamba_ssm
Use GPU: cuda:0
DEBUG Mamba Init - d_model: 64, d_state: 16, d_inner: 128, expand: 2
>>>>>> Start training: trial_44 >>>>>>
============================================================
DATASET SPLIT INFO (90/5/5):
============================================================
Total samples: 5193
Train: 4673 samples (90%) - rows 0 to 4672
Val: 259 samples (5%) - rows 4673 to 4931
Test: 261 samples (5%) - rows 4932 to 5192
Sequence length: 48, Prediction length: 1
============================================================
train 4625
val 259
test 261
Validation loss decreased (inf --> 0.028908).  Saving model ...
Updating learning rate to 0.00039225434456064594
Validation loss decreased (0.028908 --> 0.025553).  Saving model ...
Updating learning rate to 0.00019612717228032297
EarlyStopping counter: 1 out of 3
Updating learning rate to 9.806358614016149e-05
EarlyStopping counter: 2 out of 3
Updating learning rate to 4.903179307008074e-05
EarlyStopping counter: 3 out of 3
>>>>>> Testing on validation set: trial_44 >>>>>>
test 261
test shape: (261, 1, 5) (261, 1, 5)
test shape: (261, 1, 5) (261, 1, 5)


	mse:0.05095963180065155, mae:0.07542653381824493, dtw:Not calculated


