                                                                                      [I 2025-10-16 22:33:09,738] Trial 17 finished with value: 0.07697153836488724 and parameters: {'seq_len': 48, 'pred_len': 1, 'expand': 2, 'd_model': 32, 'n_heads': 8, 'e_layers': 2, 'd_layers': 2, 'batch_size': 16, 'learning_rate': 0.0002391488004471301, 'dropout': 0.09044511278381279}. Best is trial 10 with value: 0.0712396502494812.
Best trial: 10. Best value: 0.0712397:  34%|███▍      | 17/50 [03:50<10:59, 19.99s/it]Best trial: 10. Best value: 0.0712397:  34%|███▍      | 17/50 [03:50<10:59, 19.99s/it]Best trial: 10. Best value: 0.0712397:  36%|███▌      | 18/50 [03:50<10:02, 18.84s/it]
============================================================
Trial 18
============================================================
seq_len: 48, pred_len: 1
d_model: 32, n_heads: 4
e_layers: 2, d_layers: 2
batch_size: 16, lr: 0.000074
dropout: 0.14428944220076848
============================================================

Please make sure you have successfully installed mamba_ssm
Use GPU: cuda:0
DEBUG Mamba Init - d_model: 32, d_state: 16, d_inner: 64, expand: 2
>>>>>> Start training: trial_18 >>>>>>
============================================================
DATASET SPLIT INFO (90/5/5):
============================================================
Total samples: 5193
Train: 4673 samples (90%) - rows 0 to 4672
Val: 259 samples (5%) - rows 4673 to 4931
Test: 261 samples (5%) - rows 4932 to 5192
Sequence length: 48, Prediction length: 1
============================================================
train 4625
val 259
test 261
Validation loss decreased (inf --> 0.034893).  Saving model ...
Updating learning rate to 7.438355669711623e-05
Validation loss decreased (0.034893 --> 0.031143).  Saving model ...
Updating learning rate to 3.7191778348558115e-05
Validation loss decreased (0.031143 --> 0.030169).  Saving model ...
Updating learning rate to 1.8595889174279058e-05
Validation loss decreased (0.030169 --> 0.030037).  Saving model ...
Updating learning rate to 9.297944587139529e-06
EarlyStopping counter: 1 out of 3
Updating learning rate to 4.648972293569764e-06
EarlyStopping counter: 2 out of 3
Updating learning rate to 2.324486146784882e-06
EarlyStopping counter: 3 out of 3
>>>>>> Testing on validation set: trial_18 >>>>>>
test 261
test shape: (261, 1, 5) (261, 1, 5)
test shape: (261, 1, 5) (261, 1, 5)


	mse:0.05680262669920921, mae:0.0903162732720375, dtw:Not calculated


                                                                                      [I 2025-10-16 22:33:28,379] Trial 18 finished with value: 0.0903162732720375 and parameters: {'seq_len': 48, 'pred_len': 1, 'expand': 2, 'd_model': 32, 'n_heads': 4, 'e_layers': 2, 'd_layers': 2, 'batch_size': 16, 'learning_rate': 7.438355669711623e-05, 'dropout': 0.14428944220076848}. Best is trial 10 with value: 0.0712396502494812.
Best trial: 10. Best value: 0.0712397:  36%|███▌      | 18/50 [04:09<10:02, 18.84s/it]Best trial: 10. Best value: 0.0712397:  36%|███▌      | 18/50 [04:09<10:02, 18.84s/it]Best trial: 10. Best value: 0.0712397:  38%|███▊      | 19/50 [04:09<09:42, 18.78s/it]
============================================================
Trial 19
============================================================
seq_len: 48, pred_len: 30
d_model: 32, n_heads: 8
e_layers: 2, d_layers: 2
batch_size: 64, lr: 0.000565
dropout: 0.22839251523975151
============================================================

Please make sure you have successfully installed mamba_ssm
Use GPU: cuda:0
DEBUG Mamba Init - d_model: 32, d_state: 16, d_inner: 64, expand: 2
>>>>>> Start training: trial_19 >>>>>>
============================================================
DATASET SPLIT INFO (90/5/5):
============================================================
Total samples: 5193
Train: 4673 samples (90%) - rows 0 to 4672
Val: 259 samples (5%) - rows 4673 to 4931
Test: 261 samples (5%) - rows 4932 to 5192
Sequence length: 48, Prediction length: 30
============================================================
train 4596
val 230
test 232
Validation loss decreased (inf --> 0.037309).  Saving model ...
Updating learning rate to 0.0005648670224939481
EarlyStopping counter: 1 out of 3
Updating learning rate to 0.0002824335112469741
Validation loss decreased (0.037309 --> 0.037297).  Saving model ...
Updating learning rate to 0.00014121675562348704
EarlyStopping counter: 1 out of 3
Updating learning rate to 7.060837781174352e-05
EarlyStopping counter: 2 out of 3
Updating learning rate to 3.530418890587176e-05
EarlyStopping counter: 3 out of 3
>>>>>> Testing on validation set: trial_19 >>>>>>
test 232
test shape: (232, 30, 5) (232, 30, 5)
test shape: (232, 30, 5) (232, 30, 5)


	mse:0.06771434098482132, mae:0.1075374111533165, dtw:Not calculated


                                                                                      [I 2025-10-16 22:33:33,046] Trial 19 finished with value: 0.1075374111533165 and parameters: {'seq_len': 48, 'pred_len': 30, 'expand': 2, 'd_model': 32, 'n_heads': 8, 'e_layers': 2, 'd_layers': 2, 'batch_size': 64, 'learning_rate': 0.0005648670224939481, 'dropout': 0.22839251523975151}. Best is trial 10 with value: 0.0712396502494812.
Best trial: 10. Best value: 0.0712397:  38%|███▊      | 19/50 [04:14<09:42, 18.78s/it]Best trial: 10. Best value: 0.0712397:  38%|███▊      | 19/50 [04:14<09:42, 18.78s/it]Best trial: 10. Best value: 0.0712397:  40%|████      | 20/50 [04:14<07:16, 14.54s/it]
============================================================
Trial 20
============================================================
seq_len: 48, pred_len: 1
d_model: 32, n_heads: 8
e_layers: 2, d_layers: 2
batch_size: 16, lr: 0.000309
dropout: 0.06506258689249297
============================================================

Please make sure you have successfully installed mamba_ssm
Use GPU: cuda:0
DEBUG Mamba Init - d_model: 32, d_state: 16, d_inner: 64, expand: 2
>>>>>> Start training: trial_20 >>>>>>
============================================================
DATASET SPLIT INFO (90/5/5):
============================================================
Total samples: 5193
Train: 4673 samples (90%) - rows 0 to 4672
Val: 259 samples (5%) - rows 4673 to 4931
Test: 261 samples (5%) - rows 4932 to 5192
Sequence length: 48, Prediction length: 1
============================================================
train 4625
val 259
test 261
Validation loss decreased (inf --> 0.027290).  Saving model ...
Updating learning rate to 0.00030872505192730586
Validation loss decreased (0.027290 --> 0.027109).  Saving model ...
Updating learning rate to 0.00015436252596365293
EarlyStopping counter: 1 out of 3
Updating learning rate to 7.718126298182647e-05
Validation loss decreased (0.027109 --> 0.026877).  Saving model ...
Updating learning rate to 3.859063149091323e-05
Validation loss decreased (0.026877 --> 0.026380).  Saving model ...
Updating learning rate to 1.9295315745456616e-05
EarlyStopping counter: 1 out of 3
Updating learning rate to 9.647657872728308e-06
EarlyStopping counter: 2 out of 3
Updating learning rate to 4.823828936364154e-06
EarlyStopping counter: 3 out of 3
>>>>>> Testing on validation set: trial_20 >>>>>>
test 261
test shape: (261, 1, 5) (261, 1, 5)
test shape: (261, 1, 5) (261, 1, 5)


	mse:0.050576839596033096, mae:0.0740182176232338, dtw:Not calculated


                                                                                      [I 2025-10-16 22:33:54,499] Trial 20 finished with value: 0.0740182176232338 and parameters: {'seq_len': 48, 'pred_len': 1, 'expand': 2, 'd_model': 32, 'n_heads': 8, 'e_layers': 2, 'd_layers': 2, 'batch_size': 16, 'learning_rate': 0.00030872505192730586, 'dropout': 0.06506258689249297}. Best is trial 10 with value: 0.0712396502494812.
Best trial: 10. Best value: 0.0712397:  40%|████      | 20/50 [04:35<07:16, 14.54s/it]Best trial: 10. Best value: 0.0712397:  40%|████      | 20/50 [04:35<07:16, 14.54s/it]Best trial: 10. Best value: 0.0712397:  42%|████▏     | 21/50 [04:35<08:01, 16.62s/it]
============================================================
Trial 21
============================================================
seq_len: 48, pred_len: 1
d_model: 32, n_heads: 8
e_layers: 2, d_layers: 2
batch_size: 16, lr: 0.000690
dropout: 0.15565358208230592
============================================================

Please make sure you have successfully installed mamba_ssm
Use GPU: cuda:0
DEBUG Mamba Init - d_model: 32, d_state: 16, d_inner: 64, expand: 2
>>>>>> Start training: trial_21 >>>>>>
============================================================
DATASET SPLIT INFO (90/5/5):
============================================================
Total samples: 5193
Train: 4673 samples (90%) - rows 0 to 4672
Val: 259 samples (5%) - rows 4673 to 4931
Test: 261 samples (5%) - rows 4932 to 5192
Sequence length: 48, Prediction length: 1
============================================================
train 4625
val 259
test 261
Validation loss decreased (inf --> 0.026874).  Saving model ...
Updating learning rate to 0.0006899051400781505
EarlyStopping counter: 1 out of 3
Updating learning rate to 0.00034495257003907523
Validation loss decreased (0.026874 --> 0.024905).  Saving model ...
Updating learning rate to 0.00017247628501953761
EarlyStopping counter: 1 out of 3
Updating learning rate to 8.623814250976881e-05
EarlyStopping counter: 2 out of 3
Updating learning rate to 4.3119071254884404e-05
EarlyStopping counter: 3 out of 3
>>>>>> Testing on validation set: trial_21 >>>>>>
test 261
test shape: (261, 1, 5) (261, 1, 5)
test shape: (261, 1, 5) (261, 1, 5)


	mse:0.04995281994342804, mae:0.07402738928794861, dtw:Not calculated


                                                                                      [I 2025-10-16 22:34:10,665] Trial 21 finished with value: 0.07402738928794861 and parameters: {'seq_len': 48, 'pred_len': 1, 'expand': 2, 'd_model': 32, 'n_heads': 8, 'e_layers': 2, 'd_layers': 2, 'batch_size': 16, 'learning_rate': 0.0006899051400781505, 'dropout': 0.15565358208230592}. Best is trial 10 with value: 0.0712396502494812.
Best trial: 10. Best value: 0.0712397:  42%|████▏     | 21/50 [04:51<08:01, 16.62s/it]Best trial: 10. Best value: 0.0712397:  42%|████▏     | 21/50 [04:51<08:01, 16.62s/it]Best trial: 10. Best value: 0.0712397:  44%|████▍     | 22/50 [04:51<07:41, 16.48s/it]
============================================================
Trial 22
============================================================
seq_len: 48, pred_len: 1
d_model: 32, n_heads: 8
e_layers: 2, d_layers: 2
batch_size: 16, lr: 0.000449
dropout: 0.1309443377604352
============================================================

Please make sure you have successfully installed mamba_ssm
Use GPU: cuda:0
DEBUG Mamba Init - d_model: 32, d_state: 16, d_inner: 64, expand: 2
>>>>>> Start training: trial_22 >>>>>>
============================================================
DATASET SPLIT INFO (90/5/5):
============================================================
Total samples: 5193
Train: 4673 samples (90%) - rows 0 to 4672
Val: 259 samples (5%) - rows 4673 to 4931
Test: 261 samples (5%) - rows 4932 to 5192
Sequence length: 48, Prediction length: 1
============================================================
train 4625
val 259
test 261
Validation loss decreased (inf --> 0.027611).  Saving model ...
Updating learning rate to 0.0004494544315695064
EarlyStopping counter: 1 out of 3
Updating learning rate to 0.0002247272157847532
EarlyStopping counter: 2 out of 3
Updating learning rate to 0.0001123636078923766
Validation loss decreased (0.027611 --> 0.026025).  Saving model ...
Updating learning rate to 5.61818039461883e-05
EarlyStopping counter: 1 out of 3
Updating learning rate to 2.809090197309415e-05
Validation loss decreased (0.026025 --> 0.025814).  Saving model ...
Updating learning rate to 1.4045450986547074e-05
EarlyStopping counter: 1 out of 3
Updating learning rate to 7.022725493273537e-06
EarlyStopping counter: 2 out of 3
Updating learning rate to 3.5113627466367686e-06
EarlyStopping counter: 3 out of 3
>>>>>> Testing on validation set: trial_22 >>>>>>
test 261
test shape: (261, 1, 5) (261, 1, 5)
test shape: (261, 1, 5) (261, 1, 5)


	mse:0.05027151107788086, mae:0.07504245638847351, dtw:Not calculated


                                                                                      [I 2025-10-16 22:34:34,464] Trial 22 finished with value: 0.07504245638847351 and parameters: {'seq_len': 48, 'pred_len': 1, 'expand': 2, 'd_model': 32, 'n_heads': 8, 'e_layers': 2, 'd_layers': 2, 'batch_size': 16, 'learning_rate': 0.0004494544315695064, 'dropout': 0.1309443377604352}. Best is trial 10 with value: 0.0712396502494812.
Best trial: 10. Best value: 0.0712397:  44%|████▍     | 22/50 [05:15<07:41, 16.48s/it]Best trial: 10. Best value: 0.0712397:  44%|████▍     | 22/50 [05:15<07:41, 16.48s/it]Best trial: 10. Best value: 0.0712397:  46%|████▌     | 23/50 [05:15<08:24, 18.68s/it]
============================================================
Trial 23
============================================================
seq_len: 48, pred_len: 1
d_model: 32, n_heads: 8
e_layers: 2, d_layers: 2
batch_size: 16, lr: 0.000765
dropout: 0.09719743525611921
============================================================

Please make sure you have successfully installed mamba_ssm
Use GPU: cuda:0
DEBUG Mamba Init - d_model: 32, d_state: 16, d_inner: 64, expand: 2
>>>>>> Start training: trial_23 >>>>>>
============================================================
DATASET SPLIT INFO (90/5/5):
============================================================
Total samples: 5193
Train: 4673 samples (90%) - rows 0 to 4672
Val: 259 samples (5%) - rows 4673 to 4931
Test: 261 samples (5%) - rows 4932 to 5192
Sequence length: 48, Prediction length: 1
============================================================
train 4625
val 259
test 261
Validation loss decreased (inf --> 0.034821).  Saving model ...
Updating learning rate to 0.0007652873437606063
Validation loss decreased (0.034821 --> 0.025643).  Saving model ...
Updating learning rate to 0.00038264367188030313
EarlyStopping counter: 1 out of 3
Updating learning rate to 0.00019132183594015157
Validation loss decreased (0.025643 --> 0.024985).  Saving model ...
Updating learning rate to 9.566091797007578e-05
EarlyStopping counter: 1 out of 3
Updating learning rate to 4.783045898503789e-05
EarlyStopping counter: 2 out of 3
Updating learning rate to 2.3915229492518946e-05
EarlyStopping counter: 3 out of 3
>>>>>> Testing on validation set: trial_23 >>>>>>
test 261
test shape: (261, 1, 5) (261, 1, 5)
test shape: (261, 1, 5) (261, 1, 5)


	mse:0.050809476524591446, mae:0.07312572002410889, dtw:Not calculated


                                                                                      [I 2025-10-16 22:34:53,204] Trial 23 finished with value: 0.07312572002410889 and parameters: {'seq_len': 48, 'pred_len': 1, 'expand': 2, 'd_model': 32, 'n_heads': 8, 'e_layers': 2, 'd_layers': 2, 'batch_size': 16, 'learning_rate': 0.0007652873437606063, 'dropout': 0.09719743525611921}. Best is trial 10 with value: 0.0712396502494812.
Best trial: 10. Best value: 0.0712397:  46%|████▌     | 23/50 [05:34<08:24, 18.68s/it]Best trial: 10. Best value: 0.0712397:  46%|████▌     | 23/50 [05:34<08:24, 18.68s/it]Best trial: 10. Best value: 0.0712397:  48%|████▊     | 24/50 [05:34<08:06, 18.70s/it]
============================================================
Trial 24
============================================================
seq_len: 48, pred_len: 1
d_model: 32, n_heads: 8
e_layers: 2, d_layers: 2
batch_size: 16, lr: 0.000376
dropout: 0.15122081173668972
============================================================

Please make sure you have successfully installed mamba_ssm
Use GPU: cuda:0
DEBUG Mamba Init - d_model: 32, d_state: 16, d_inner: 64, expand: 2
>>>>>> Start training: trial_24 >>>>>>
============================================================
DATASET SPLIT INFO (90/5/5):
============================================================
Total samples: 5193
Train: 4673 samples (90%) - rows 0 to 4672
Val: 259 samples (5%) - rows 4673 to 4931
Test: 261 samples (5%) - rows 4932 to 5192
Sequence length: 48, Prediction length: 1
============================================================
train 4625
val 259
test 261
Validation loss decreased (inf --> 0.026508).  Saving model ...
Updating learning rate to 0.00037616620564970374
Validation loss decreased (0.026508 --> 0.025701).  Saving model ...
Updating learning rate to 0.00018808310282485187
EarlyStopping counter: 1 out of 3
Updating learning rate to 9.404155141242594e-05
Validation loss decreased (0.025701 --> 0.024615).  Saving model ...
Updating learning rate to 4.702077570621297e-05
EarlyStopping counter: 1 out of 3
Updating learning rate to 2.3510387853106484e-05
EarlyStopping counter: 2 out of 3
Updating learning rate to 1.1755193926553242e-05
EarlyStopping counter: 3 out of 3
>>>>>> Testing on validation set: trial_24 >>>>>>
test 261
test shape: (261, 1, 5) (261, 1, 5)
test shape: (261, 1, 5) (261, 1, 5)


	mse:0.049598511308431625, mae:0.07389792799949646, dtw:Not calculated


                                                                                      [I 2025-10-16 22:35:12,227] Trial 24 finished with value: 0.07389792799949646 and parameters: {'seq_len': 48, 'pred_len': 1, 'expand': 2, 'd_model': 32, 'n_heads': 8, 'e_layers': 2, 'd_layers': 2, 'batch_size': 16, 'learning_rate': 0.00037616620564970374, 'dropout': 0.15122081173668972}. Best is trial 10 with value: 0.0712396502494812.
Best trial: 10. Best value: 0.0712397:  48%|████▊     | 24/50 [05:53<08:06, 18.70s/it]Best trial: 10. Best value: 0.0712397:  48%|████▊     | 24/50 [05:53<08:06, 18.70s/it]Best trial: 10. Best value: 0.0712397:  50%|█████     | 25/50 [05:53<07:49, 18.79s/it]
============================================================
Trial 25
============================================================
seq_len: 48, pred_len: 1
d_model: 32, n_heads: 8
e_layers: 2, d_layers: 2
batch_size: 16, lr: 0.000994
dropout: 0.17271015270538598
============================================================

Please make sure you have successfully installed mamba_ssm
Use GPU: cuda:0
DEBUG Mamba Init - d_model: 32, d_state: 16, d_inner: 64, expand: 2
>>>>>> Start training: trial_25 >>>>>>
============================================================
DATASET SPLIT INFO (90/5/5):
============================================================
Total samples: 5193
Train: 4673 samples (90%) - rows 0 to 4672
Val: 259 samples (5%) - rows 4673 to 4931
Test: 261 samples (5%) - rows 4932 to 5192
Sequence length: 48, Prediction length: 1
============================================================
train 4625
val 259
test 261
Validation loss decreased (inf --> 0.027825).  Saving model ...
Updating learning rate to 0.000993817845449538
Validation loss decreased (0.027825 --> 0.026116).  Saving model ...
Updating learning rate to 0.000496908922724769
Validation loss decreased (0.026116 --> 0.025515).  Saving model ...
Updating learning rate to 0.0002484544613623845
EarlyStopping counter: 1 out of 3
Updating learning rate to 0.00012422723068119225
Validation loss decreased (0.025515 --> 0.025068).  Saving model ...
Updating learning rate to 6.211361534059612e-05
EarlyStopping counter: 1 out of 3
Updating learning rate to 3.105680767029806e-05
EarlyStopping counter: 2 out of 3
Updating learning rate to 1.552840383514903e-05
EarlyStopping counter: 3 out of 3
>>>>>> Testing on validation set: trial_25 >>>>>>
test 261
test shape: (261, 1, 5) (261, 1, 5)
test shape: (261, 1, 5) (261, 1, 5)


	mse:0.05054812878370285, mae:0.07248126715421677, dtw:Not calculated


