                                                                                    [I 2025-10-16 22:30:35,082] Trial 9 finished with value: 0.11558031290769577 and parameters: {'seq_len': 96, 'pred_len': 7, 'expand': 2, 'd_model': 64, 'n_heads': 8, 'e_layers': 2, 'd_layers': 1, 'batch_size': 64, 'learning_rate': 1.2898867314935148e-05, 'dropout': 0.03975384925661524}. Best is trial 8 with value: 0.08076974004507065.
Best trial: 8. Best value: 0.0807697:  18%|█▊        | 9/50 [01:16<05:55,  8.68s/it]Best trial: 8. Best value: 0.0807697:  18%|█▊        | 9/50 [01:16<05:55,  8.68s/it]Best trial: 8. Best value: 0.0807697:  20%|██        | 10/50 [01:16<04:42,  7.06s/it]
============================================================
Trial 10
============================================================
seq_len: 48, pred_len: 1
d_model: 32, n_heads: 8
e_layers: 2, d_layers: 2
batch_size: 16, lr: 0.000699
dropout: 0.11271043672094821
============================================================

Please make sure you have successfully installed mamba_ssm
Use GPU: cuda:0
DEBUG Mamba Init - d_model: 32, d_state: 16, d_inner: 64, expand: 2
>>>>>> Start training: trial_10 >>>>>>
============================================================
DATASET SPLIT INFO (90/5/5):
============================================================
Total samples: 5193
Train: 4673 samples (90%) - rows 0 to 4672
Val: 259 samples (5%) - rows 4673 to 4931
Test: 261 samples (5%) - rows 4932 to 5192
Sequence length: 48, Prediction length: 1
============================================================
train 4625
val 259
test 261
Validation loss decreased (inf --> 0.026954).  Saving model ...
Updating learning rate to 0.0006986097758772165
Validation loss decreased (0.026954 --> 0.026290).  Saving model ...
Updating learning rate to 0.00034930488793860826
Validation loss decreased (0.026290 --> 0.025029).  Saving model ...
Updating learning rate to 0.00017465244396930413
EarlyStopping counter: 1 out of 3
Updating learning rate to 8.732622198465207e-05
Validation loss decreased (0.025029 --> 0.024732).  Saving model ...
Updating learning rate to 4.366311099232603e-05
EarlyStopping counter: 1 out of 3
Updating learning rate to 2.1831555496163016e-05
EarlyStopping counter: 2 out of 3
Updating learning rate to 1.0915777748081508e-05
EarlyStopping counter: 3 out of 3
>>>>>> Testing on validation set: trial_10 >>>>>>
test 261
test shape: (261, 1, 5) (261, 1, 5)
test shape: (261, 1, 5) (261, 1, 5)


	mse:0.048614367842674255, mae:0.0712396502494812, dtw:Not calculated


                                                                                     [I 2025-10-16 22:30:56,305] Trial 10 finished with value: 0.0712396502494812 and parameters: {'seq_len': 48, 'pred_len': 1, 'expand': 2, 'd_model': 32, 'n_heads': 8, 'e_layers': 2, 'd_layers': 2, 'batch_size': 16, 'learning_rate': 0.0006986097758772165, 'dropout': 0.11271043672094821}. Best is trial 10 with value: 0.0712396502494812.
Best trial: 8. Best value: 0.0807697:  20%|██        | 10/50 [01:37<04:42,  7.06s/it]Best trial: 10. Best value: 0.0712397:  20%|██        | 10/50 [01:37<04:42,  7.06s/it]Best trial: 10. Best value: 0.0712397:  22%|██▏       | 11/50 [01:37<07:24, 11.39s/it]
============================================================
Trial 11
============================================================
seq_len: 48, pred_len: 1
d_model: 32, n_heads: 8
e_layers: 2, d_layers: 2
batch_size: 16, lr: 0.000892
dropout: 0.11033612836332557
============================================================

Please make sure you have successfully installed mamba_ssm
Use GPU: cuda:0
DEBUG Mamba Init - d_model: 32, d_state: 16, d_inner: 64, expand: 2
>>>>>> Start training: trial_11 >>>>>>
============================================================
DATASET SPLIT INFO (90/5/5):
============================================================
Total samples: 5193
Train: 4673 samples (90%) - rows 0 to 4672
Val: 259 samples (5%) - rows 4673 to 4931
Test: 261 samples (5%) - rows 4932 to 5192
Sequence length: 48, Prediction length: 1
============================================================
train 4625
val 259
test 261
Validation loss decreased (inf --> 0.026420).  Saving model ...
Updating learning rate to 0.00089206705117009
EarlyStopping counter: 1 out of 3
Updating learning rate to 0.000446033525585045
Validation loss decreased (0.026420 --> 0.025175).  Saving model ...
Updating learning rate to 0.0002230167627925225
Validation loss decreased (0.025175 --> 0.024671).  Saving model ...
Updating learning rate to 0.00011150838139626126
EarlyStopping counter: 1 out of 3
Updating learning rate to 5.575419069813063e-05
EarlyStopping counter: 2 out of 3
Updating learning rate to 2.7877095349065314e-05
EarlyStopping counter: 3 out of 3
>>>>>> Testing on validation set: trial_11 >>>>>>
test 261
test shape: (261, 1, 5) (261, 1, 5)
test shape: (261, 1, 5) (261, 1, 5)


	mse:0.05129503086209297, mae:0.07293318212032318, dtw:Not calculated


                                                                                      [I 2025-10-16 22:31:15,019] Trial 11 finished with value: 0.07293318212032318 and parameters: {'seq_len': 48, 'pred_len': 1, 'expand': 2, 'd_model': 32, 'n_heads': 8, 'e_layers': 2, 'd_layers': 2, 'batch_size': 16, 'learning_rate': 0.00089206705117009, 'dropout': 0.11033612836332557}. Best is trial 10 with value: 0.0712396502494812.
Best trial: 10. Best value: 0.0712397:  22%|██▏       | 11/50 [01:56<07:24, 11.39s/it]Best trial: 10. Best value: 0.0712397:  22%|██▏       | 11/50 [01:56<07:24, 11.39s/it]Best trial: 10. Best value: 0.0712397:  24%|██▍       | 12/50 [01:56<08:37, 13.62s/it]
============================================================
Trial 12
============================================================
seq_len: 48, pred_len: 1
d_model: 32, n_heads: 8
e_layers: 2, d_layers: 2
batch_size: 16, lr: 0.000949
dropout: 0.12530168629040936
============================================================

Please make sure you have successfully installed mamba_ssm
Use GPU: cuda:0
DEBUG Mamba Init - d_model: 32, d_state: 16, d_inner: 64, expand: 2
>>>>>> Start training: trial_12 >>>>>>
============================================================
DATASET SPLIT INFO (90/5/5):
============================================================
Total samples: 5193
Train: 4673 samples (90%) - rows 0 to 4672
Val: 259 samples (5%) - rows 4673 to 4931
Test: 261 samples (5%) - rows 4932 to 5192
Sequence length: 48, Prediction length: 1
============================================================
train 4625
val 259
test 261
Validation loss decreased (inf --> 0.024565).  Saving model ...
Updating learning rate to 0.0009494845925790892
EarlyStopping counter: 1 out of 3
Updating learning rate to 0.0004747422962895446
EarlyStopping counter: 2 out of 3
Updating learning rate to 0.0002373711481447723
EarlyStopping counter: 3 out of 3
>>>>>> Testing on validation set: trial_12 >>>>>>
test 261
test shape: (261, 1, 5) (261, 1, 5)
test shape: (261, 1, 5) (261, 1, 5)


	mse:0.048945922404527664, mae:0.07403426617383957, dtw:Not calculated


                                                                                      [I 2025-10-16 22:31:25,845] Trial 12 finished with value: 0.07403426617383957 and parameters: {'seq_len': 48, 'pred_len': 1, 'expand': 2, 'd_model': 32, 'n_heads': 8, 'e_layers': 2, 'd_layers': 2, 'batch_size': 16, 'learning_rate': 0.0009494845925790892, 'dropout': 0.12530168629040936}. Best is trial 10 with value: 0.0712396502494812.
Best trial: 10. Best value: 0.0712397:  24%|██▍       | 12/50 [02:06<08:37, 13.62s/it]Best trial: 10. Best value: 0.0712397:  24%|██▍       | 12/50 [02:06<08:37, 13.62s/it]Best trial: 10. Best value: 0.0712397:  26%|██▌       | 13/50 [02:06<07:52, 12.77s/it]
============================================================
Trial 13
============================================================
seq_len: 48, pred_len: 1
d_model: 32, n_heads: 8
e_layers: 2, d_layers: 2
batch_size: 16, lr: 0.000948
dropout: 0.09575395982914629
============================================================

Please make sure you have successfully installed mamba_ssm
Use GPU: cuda:0
DEBUG Mamba Init - d_model: 32, d_state: 16, d_inner: 64, expand: 2
>>>>>> Start training: trial_13 >>>>>>
============================================================
DATASET SPLIT INFO (90/5/5):
============================================================
Total samples: 5193
Train: 4673 samples (90%) - rows 0 to 4672
Val: 259 samples (5%) - rows 4673 to 4931
Test: 261 samples (5%) - rows 4932 to 5192
Sequence length: 48, Prediction length: 1
============================================================
train 4625
val 259
test 261
Validation loss decreased (inf --> 0.027682).  Saving model ...
Updating learning rate to 0.0009484005756964168
Validation loss decreased (0.027682 --> 0.026171).  Saving model ...
Updating learning rate to 0.0004742002878482084
Validation loss decreased (0.026171 --> 0.026022).  Saving model ...
Updating learning rate to 0.0002371001439241042
Validation loss decreased (0.026022 --> 0.024990).  Saving model ...
Updating learning rate to 0.0001185500719620521
EarlyStopping counter: 1 out of 3
Updating learning rate to 5.927503598102605e-05
EarlyStopping counter: 2 out of 3
Updating learning rate to 2.9637517990513026e-05
EarlyStopping counter: 3 out of 3
>>>>>> Testing on validation set: trial_13 >>>>>>
test 261
test shape: (261, 1, 5) (261, 1, 5)
test shape: (261, 1, 5) (261, 1, 5)


	mse:0.04902718961238861, mae:0.07162290811538696, dtw:Not calculated


                                                                                      [I 2025-10-16 22:31:44,550] Trial 13 finished with value: 0.07162290811538696 and parameters: {'seq_len': 48, 'pred_len': 1, 'expand': 2, 'd_model': 32, 'n_heads': 8, 'e_layers': 2, 'd_layers': 2, 'batch_size': 16, 'learning_rate': 0.0009484005756964168, 'dropout': 0.09575395982914629}. Best is trial 10 with value: 0.0712396502494812.
Best trial: 10. Best value: 0.0712397:  26%|██▌       | 13/50 [02:25<07:52, 12.77s/it]Best trial: 10. Best value: 0.0712397:  26%|██▌       | 13/50 [02:25<07:52, 12.77s/it]Best trial: 10. Best value: 0.0712397:  28%|██▊       | 14/50 [02:25<08:44, 14.56s/it]
============================================================
Trial 14
============================================================
seq_len: 48, pred_len: 1
d_model: 32, n_heads: 8
e_layers: 2, d_layers: 2
batch_size: 16, lr: 0.000497
dropout: 0.24607416960194545
============================================================

Please make sure you have successfully installed mamba_ssm
Use GPU: cuda:0
DEBUG Mamba Init - d_model: 32, d_state: 16, d_inner: 64, expand: 2
>>>>>> Start training: trial_14 >>>>>>
============================================================
DATASET SPLIT INFO (90/5/5):
============================================================
Total samples: 5193
Train: 4673 samples (90%) - rows 0 to 4672
Val: 259 samples (5%) - rows 4673 to 4931
Test: 261 samples (5%) - rows 4932 to 5192
Sequence length: 48, Prediction length: 1
============================================================
train 4625
val 259
test 261
Validation loss decreased (inf --> 0.030085).  Saving model ...
Updating learning rate to 0.0004972150464381177
Validation loss decreased (0.030085 --> 0.027698).  Saving model ...
Updating learning rate to 0.00024860752321905887
Validation loss decreased (0.027698 --> 0.026249).  Saving model ...
Updating learning rate to 0.00012430376160952944
EarlyStopping counter: 1 out of 3
Updating learning rate to 6.215188080476472e-05
Validation loss decreased (0.026249 --> 0.026026).  Saving model ...
Updating learning rate to 3.107594040238236e-05
EarlyStopping counter: 1 out of 3
Updating learning rate to 1.553797020119118e-05
Validation loss decreased (0.026026 --> 0.025256).  Saving model ...
Updating learning rate to 7.76898510059559e-06
EarlyStopping counter: 1 out of 3
Updating learning rate to 3.884492550297795e-06
EarlyStopping counter: 2 out of 3
Updating learning rate to 1.9422462751488974e-06
EarlyStopping counter: 3 out of 3
>>>>>> Testing on validation set: trial_14 >>>>>>
test 261
test shape: (261, 1, 5) (261, 1, 5)
test shape: (261, 1, 5) (261, 1, 5)


	mse:0.05009645223617554, mae:0.07580137252807617, dtw:Not calculated


                                                                                      [I 2025-10-16 22:32:11,078] Trial 14 finished with value: 0.07580137252807617 and parameters: {'seq_len': 48, 'pred_len': 1, 'expand': 2, 'd_model': 32, 'n_heads': 8, 'e_layers': 2, 'd_layers': 2, 'batch_size': 16, 'learning_rate': 0.0004972150464381177, 'dropout': 0.24607416960194545}. Best is trial 10 with value: 0.0712396502494812.
Best trial: 10. Best value: 0.0712397:  28%|██▊       | 14/50 [02:52<08:44, 14.56s/it]Best trial: 10. Best value: 0.0712397:  28%|██▊       | 14/50 [02:52<08:44, 14.56s/it]Best trial: 10. Best value: 0.0712397:  30%|███       | 15/50 [02:52<10:35, 18.17s/it]
============================================================
Trial 15
============================================================
seq_len: 48, pred_len: 30
d_model: 32, n_heads: 8
e_layers: 2, d_layers: 2
batch_size: 16, lr: 0.000478
dropout: 0.08235384111285679
============================================================

Please make sure you have successfully installed mamba_ssm
Use GPU: cuda:0
DEBUG Mamba Init - d_model: 32, d_state: 16, d_inner: 64, expand: 2
>>>>>> Start training: trial_15 >>>>>>
============================================================
DATASET SPLIT INFO (90/5/5):
============================================================
Total samples: 5193
Train: 4673 samples (90%) - rows 0 to 4672
Val: 259 samples (5%) - rows 4673 to 4931
Test: 261 samples (5%) - rows 4932 to 5192
Sequence length: 48, Prediction length: 30
============================================================
train 4596
val 230
test 232
Validation loss decreased (inf --> 0.037669).  Saving model ...
Updating learning rate to 0.0004784306628671783
EarlyStopping counter: 1 out of 3
Updating learning rate to 0.00023921533143358916
EarlyStopping counter: 2 out of 3
Updating learning rate to 0.00011960766571679458
Validation loss decreased (0.037669 --> 0.037582).  Saving model ...
Updating learning rate to 5.980383285839729e-05
EarlyStopping counter: 1 out of 3
Updating learning rate to 2.9901916429198645e-05
EarlyStopping counter: 2 out of 3
Updating learning rate to 1.4950958214599322e-05
EarlyStopping counter: 3 out of 3
>>>>>> Testing on validation set: trial_15 >>>>>>
test 232
test shape: (232, 30, 5) (232, 30, 5)
test shape: (232, 30, 5) (232, 30, 5)


	mse:0.07656216621398926, mae:0.11230042576789856, dtw:Not calculated


                                                                                      [I 2025-10-16 22:32:29,591] Trial 15 finished with value: 0.11230042576789856 and parameters: {'seq_len': 48, 'pred_len': 30, 'expand': 2, 'd_model': 32, 'n_heads': 8, 'e_layers': 2, 'd_layers': 2, 'batch_size': 16, 'learning_rate': 0.0004784306628671783, 'dropout': 0.08235384111285679}. Best is trial 10 with value: 0.0712396502494812.
Best trial: 10. Best value: 0.0712397:  30%|███       | 15/50 [03:10<10:35, 18.17s/it]Best trial: 10. Best value: 0.0712397:  30%|███       | 15/50 [03:10<10:35, 18.17s/it]Best trial: 10. Best value: 0.0712397:  32%|███▏      | 16/50 [03:10<10:21, 18.27s/it]
============================================================
Trial 16
============================================================
seq_len: 48, pred_len: 1
d_model: 32, n_heads: 8
e_layers: 2, d_layers: 2
batch_size: 16, lr: 0.000469
dropout: 0.14793220522310344
============================================================

Please make sure you have successfully installed mamba_ssm
Use GPU: cuda:0
DEBUG Mamba Init - d_model: 32, d_state: 16, d_inner: 64, expand: 2
>>>>>> Start training: trial_16 >>>>>>
============================================================
DATASET SPLIT INFO (90/5/5):
============================================================
Total samples: 5193
Train: 4673 samples (90%) - rows 0 to 4672
Val: 259 samples (5%) - rows 4673 to 4931
Test: 261 samples (5%) - rows 4932 to 5192
Sequence length: 48, Prediction length: 1
============================================================
train 4625
val 259
test 261
Validation loss decreased (inf --> 0.034508).  Saving model ...
Updating learning rate to 0.0004689010078077457
Validation loss decreased (0.034508 --> 0.029365).  Saving model ...
Updating learning rate to 0.00023445050390387285
Validation loss decreased (0.029365 --> 0.026399).  Saving model ...
Updating learning rate to 0.00011722525195193642
EarlyStopping counter: 1 out of 3
Updating learning rate to 5.861262597596821e-05
Validation loss decreased (0.026399 --> 0.025123).  Saving model ...
Updating learning rate to 2.9306312987984106e-05
Validation loss decreased (0.025123 --> 0.024789).  Saving model ...
Updating learning rate to 1.4653156493992053e-05
EarlyStopping counter: 1 out of 3
Updating learning rate to 7.326578246996026e-06
EarlyStopping counter: 2 out of 3
Updating learning rate to 3.663289123498013e-06
EarlyStopping counter: 3 out of 3
>>>>>> Testing on validation set: trial_16 >>>>>>
test 261
test shape: (261, 1, 5) (261, 1, 5)
test shape: (261, 1, 5) (261, 1, 5)


	mse:0.04885703697800636, mae:0.07222942262887955, dtw:Not calculated


                                                                                      [I 2025-10-16 22:32:53,564] Trial 16 finished with value: 0.07222942262887955 and parameters: {'seq_len': 48, 'pred_len': 1, 'expand': 2, 'd_model': 32, 'n_heads': 8, 'e_layers': 2, 'd_layers': 2, 'batch_size': 16, 'learning_rate': 0.0004689010078077457, 'dropout': 0.14793220522310344}. Best is trial 10 with value: 0.0712396502494812.
Best trial: 10. Best value: 0.0712397:  32%|███▏      | 16/50 [03:34<10:21, 18.27s/it]Best trial: 10. Best value: 0.0712397:  32%|███▏      | 16/50 [03:34<10:21, 18.27s/it]Best trial: 10. Best value: 0.0712397:  34%|███▍      | 17/50 [03:34<10:59, 19.99s/it]
============================================================
Trial 17
============================================================
seq_len: 48, pred_len: 1
d_model: 32, n_heads: 8
e_layers: 2, d_layers: 2
batch_size: 16, lr: 0.000239
dropout: 0.09044511278381279
============================================================

Please make sure you have successfully installed mamba_ssm
Use GPU: cuda:0
DEBUG Mamba Init - d_model: 32, d_state: 16, d_inner: 64, expand: 2
>>>>>> Start training: trial_17 >>>>>>
============================================================
DATASET SPLIT INFO (90/5/5):
============================================================
Total samples: 5193
Train: 4673 samples (90%) - rows 0 to 4672
Val: 259 samples (5%) - rows 4673 to 4931
Test: 261 samples (5%) - rows 4932 to 5192
Sequence length: 48, Prediction length: 1
============================================================
train 4625
val 259
test 261
Validation loss decreased (inf --> 0.031395).  Saving model ...
Updating learning rate to 0.0002391488004471301
Validation loss decreased (0.031395 --> 0.026602).  Saving model ...
Updating learning rate to 0.00011957440022356505
Validation loss decreased (0.026602 --> 0.026143).  Saving model ...
Updating learning rate to 5.978720011178253e-05
EarlyStopping counter: 1 out of 3
Updating learning rate to 2.9893600055891264e-05
EarlyStopping counter: 2 out of 3
Updating learning rate to 1.4946800027945632e-05
EarlyStopping counter: 3 out of 3
>>>>>> Testing on validation set: trial_17 >>>>>>
test 261
test shape: (261, 1, 5) (261, 1, 5)
test shape: (261, 1, 5) (261, 1, 5)


	mse:0.05153516307473183, mae:0.07697153836488724, dtw:Not calculated


