[I 2025-10-16 22:29:19,000] A new study created in RDB with name: Mamba_Exchange_1

======================================================================
Starting Optuna Hyperparameter Optimization
======================================================================
Model: Mamba
Dataset: custom
Number of trials: 50
Study name: Mamba_Exchange_1
Storage: sqlite:///optuna_study.db
======================================================================

  0%|          | 0/50 [00:00<?, ?it/s]
============================================================
Trial 0
============================================================
seq_len: 96, pred_len: 7
d_model: 64, n_heads: 8
e_layers: 1, d_layers: 1
batch_size: 16, lr: 0.000015
dropout: 0.06727091761431199
============================================================

Please make sure you have successfully installed mamba_ssm
Use GPU: cuda:0
DEBUG Mamba Init - d_model: 64, d_state: 16, d_inner: 64, expand: 1
>>>>>> Start training: trial_0 >>>>>>
============================================================
DATASET SPLIT INFO (90/5/5):
============================================================
Total samples: 5193
Train: 4673 samples (90%) - rows 0 to 4672
Val: 259 samples (5%) - rows 4673 to 4931
Test: 261 samples (5%) - rows 4932 to 5192
Sequence length: 96, Prediction length: 7
============================================================
train 4571
val 253
test 255
Validation loss decreased (inf --> 0.036831).  Saving model ...
Updating learning rate to 1.4810698749927847e-05
EarlyStopping counter: 1 out of 3
Updating learning rate to 7.405349374963923e-06
EarlyStopping counter: 2 out of 3
Updating learning rate to 3.7026746874819617e-06
EarlyStopping counter: 3 out of 3
>>>>>> Testing on validation set: trial_0 >>>>>>
test 255
test shape: (255, 7, 5) (255, 7, 5)
test shape: (255, 7, 5) (255, 7, 5)


	mse:0.06723527610301971, mae:0.11485341936349869, dtw:Not calculated


                                      [I 2025-10-16 22:29:32,247] Trial 0 finished with value: 0.11485341936349869 and parameters: {'seq_len': 96, 'pred_len': 7, 'expand': 1, 'd_model': 64, 'n_heads': 8, 'e_layers': 1, 'd_layers': 1, 'batch_size': 16, 'learning_rate': 1.4810698749927847e-05, 'dropout': 0.06727091761431199}. Best is trial 0 with value: 0.11485341936349869.
  0%|          | 0/50 [00:13<?, ?it/s]Best trial: 0. Best value: 0.114853:   0%|          | 0/50 [00:13<?, ?it/s]Best trial: 0. Best value: 0.114853:   2%|▏         | 1/50 [00:13<10:49, 13.26s/it]
============================================================
Trial 1
============================================================
seq_len: 48, pred_len: 14
d_model: 64, n_heads: 8
e_layers: 1, d_layers: 2
batch_size: 16, lr: 0.000019
dropout: 0.17354827937911066
============================================================

Please make sure you have successfully installed mamba_ssm
Use GPU: cuda:0
DEBUG Mamba Init - d_model: 64, d_state: 16, d_inner: 64, expand: 1
>>>>>> Start training: trial_1 >>>>>>
============================================================
DATASET SPLIT INFO (90/5/5):
============================================================
Total samples: 5193
Train: 4673 samples (90%) - rows 0 to 4672
Val: 259 samples (5%) - rows 4673 to 4931
Test: 261 samples (5%) - rows 4932 to 5192
Sequence length: 48, Prediction length: 14
============================================================
train 4612
val 246
test 248
Validation loss decreased (inf --> 0.039065).  Saving model ...
Updating learning rate to 1.862445116966383e-05
Validation loss decreased (0.039065 --> 0.038511).  Saving model ...
Updating learning rate to 9.312225584831915e-06
EarlyStopping counter: 1 out of 3
Updating learning rate to 4.6561127924159576e-06
EarlyStopping counter: 2 out of 3
Updating learning rate to 2.3280563962079788e-06
EarlyStopping counter: 3 out of 3
>>>>>> Testing on validation set: trial_1 >>>>>>
test 248
test shape: (248, 14, 5) (248, 14, 5)
test shape: (248, 14, 5) (248, 14, 5)


	mse:0.06429198384284973, mae:0.09888728708028793, dtw:Not calculated


                                                                                   [I 2025-10-16 22:29:45,961] Trial 1 finished with value: 0.09888728708028793 and parameters: {'seq_len': 48, 'pred_len': 14, 'expand': 1, 'd_model': 64, 'n_heads': 8, 'e_layers': 1, 'd_layers': 2, 'batch_size': 16, 'learning_rate': 1.862445116966383e-05, 'dropout': 0.17354827937911066}. Best is trial 1 with value: 0.09888728708028793.
Best trial: 0. Best value: 0.114853:   2%|▏         | 1/50 [00:26<10:49, 13.26s/it]Best trial: 1. Best value: 0.0988873:   2%|▏         | 1/50 [00:26<10:49, 13.26s/it]Best trial: 1. Best value: 0.0988873:   4%|▍         | 2/50 [00:26<10:49, 13.53s/it]
============================================================
Trial 2
============================================================
seq_len: 96, pred_len: 14
d_model: 64, n_heads: 4
e_layers: 1, d_layers: 1
batch_size: 32, lr: 0.000173
dropout: 0.1116964351617344
============================================================

Please make sure you have successfully installed mamba_ssm
Use GPU: cuda:0
DEBUG Mamba Init - d_model: 64, d_state: 16, d_inner: 64, expand: 1
>>>>>> Start training: trial_2 >>>>>>
============================================================
DATASET SPLIT INFO (90/5/5):
============================================================
Total samples: 5193
Train: 4673 samples (90%) - rows 0 to 4672
Val: 259 samples (5%) - rows 4673 to 4931
Test: 261 samples (5%) - rows 4932 to 5192
Sequence length: 96, Prediction length: 14
============================================================
train 4564
val 246
test 248
Validation loss decreased (inf --> 0.039771).  Saving model ...
Updating learning rate to 0.000172891076001466
EarlyStopping counter: 1 out of 3
Updating learning rate to 8.6445538000733e-05
EarlyStopping counter: 2 out of 3
Updating learning rate to 4.32227690003665e-05
EarlyStopping counter: 3 out of 3
>>>>>> Testing on validation set: trial_2 >>>>>>
test 248
test shape: (248, 14, 5) (248, 14, 5)
test shape: (248, 14, 5) (248, 14, 5)


	mse:0.06915130466222763, mae:0.11119924485683441, dtw:Not calculated


                                                                                    [I 2025-10-16 22:29:51,750] Trial 2 finished with value: 0.11119924485683441 and parameters: {'seq_len': 96, 'pred_len': 14, 'expand': 1, 'd_model': 64, 'n_heads': 4, 'e_layers': 1, 'd_layers': 1, 'batch_size': 32, 'learning_rate': 0.000172891076001466, 'dropout': 0.1116964351617344}. Best is trial 1 with value: 0.09888728708028793.
Best trial: 1. Best value: 0.0988873:   4%|▍         | 2/50 [00:32<10:49, 13.53s/it]Best trial: 1. Best value: 0.0988873:   4%|▍         | 2/50 [00:32<10:49, 13.53s/it]Best trial: 1. Best value: 0.0988873:   6%|▌         | 3/50 [00:32<07:49,  9.99s/it]
============================================================
Trial 3
============================================================
seq_len: 48, pred_len: 7
d_model: 64, n_heads: 8
e_layers: 1, d_layers: 1
batch_size: 64, lr: 0.000096
dropout: 0.18966312607988225
============================================================

Please make sure you have successfully installed mamba_ssm
Use GPU: cuda:0
DEBUG Mamba Init - d_model: 64, d_state: 16, d_inner: 128, expand: 2
>>>>>> Start training: trial_3 >>>>>>
============================================================
DATASET SPLIT INFO (90/5/5):
============================================================
Total samples: 5193
Train: 4673 samples (90%) - rows 0 to 4672
Val: 259 samples (5%) - rows 4673 to 4931
Test: 261 samples (5%) - rows 4932 to 5192
Sequence length: 48, Prediction length: 7
============================================================
train 4619
val 253
test 255
Validation loss decreased (inf --> 0.037678).  Saving model ...
Updating learning rate to 9.626015714350737e-05
EarlyStopping counter: 1 out of 3
Updating learning rate to 4.8130078571753685e-05
EarlyStopping counter: 2 out of 3
Updating learning rate to 2.4065039285876843e-05
EarlyStopping counter: 3 out of 3
>>>>>> Testing on validation set: trial_3 >>>>>>
test 255
test shape: (255, 7, 5) (255, 7, 5)
test shape: (255, 7, 5) (255, 7, 5)


	mse:0.06382521241903305, mae:0.0971994400024414, dtw:Not calculated


                                                                                    [I 2025-10-16 22:29:55,044] Trial 3 finished with value: 0.0971994400024414 and parameters: {'seq_len': 48, 'pred_len': 7, 'expand': 2, 'd_model': 64, 'n_heads': 8, 'e_layers': 1, 'd_layers': 1, 'batch_size': 64, 'learning_rate': 9.626015714350737e-05, 'dropout': 0.18966312607988225}. Best is trial 3 with value: 0.0971994400024414.
Best trial: 1. Best value: 0.0988873:   6%|▌         | 3/50 [00:36<07:49,  9.99s/it]Best trial: 3. Best value: 0.0971994:   6%|▌         | 3/50 [00:36<07:49,  9.99s/it]Best trial: 3. Best value: 0.0971994:   8%|▊         | 4/50 [00:36<05:38,  7.35s/it]
============================================================
Trial 4
============================================================
seq_len: 48, pred_len: 1
d_model: 32, n_heads: 8
e_layers: 1, d_layers: 1
batch_size: 32, lr: 0.000018
dropout: 0.29906298438403434
============================================================

Please make sure you have successfully installed mamba_ssm
Use GPU: cuda:0
DEBUG Mamba Init - d_model: 32, d_state: 16, d_inner: 64, expand: 2
>>>>>> Start training: trial_4 >>>>>>
============================================================
DATASET SPLIT INFO (90/5/5):
============================================================
Total samples: 5193
Train: 4673 samples (90%) - rows 0 to 4672
Val: 259 samples (5%) - rows 4673 to 4931
Test: 261 samples (5%) - rows 4932 to 5192
Sequence length: 48, Prediction length: 1
============================================================
train 4625
val 259
test 261
Validation loss decreased (inf --> 0.031057).  Saving model ...
Updating learning rate to 1.761835683234762e-05
EarlyStopping counter: 1 out of 3
Updating learning rate to 8.80917841617381e-06
EarlyStopping counter: 2 out of 3
Updating learning rate to 4.404589208086905e-06
EarlyStopping counter: 3 out of 3
>>>>>> Testing on validation set: trial_4 >>>>>>
test 261
test shape: (261, 1, 5) (261, 1, 5)
test shape: (261, 1, 5) (261, 1, 5)


	mse:0.06131169572472572, mae:0.09406031668186188, dtw:Not calculated


                                                                                    [I 2025-10-16 22:30:00,797] Trial 4 finished with value: 0.09406031668186188 and parameters: {'seq_len': 48, 'pred_len': 1, 'expand': 2, 'd_model': 32, 'n_heads': 8, 'e_layers': 1, 'd_layers': 1, 'batch_size': 32, 'learning_rate': 1.761835683234762e-05, 'dropout': 0.29906298438403434}. Best is trial 4 with value: 0.09406031668186188.
Best trial: 3. Best value: 0.0971994:   8%|▊         | 4/50 [00:41<05:38,  7.35s/it]Best trial: 4. Best value: 0.0940603:   8%|▊         | 4/50 [00:41<05:38,  7.35s/it]Best trial: 4. Best value: 0.0940603:  10%|█         | 5/50 [00:41<05:04,  6.77s/it]
============================================================
Trial 5
============================================================
seq_len: 96, pred_len: 30
d_model: 64, n_heads: 4
e_layers: 1, d_layers: 2
batch_size: 32, lr: 0.000301
dropout: 0.19714544839967285
============================================================

Please make sure you have successfully installed mamba_ssm
Use GPU: cuda:0
DEBUG Mamba Init - d_model: 64, d_state: 16, d_inner: 64, expand: 1
>>>>>> Start training: trial_5 >>>>>>
============================================================
DATASET SPLIT INFO (90/5/5):
============================================================
Total samples: 5193
Train: 4673 samples (90%) - rows 0 to 4672
Val: 259 samples (5%) - rows 4673 to 4931
Test: 261 samples (5%) - rows 4932 to 5192
Sequence length: 96, Prediction length: 30
============================================================
train 4548
val 230
test 232
Validation loss decreased (inf --> 0.034503).  Saving model ...
Updating learning rate to 0.0003008625552395355
EarlyStopping counter: 1 out of 3
Updating learning rate to 0.00015043127761976775
EarlyStopping counter: 2 out of 3
Updating learning rate to 7.521563880988387e-05
EarlyStopping counter: 3 out of 3
>>>>>> Testing on validation set: trial_5 >>>>>>
test 232
test shape: (232, 30, 5) (232, 30, 5)
test shape: (232, 30, 5) (232, 30, 5)


	mse:0.07243028283119202, mae:0.11405383050441742, dtw:Not calculated


                                                                                    [I 2025-10-16 22:30:06,562] Trial 5 finished with value: 0.11405383050441742 and parameters: {'seq_len': 96, 'pred_len': 30, 'expand': 1, 'd_model': 64, 'n_heads': 4, 'e_layers': 1, 'd_layers': 2, 'batch_size': 32, 'learning_rate': 0.0003008625552395355, 'dropout': 0.19714544839967285}. Best is trial 4 with value: 0.09406031668186188.
Best trial: 4. Best value: 0.0940603:  10%|█         | 5/50 [00:47<05:04,  6.77s/it]Best trial: 4. Best value: 0.0940603:  10%|█         | 5/50 [00:47<05:04,  6.77s/it]Best trial: 4. Best value: 0.0940603:  12%|█▏        | 6/50 [00:47<04:42,  6.43s/it]
============================================================
Trial 6
============================================================
seq_len: 48, pred_len: 14
d_model: 64, n_heads: 4
e_layers: 2, d_layers: 2
batch_size: 32, lr: 0.000036
dropout: 0.031086378108234336
============================================================

Please make sure you have successfully installed mamba_ssm
Use GPU: cuda:0
DEBUG Mamba Init - d_model: 64, d_state: 16, d_inner: 64, expand: 1
>>>>>> Start training: trial_6 >>>>>>
============================================================
DATASET SPLIT INFO (90/5/5):
============================================================
Total samples: 5193
Train: 4673 samples (90%) - rows 0 to 4672
Val: 259 samples (5%) - rows 4673 to 4931
Test: 261 samples (5%) - rows 4932 to 5192
Sequence length: 48, Prediction length: 14
============================================================
train 4612
val 246
test 248
Validation loss decreased (inf --> 0.037488).  Saving model ...
Updating learning rate to 3.644184789734065e-05
EarlyStopping counter: 1 out of 3
Updating learning rate to 1.8220923948670324e-05
EarlyStopping counter: 2 out of 3
Updating learning rate to 9.110461974335162e-06
EarlyStopping counter: 3 out of 3
>>>>>> Testing on validation set: trial_6 >>>>>>
test 248
test shape: (248, 14, 5) (248, 14, 5)
test shape: (248, 14, 5) (248, 14, 5)


	mse:0.0646069124341011, mae:0.09841065853834152, dtw:Not calculated


                                                                                    [I 2025-10-16 22:30:12,232] Trial 6 finished with value: 0.09841065853834152 and parameters: {'seq_len': 48, 'pred_len': 14, 'expand': 1, 'd_model': 64, 'n_heads': 4, 'e_layers': 2, 'd_layers': 2, 'batch_size': 32, 'learning_rate': 3.644184789734065e-05, 'dropout': 0.031086378108234336}. Best is trial 4 with value: 0.09406031668186188.
Best trial: 4. Best value: 0.0940603:  12%|█▏        | 6/50 [00:53<04:42,  6.43s/it]Best trial: 4. Best value: 0.0940603:  12%|█▏        | 6/50 [00:53<04:42,  6.43s/it]Best trial: 4. Best value: 0.0940603:  14%|█▍        | 7/50 [00:53<04:25,  6.18s/it]
============================================================
Trial 7
============================================================
seq_len: 96, pred_len: 14
d_model: 32, n_heads: 4
e_layers: 2, d_layers: 1
batch_size: 64, lr: 0.000043
dropout: 0.02221415167345244
============================================================

Please make sure you have successfully installed mamba_ssm
Use GPU: cuda:0
DEBUG Mamba Init - d_model: 32, d_state: 16, d_inner: 32, expand: 1
>>>>>> Start training: trial_7 >>>>>>
============================================================
DATASET SPLIT INFO (90/5/5):
============================================================
Total samples: 5193
Train: 4673 samples (90%) - rows 0 to 4672
Val: 259 samples (5%) - rows 4673 to 4931
Test: 261 samples (5%) - rows 4932 to 5192
Sequence length: 96, Prediction length: 14
============================================================
train 4564
val 246
test 248
Validation loss decreased (inf --> 0.036214).  Saving model ...
Updating learning rate to 4.288771132984285e-05
EarlyStopping counter: 1 out of 3
Updating learning rate to 2.1443855664921426e-05
EarlyStopping counter: 2 out of 3
Updating learning rate to 1.0721927832460713e-05
EarlyStopping counter: 3 out of 3
>>>>>> Testing on validation set: trial_7 >>>>>>
test 248
test shape: (248, 14, 5) (248, 14, 5)
test shape: (248, 14, 5) (248, 14, 5)


	mse:0.06790991127490997, mae:0.11625023931264877, dtw:Not calculated


                                                                                    [I 2025-10-16 22:30:15,325] Trial 7 finished with value: 0.11625023931264877 and parameters: {'seq_len': 96, 'pred_len': 14, 'expand': 1, 'd_model': 32, 'n_heads': 4, 'e_layers': 2, 'd_layers': 1, 'batch_size': 64, 'learning_rate': 4.288771132984285e-05, 'dropout': 0.02221415167345244}. Best is trial 4 with value: 0.09406031668186188.
Best trial: 4. Best value: 0.0940603:  14%|█▍        | 7/50 [00:56<04:25,  6.18s/it]Best trial: 4. Best value: 0.0940603:  14%|█▍        | 7/50 [00:56<04:25,  6.18s/it]Best trial: 4. Best value: 0.0940603:  16%|█▌        | 8/50 [00:56<03:38,  5.20s/it]
============================================================
Trial 8
============================================================
seq_len: 48, pred_len: 1
d_model: 32, n_heads: 8
e_layers: 2, d_layers: 1
batch_size: 16, lr: 0.000145
dropout: 0.048108435488234055
============================================================

Please make sure you have successfully installed mamba_ssm
Use GPU: cuda:0
DEBUG Mamba Init - d_model: 32, d_state: 16, d_inner: 64, expand: 2
>>>>>> Start training: trial_8 >>>>>>
============================================================
DATASET SPLIT INFO (90/5/5):
============================================================
Total samples: 5193
Train: 4673 samples (90%) - rows 0 to 4672
Val: 259 samples (5%) - rows 4673 to 4931
Test: 261 samples (5%) - rows 4932 to 5192
Sequence length: 48, Prediction length: 1
============================================================
train 4625
val 259
test 261
Validation loss decreased (inf --> 0.031012).  Saving model ...
Updating learning rate to 0.00014546317465644103
Validation loss decreased (0.031012 --> 0.027837).  Saving model ...
Updating learning rate to 7.273158732822051e-05
Validation loss decreased (0.027837 --> 0.027383).  Saving model ...
Updating learning rate to 3.636579366411026e-05
EarlyStopping counter: 1 out of 3
Updating learning rate to 1.818289683205513e-05
EarlyStopping counter: 2 out of 3
Updating learning rate to 9.091448416027564e-06
EarlyStopping counter: 3 out of 3
>>>>>> Testing on validation set: trial_8 >>>>>>
test 261
test shape: (261, 1, 5) (261, 1, 5)
test shape: (261, 1, 5) (261, 1, 5)


	mse:0.05227626487612724, mae:0.08076974004507065, dtw:Not calculated


                                                                                    [I 2025-10-16 22:30:31,654] Trial 8 finished with value: 0.08076974004507065 and parameters: {'seq_len': 48, 'pred_len': 1, 'expand': 2, 'd_model': 32, 'n_heads': 8, 'e_layers': 2, 'd_layers': 1, 'batch_size': 16, 'learning_rate': 0.00014546317465644103, 'dropout': 0.048108435488234055}. Best is trial 8 with value: 0.08076974004507065.
Best trial: 4. Best value: 0.0940603:  16%|█▌        | 8/50 [01:12<03:38,  5.20s/it]Best trial: 8. Best value: 0.0807697:  16%|█▌        | 8/50 [01:12<03:38,  5.20s/it]Best trial: 8. Best value: 0.0807697:  18%|█▊        | 9/50 [01:12<05:55,  8.68s/it]
============================================================
Trial 9
============================================================
seq_len: 96, pred_len: 7
d_model: 64, n_heads: 8
e_layers: 2, d_layers: 1
batch_size: 64, lr: 0.000013
dropout: 0.03975384925661524
============================================================

Please make sure you have successfully installed mamba_ssm
Use GPU: cuda:0
DEBUG Mamba Init - d_model: 64, d_state: 16, d_inner: 128, expand: 2
>>>>>> Start training: trial_9 >>>>>>
============================================================
DATASET SPLIT INFO (90/5/5):
============================================================
Total samples: 5193
Train: 4673 samples (90%) - rows 0 to 4672
Val: 259 samples (5%) - rows 4673 to 4931
Test: 261 samples (5%) - rows 4932 to 5192
Sequence length: 96, Prediction length: 7
============================================================
train 4571
val 253
test 255
Validation loss decreased (inf --> 0.036962).  Saving model ...
Updating learning rate to 1.2898867314935148e-05
EarlyStopping counter: 1 out of 3
Updating learning rate to 6.449433657467574e-06
EarlyStopping counter: 2 out of 3
Updating learning rate to 3.224716828733787e-06
EarlyStopping counter: 3 out of 3
>>>>>> Testing on validation set: trial_9 >>>>>>
test 255
test shape: (255, 7, 5) (255, 7, 5)
test shape: (255, 7, 5) (255, 7, 5)


	mse:0.06710508465766907, mae:0.11558031290769577, dtw:Not calculated


