                                                                                      [I 2025-10-16 23:03:27,913] Trial 44 finished with value: 0.07542653381824493 and parameters: {'seq_len': 48, 'pred_len': 1, 'expand': 2, 'd_model': 64, 'n_heads': 8, 'e_layers': 2, 'd_layers': 1, 'batch_size': 16, 'learning_rate': 0.00039225434456064594, 'dropout': 0.03524505414522364}. Best is trial 20 with value: 0.070341557264328.
Best trial: 20. Best value: 0.0703416:  88%|████████▊ | 44/50 [09:21<01:52, 18.75s/it]Best trial: 20. Best value: 0.0703416:  88%|████████▊ | 44/50 [09:21<01:52, 18.75s/it]Best trial: 20. Best value: 0.0703416:  90%|█████████ | 45/50 [09:21<01:25, 17.19s/it]
============================================================
Trial 45
============================================================
seq_len: 48, pred_len: 1
d_model: 64, n_heads: 8
e_layers: 2, d_layers: 1
batch_size: 16, lr: 0.000988
dropout: 0.20813366135029282
============================================================

Please make sure you have successfully installed mamba_ssm
Use GPU: cuda:0
DEBUG Mamba Init - d_model: 64, d_state: 16, d_inner: 128, expand: 2
>>>>>> Start training: trial_45 >>>>>>
============================================================
DATASET SPLIT INFO (90/5/5):
============================================================
Total samples: 5193
Train: 4673 samples (90%) - rows 0 to 4672
Val: 259 samples (5%) - rows 4673 to 4931
Test: 261 samples (5%) - rows 4932 to 5192
Sequence length: 48, Prediction length: 1
============================================================
train 4625
val 259
test 261
Validation loss decreased (inf --> 0.032227).  Saving model ...
Updating learning rate to 0.0009875712393954904
Validation loss decreased (0.032227 --> 0.028732).  Saving model ...
Updating learning rate to 0.0004937856196977452
Validation loss decreased (0.028732 --> 0.025742).  Saving model ...
Updating learning rate to 0.0002468928098488726
EarlyStopping counter: 1 out of 3
Updating learning rate to 0.0001234464049244363
EarlyStopping counter: 2 out of 3
Updating learning rate to 6.172320246221815e-05
Validation loss decreased (0.025742 --> 0.025659).  Saving model ...
Updating learning rate to 3.0861601231109076e-05
EarlyStopping counter: 1 out of 3
Updating learning rate to 1.5430800615554538e-05
Validation loss decreased (0.025659 --> 0.025639).  Saving model ...
Updating learning rate to 7.715400307777269e-06
Validation loss decreased (0.025639 --> 0.025278).  Saving model ...
Updating learning rate to 3.8577001538886345e-06
EarlyStopping counter: 1 out of 3
Updating learning rate to 1.9288500769443173e-06
>>>>>> Testing on validation set: trial_45 >>>>>>
test 261
test shape: (261, 1, 5) (261, 1, 5)
test shape: (261, 1, 5) (261, 1, 5)


	mse:0.049540095031261444, mae:0.07035250216722488, dtw:Not calculated


                                                                                      [I 2025-10-16 23:03:54,851] Trial 45 finished with value: 0.07035250216722488 and parameters: {'seq_len': 48, 'pred_len': 1, 'expand': 2, 'd_model': 64, 'n_heads': 8, 'e_layers': 2, 'd_layers': 1, 'batch_size': 16, 'learning_rate': 0.0009875712393954904, 'dropout': 0.20813366135029282}. Best is trial 20 with value: 0.070341557264328.
Best trial: 20. Best value: 0.0703416:  90%|█████████ | 45/50 [09:48<01:25, 17.19s/it]Best trial: 20. Best value: 0.0703416:  90%|█████████ | 45/50 [09:48<01:25, 17.19s/it]Best trial: 20. Best value: 0.0703416:  92%|█████████▏| 46/50 [09:48<01:20, 20.12s/it]
============================================================
Trial 46
============================================================
seq_len: 96, pred_len: 30
d_model: 32, n_heads: 4
e_layers: 2, d_layers: 1
batch_size: 16, lr: 0.000963
dropout: 0.05990249764815768
============================================================

Please make sure you have successfully installed mamba_ssm
Use GPU: cuda:0
DEBUG Mamba Init - d_model: 32, d_state: 16, d_inner: 64, expand: 2
>>>>>> Start training: trial_46 >>>>>>
============================================================
DATASET SPLIT INFO (90/5/5):
============================================================
Total samples: 5193
Train: 4673 samples (90%) - rows 0 to 4672
Val: 259 samples (5%) - rows 4673 to 4931
Test: 261 samples (5%) - rows 4932 to 5192
Sequence length: 96, Prediction length: 30
============================================================
train 4548
val 230
test 232
Validation loss decreased (inf --> 0.037194).  Saving model ...
Updating learning rate to 0.0009626101771349054
EarlyStopping counter: 1 out of 3
Updating learning rate to 0.0004813050885674527
EarlyStopping counter: 2 out of 3
Updating learning rate to 0.00024065254428372635
EarlyStopping counter: 3 out of 3
>>>>>> Testing on validation set: trial_46 >>>>>>
test 232
test shape: (232, 30, 5) (232, 30, 5)
test shape: (232, 30, 5) (232, 30, 5)


	mse:0.07216694951057434, mae:0.11435441672801971, dtw:Not calculated


                                                                                      [I 2025-10-16 23:04:05,873] Trial 46 finished with value: 0.11435441672801971 and parameters: {'seq_len': 96, 'pred_len': 30, 'expand': 2, 'd_model': 32, 'n_heads': 4, 'e_layers': 2, 'd_layers': 1, 'batch_size': 16, 'learning_rate': 0.0009626101771349054, 'dropout': 0.05990249764815768}. Best is trial 20 with value: 0.070341557264328.
Best trial: 20. Best value: 0.0703416:  92%|█████████▏| 46/50 [09:59<01:20, 20.12s/it]Best trial: 20. Best value: 0.0703416:  92%|█████████▏| 46/50 [09:59<01:20, 20.12s/it]Best trial: 20. Best value: 0.0703416:  94%|█████████▍| 47/50 [09:59<00:52, 17.39s/it]
============================================================
Trial 47
============================================================
seq_len: 48, pred_len: 1
d_model: 64, n_heads: 8
e_layers: 2, d_layers: 1
batch_size: 16, lr: 0.000858
dropout: 0.03424471217924429
============================================================

Please make sure you have successfully installed mamba_ssm
Use GPU: cuda:0
DEBUG Mamba Init - d_model: 64, d_state: 16, d_inner: 128, expand: 2
>>>>>> Start training: trial_47 >>>>>>
============================================================
DATASET SPLIT INFO (90/5/5):
============================================================
Total samples: 5193
Train: 4673 samples (90%) - rows 0 to 4672
Val: 259 samples (5%) - rows 4673 to 4931
Test: 261 samples (5%) - rows 4932 to 5192
Sequence length: 48, Prediction length: 1
============================================================
train 4625
val 259
test 261
Validation loss decreased (inf --> 0.029759).  Saving model ...
Updating learning rate to 0.000857940067299971
Validation loss decreased (0.029759 --> 0.025480).  Saving model ...
Updating learning rate to 0.0004289700336499855
EarlyStopping counter: 1 out of 3
Updating learning rate to 0.00021448501682499275
Validation loss decreased (0.025480 --> 0.025113).  Saving model ...
Updating learning rate to 0.00010724250841249638
EarlyStopping counter: 1 out of 3
Updating learning rate to 5.362125420624819e-05
EarlyStopping counter: 2 out of 3
Updating learning rate to 2.6810627103124094e-05
EarlyStopping counter: 3 out of 3
>>>>>> Testing on validation set: trial_47 >>>>>>
test 261
test shape: (261, 1, 5) (261, 1, 5)
test shape: (261, 1, 5) (261, 1, 5)


	mse:0.049294788390398026, mae:0.07131721079349518, dtw:Not calculated


                                                                                      [I 2025-10-16 23:04:24,961] Trial 47 finished with value: 0.07131721079349518 and parameters: {'seq_len': 48, 'pred_len': 1, 'expand': 2, 'd_model': 64, 'n_heads': 8, 'e_layers': 2, 'd_layers': 1, 'batch_size': 16, 'learning_rate': 0.000857940067299971, 'dropout': 0.03424471217924429}. Best is trial 20 with value: 0.070341557264328.
Best trial: 20. Best value: 0.0703416:  94%|█████████▍| 47/50 [10:18<00:52, 17.39s/it]Best trial: 20. Best value: 0.0703416:  94%|█████████▍| 47/50 [10:19<00:52, 17.39s/it]Best trial: 20. Best value: 0.0703416:  96%|█████████▌| 48/50 [10:19<00:35, 17.90s/it]
============================================================
Trial 48
============================================================
seq_len: 48, pred_len: 14
d_model: 64, n_heads: 8
e_layers: 1, d_layers: 1
batch_size: 16, lr: 0.000804
dropout: 0.2564936909139591
============================================================

Please make sure you have successfully installed mamba_ssm
Use GPU: cuda:0
DEBUG Mamba Init - d_model: 64, d_state: 16, d_inner: 128, expand: 2
>>>>>> Start training: trial_48 >>>>>>
============================================================
DATASET SPLIT INFO (90/5/5):
============================================================
Total samples: 5193
Train: 4673 samples (90%) - rows 0 to 4672
Val: 259 samples (5%) - rows 4673 to 4931
Test: 261 samples (5%) - rows 4932 to 5192
Sequence length: 48, Prediction length: 14
============================================================
train 4612
val 246
test 248
Validation loss decreased (inf --> 0.040184).  Saving model ...
Updating learning rate to 0.0008039682567263566
Validation loss decreased (0.040184 --> 0.039752).  Saving model ...
Updating learning rate to 0.0004019841283631783
Validation loss decreased (0.039752 --> 0.039153).  Saving model ...
Updating learning rate to 0.00020099206418158915
EarlyStopping counter: 1 out of 3
Updating learning rate to 0.00010049603209079458
EarlyStopping counter: 2 out of 3
Updating learning rate to 5.024801604539729e-05
EarlyStopping counter: 3 out of 3
>>>>>> Testing on validation set: trial_48 >>>>>>
test 248
test shape: (248, 14, 5) (248, 14, 5)
test shape: (248, 14, 5) (248, 14, 5)


	mse:0.06603606790304184, mae:0.10106465220451355, dtw:Not calculated


                                                                                      [I 2025-10-16 23:04:41,205] Trial 48 finished with value: 0.10106465220451355 and parameters: {'seq_len': 48, 'pred_len': 14, 'expand': 2, 'd_model': 64, 'n_heads': 8, 'e_layers': 1, 'd_layers': 1, 'batch_size': 16, 'learning_rate': 0.0008039682567263566, 'dropout': 0.2564936909139591}. Best is trial 20 with value: 0.070341557264328.
Best trial: 20. Best value: 0.0703416:  96%|█████████▌| 48/50 [10:35<00:35, 17.90s/it]Best trial: 20. Best value: 0.0703416:  96%|█████████▌| 48/50 [10:35<00:35, 17.90s/it]Best trial: 20. Best value: 0.0703416:  98%|█████████▊| 49/50 [10:35<00:17, 17.40s/it]
============================================================
Trial 49
============================================================
seq_len: 96, pred_len: 1
d_model: 64, n_heads: 8
e_layers: 2, d_layers: 1
batch_size: 16, lr: 0.000984
dropout: 0.02174137972517412
============================================================

Please make sure you have successfully installed mamba_ssm
Use GPU: cuda:0
DEBUG Mamba Init - d_model: 64, d_state: 16, d_inner: 128, expand: 2
>>>>>> Start training: trial_49 >>>>>>
============================================================
DATASET SPLIT INFO (90/5/5):
============================================================
Total samples: 5193
Train: 4673 samples (90%) - rows 0 to 4672
Val: 259 samples (5%) - rows 4673 to 4931
Test: 261 samples (5%) - rows 4932 to 5192
Sequence length: 96, Prediction length: 1
============================================================
train 4577
val 259
test 261
Validation loss decreased (inf --> 0.026388).  Saving model ...
Updating learning rate to 0.0009843443828925539
Validation loss decreased (0.026388 --> 0.025928).  Saving model ...
Updating learning rate to 0.0004921721914462769
EarlyStopping counter: 1 out of 3
Updating learning rate to 0.00024608609572313847
Validation loss decreased (0.025928 --> 0.024959).  Saving model ...
Updating learning rate to 0.00012304304786156923
EarlyStopping counter: 1 out of 3
Updating learning rate to 6.152152393078462e-05
EarlyStopping counter: 2 out of 3
Updating learning rate to 3.076076196539231e-05
EarlyStopping counter: 3 out of 3
>>>>>> Testing on validation set: trial_49 >>>>>>
test 261
test shape: (261, 1, 5) (261, 1, 5)
test shape: (261, 1, 5) (261, 1, 5)


	mse:0.04987803474068642, mae:0.07244950532913208, dtw:Not calculated


                                                                                      [I 2025-10-16 23:05:00,141] Trial 49 finished with value: 0.07244950532913208 and parameters: {'seq_len': 96, 'pred_len': 1, 'expand': 2, 'd_model': 64, 'n_heads': 8, 'e_layers': 2, 'd_layers': 1, 'batch_size': 16, 'learning_rate': 0.0009843443828925539, 'dropout': 0.02174137972517412}. Best is trial 20 with value: 0.070341557264328.
Best trial: 20. Best value: 0.0703416:  98%|█████████▊| 49/50 [10:54<00:17, 17.40s/it]Best trial: 20. Best value: 0.0703416:  98%|█████████▊| 49/50 [10:54<00:17, 17.40s/it]Best trial: 20. Best value: 0.0703416: 100%|██████████| 50/50 [10:54<00:00, 17.86s/it]Best trial: 20. Best value: 0.0703416: 100%|██████████| 50/50 [10:54<00:00, 13.08s/it]

======================================================================
Optimization Complete!
======================================================================
Number of finished trials: 50

Best trial:
  Value (MSE): 0.070342

Best hyperparameters:
  seq_len: 48
  pred_len: 1
  expand: 2
  d_model: 64
  n_heads: 8
  e_layers: 2
  d_layers: 1
  batch_size: 32
  learning_rate: 0.0005507127388623045
  dropout: 0.05561617345359868
======================================================================

✅ Best parameters saved to: ./optuna_results/Mamba_Exchange_14_best_params.json
✅ Visualizations saved to ./optuna_results/

======================================================================
✅ Hyperparameter tuning complete!
✅ Best parameters saved to: ./optuna_results/Mamba_Exchange_14_best_params.json
======================================================================

Next steps:
  1. Review visualizations in optuna_results/ folder
  2. Train final model:
     python train_best_model.py --model Mamba --train_epochs 100
======================================================================
[I 2025-10-16 23:05:14,218] A new study created in RDB with name: Mamba_Exchange_30

======================================================================
Starting Optuna Hyperparameter Optimization
======================================================================
Model: Mamba
Dataset: custom
Number of trials: 50
Study name: Mamba_Exchange_30
Storage: sqlite:///optuna_study.db
======================================================================

  0%|          | 0/50 [00:00<?, ?it/s]
============================================================
Trial 0
============================================================
seq_len: 96, pred_len: 1
d_model: 64, n_heads: 8
e_layers: 2, d_layers: 1
batch_size: 16, lr: 0.000500
dropout: 0.1160101757941579
============================================================

Please make sure you have successfully installed mamba_ssm
Use GPU: cuda:0
DEBUG Mamba Init - d_model: 64, d_state: 16, d_inner: 64, expand: 1
>>>>>> Start training: trial_0 >>>>>>
============================================================
DATASET SPLIT INFO (90/5/5):
============================================================
Total samples: 5193
Train: 4673 samples (90%) - rows 0 to 4672
Val: 259 samples (5%) - rows 4673 to 4931
Test: 261 samples (5%) - rows 4932 to 5192
Sequence length: 96, Prediction length: 1
============================================================
train 4577
val 259
test 261
Validation loss decreased (inf --> 0.030066).  Saving model ...
Updating learning rate to 0.0005004992148429017
Validation loss decreased (0.030066 --> 0.025477).  Saving model ...
Updating learning rate to 0.00025024960742145083
EarlyStopping counter: 1 out of 3
Updating learning rate to 0.00012512480371072542
EarlyStopping counter: 2 out of 3
Updating learning rate to 6.256240185536271e-05
EarlyStopping counter: 3 out of 3
>>>>>> Testing on validation set: trial_0 >>>>>>
test 261
test shape: (261, 1, 5) (261, 1, 5)
test shape: (261, 1, 5) (261, 1, 5)


	mse:0.05125703290104866, mae:0.07709306478500366, dtw:Not calculated


                                      [I 2025-10-16 23:05:30,289] Trial 0 finished with value: 0.07709306478500366 and parameters: {'seq_len': 96, 'pred_len': 1, 'expand': 1, 'd_model': 64, 'n_heads': 8, 'e_layers': 2, 'd_layers': 1, 'batch_size': 16, 'learning_rate': 0.0005004992148429017, 'dropout': 0.1160101757941579}. Best is trial 0 with value: 0.07709306478500366.
  0%|          | 0/50 [00:16<?, ?it/s]Best trial: 0. Best value: 0.0770931:   0%|          | 0/50 [00:16<?, ?it/s]Best trial: 0. Best value: 0.0770931:   2%|▏         | 1/50 [00:16<13:08, 16.09s/it]
============================================================
Trial 1
============================================================
seq_len: 48, pred_len: 7
d_model: 32, n_heads: 8
e_layers: 1, d_layers: 2
batch_size: 32, lr: 0.000057
dropout: 0.1981237942018867
============================================================

Please make sure you have successfully installed mamba_ssm
Use GPU: cuda:0
DEBUG Mamba Init - d_model: 32, d_state: 16, d_inner: 32, expand: 1
>>>>>> Start training: trial_1 >>>>>>
============================================================
DATASET SPLIT INFO (90/5/5):
============================================================
Total samples: 5193
Train: 4673 samples (90%) - rows 0 to 4672
Val: 259 samples (5%) - rows 4673 to 4931
Test: 261 samples (5%) - rows 4932 to 5192
Sequence length: 48, Prediction length: 7
============================================================
train 4619
val 253
test 255
Validation loss decreased (inf --> 0.036943).  Saving model ...
Updating learning rate to 5.704069544697648e-05
EarlyStopping counter: 1 out of 3
Updating learning rate to 2.852034772348824e-05
EarlyStopping counter: 2 out of 3
Updating learning rate to 1.426017386174412e-05
EarlyStopping counter: 3 out of 3
>>>>>> Testing on validation set: trial_1 >>>>>>
test 255
test shape: (255, 7, 5) (255, 7, 5)
test shape: (255, 7, 5) (255, 7, 5)


	mse:0.06415814906358719, mae:0.09791720658540726, dtw:Not calculated


                                                                                    [I 2025-10-16 23:05:35,952] Trial 1 finished with value: 0.09791720658540726 and parameters: {'seq_len': 48, 'pred_len': 7, 'expand': 1, 'd_model': 32, 'n_heads': 8, 'e_layers': 1, 'd_layers': 2, 'batch_size': 32, 'learning_rate': 5.704069544697648e-05, 'dropout': 0.1981237942018867}. Best is trial 0 with value: 0.07709306478500366.
Best trial: 0. Best value: 0.0770931:   2%|▏         | 1/50 [00:21<13:08, 16.09s/it]Best trial: 0. Best value: 0.0770931:   2%|▏         | 1/50 [00:21<13:08, 16.09s/it]Best trial: 0. Best value: 0.0770931:   4%|▍         | 2/50 [00:21<07:57,  9.96s/it]
============================================================
Trial 2
============================================================
seq_len: 48, pred_len: 30
d_model: 64, n_heads: 4
e_layers: 1, d_layers: 1
batch_size: 64, lr: 0.000649
dropout: 0.2039718892284837
============================================================

Please make sure you have successfully installed mamba_ssm
Use GPU: cuda:0
DEBUG Mamba Init - d_model: 64, d_state: 16, d_inner: 64, expand: 1
>>>>>> Start training: trial_2 >>>>>>
============================================================
DATASET SPLIT INFO (90/5/5):
============================================================
Total samples: 5193
Train: 4673 samples (90%) - rows 0 to 4672
Val: 259 samples (5%) - rows 4673 to 4931
Test: 261 samples (5%) - rows 4932 to 5192
Sequence length: 48, Prediction length: 30
============================================================
train 4596
val 230
test 232
Validation loss decreased (inf --> 0.037754).  Saving model ...
Updating learning rate to 0.0006488180385387186
Validation loss decreased (0.037754 --> 0.036444).  Saving model ...
Updating learning rate to 0.0003244090192693593
Validation loss decreased (0.036444 --> 0.036169).  Saving model ...
Updating learning rate to 0.00016220450963467964
EarlyStopping counter: 1 out of 3
Updating learning rate to 8.110225481733982e-05
EarlyStopping counter: 2 out of 3
Updating learning rate to 4.055112740866991e-05
EarlyStopping counter: 3 out of 3
>>>>>> Testing on validation set: trial_2 >>>>>>
test 232
test shape: (232, 30, 5) (232, 30, 5)
test shape: (232, 30, 5) (232, 30, 5)


	mse:0.07190756499767303, mae:0.1086415946483612, dtw:Not calculated


