                                                                                      [I 2025-10-16 22:58:17,108] Trial 19 finished with value: 0.09914474189281464 and parameters: {'seq_len': 48, 'pred_len': 14, 'expand': 2, 'd_model': 64, 'n_heads': 8, 'e_layers': 2, 'd_layers': 2, 'batch_size': 64, 'learning_rate': 8.134754042740414e-05, 'dropout': 0.07571596423910953}. Best is trial 16 with value: 0.0719204694032669.
Best trial: 16. Best value: 0.0719205:  38%|███▊      | 19/50 [04:11<07:58, 15.43s/it]Best trial: 16. Best value: 0.0719205:  38%|███▊      | 19/50 [04:11<07:58, 15.43s/it]Best trial: 16. Best value: 0.0719205:  40%|████      | 20/50 [04:11<05:53, 11.80s/it]
============================================================
Trial 20
============================================================
seq_len: 48, pred_len: 1
d_model: 64, n_heads: 8
e_layers: 2, d_layers: 1
batch_size: 32, lr: 0.000551
dropout: 0.05561617345359868
============================================================

Please make sure you have successfully installed mamba_ssm
Use GPU: cuda:0
DEBUG Mamba Init - d_model: 64, d_state: 16, d_inner: 128, expand: 2
>>>>>> Start training: trial_20 >>>>>>
============================================================
DATASET SPLIT INFO (90/5/5):
============================================================
Total samples: 5193
Train: 4673 samples (90%) - rows 0 to 4672
Val: 259 samples (5%) - rows 4673 to 4931
Test: 261 samples (5%) - rows 4932 to 5192
Sequence length: 48, Prediction length: 1
============================================================
train 4625
val 259
test 261
Validation loss decreased (inf --> 0.029283).  Saving model ...
Updating learning rate to 0.0005507127388623045
Validation loss decreased (0.029283 --> 0.025922).  Saving model ...
Updating learning rate to 0.00027535636943115227
Validation loss decreased (0.025922 --> 0.025429).  Saving model ...
Updating learning rate to 0.00013767818471557613
Validation loss decreased (0.025429 --> 0.024269).  Saving model ...
Updating learning rate to 6.883909235778807e-05
EarlyStopping counter: 1 out of 3
Updating learning rate to 3.441954617889403e-05
EarlyStopping counter: 2 out of 3
Updating learning rate to 1.7209773089447017e-05
Validation loss decreased (0.024269 --> 0.023858).  Saving model ...
Updating learning rate to 8.604886544723508e-06
EarlyStopping counter: 1 out of 3
Updating learning rate to 4.302443272361754e-06
EarlyStopping counter: 2 out of 3
Updating learning rate to 2.151221636180877e-06
EarlyStopping counter: 3 out of 3
>>>>>> Testing on validation set: trial_20 >>>>>>
test 261
test shape: (261, 1, 5) (261, 1, 5)
test shape: (261, 1, 5) (261, 1, 5)


	mse:0.049156323075294495, mae:0.070341557264328, dtw:Not calculated


                                                                                      [I 2025-10-16 22:58:31,189] Trial 20 finished with value: 0.070341557264328 and parameters: {'seq_len': 48, 'pred_len': 1, 'expand': 2, 'd_model': 64, 'n_heads': 8, 'e_layers': 2, 'd_layers': 1, 'batch_size': 32, 'learning_rate': 0.0005507127388623045, 'dropout': 0.05561617345359868}. Best is trial 20 with value: 0.070341557264328.
Best trial: 16. Best value: 0.0719205:  40%|████      | 20/50 [04:25<05:53, 11.80s/it]Best trial: 20. Best value: 0.0703416:  40%|████      | 20/50 [04:25<05:53, 11.80s/it]Best trial: 20. Best value: 0.0703416:  42%|████▏     | 21/50 [04:25<06:01, 12.48s/it]
============================================================
Trial 21
============================================================
seq_len: 48, pred_len: 1
d_model: 64, n_heads: 8
e_layers: 2, d_layers: 1
batch_size: 32, lr: 0.000558
dropout: 0.007168249314464831
============================================================

Please make sure you have successfully installed mamba_ssm
Use GPU: cuda:0
DEBUG Mamba Init - d_model: 64, d_state: 16, d_inner: 128, expand: 2
>>>>>> Start training: trial_21 >>>>>>
============================================================
DATASET SPLIT INFO (90/5/5):
============================================================
Total samples: 5193
Train: 4673 samples (90%) - rows 0 to 4672
Val: 259 samples (5%) - rows 4673 to 4931
Test: 261 samples (5%) - rows 4932 to 5192
Sequence length: 48, Prediction length: 1
============================================================
train 4625
val 259
test 261
Validation loss decreased (inf --> 0.029082).  Saving model ...
Updating learning rate to 0.0005575214750917238
EarlyStopping counter: 1 out of 3
Updating learning rate to 0.0002787607375458619
Validation loss decreased (0.029082 --> 0.025941).  Saving model ...
Updating learning rate to 0.00013938036877293096
EarlyStopping counter: 1 out of 3
Updating learning rate to 6.969018438646548e-05
Validation loss decreased (0.025941 --> 0.025030).  Saving model ...
Updating learning rate to 3.484509219323274e-05
Validation loss decreased (0.025030 --> 0.024033).  Saving model ...
Updating learning rate to 1.742254609661637e-05
EarlyStopping counter: 1 out of 3
Updating learning rate to 8.711273048308185e-06
Validation loss decreased (0.024033 --> 0.023745).  Saving model ...
Updating learning rate to 4.3556365241540924e-06
EarlyStopping counter: 1 out of 3
Updating learning rate to 2.1778182620770462e-06
EarlyStopping counter: 2 out of 3
Updating learning rate to 1.0889091310385231e-06
>>>>>> Testing on validation set: trial_21 >>>>>>
test 261
test shape: (261, 1, 5) (261, 1, 5)
test shape: (261, 1, 5) (261, 1, 5)


	mse:0.049241188913583755, mae:0.07199005782604218, dtw:Not calculated


                                                                                      [I 2025-10-16 22:58:45,305] Trial 21 finished with value: 0.07199005782604218 and parameters: {'seq_len': 48, 'pred_len': 1, 'expand': 2, 'd_model': 64, 'n_heads': 8, 'e_layers': 2, 'd_layers': 1, 'batch_size': 32, 'learning_rate': 0.0005575214750917238, 'dropout': 0.007168249314464831}. Best is trial 20 with value: 0.070341557264328.
Best trial: 20. Best value: 0.0703416:  42%|████▏     | 21/50 [04:39<06:01, 12.48s/it]Best trial: 20. Best value: 0.0703416:  42%|████▏     | 21/50 [04:39<06:01, 12.48s/it]Best trial: 20. Best value: 0.0703416:  44%|████▍     | 22/50 [04:39<06:03, 12.98s/it]
============================================================
Trial 22
============================================================
seq_len: 48, pred_len: 1
d_model: 64, n_heads: 8
e_layers: 2, d_layers: 1
batch_size: 32, lr: 0.000565
dropout: 0.026187530729775536
============================================================

Please make sure you have successfully installed mamba_ssm
Use GPU: cuda:0
DEBUG Mamba Init - d_model: 64, d_state: 16, d_inner: 128, expand: 2
>>>>>> Start training: trial_22 >>>>>>
============================================================
DATASET SPLIT INFO (90/5/5):
============================================================
Total samples: 5193
Train: 4673 samples (90%) - rows 0 to 4672
Val: 259 samples (5%) - rows 4673 to 4931
Test: 261 samples (5%) - rows 4932 to 5192
Sequence length: 48, Prediction length: 1
============================================================
train 4625
val 259
test 261
Validation loss decreased (inf --> 0.025595).  Saving model ...
Updating learning rate to 0.0005651796662911049
Validation loss decreased (0.025595 --> 0.025059).  Saving model ...
Updating learning rate to 0.00028258983314555247
Validation loss decreased (0.025059 --> 0.025035).  Saving model ...
Updating learning rate to 0.00014129491657277623
EarlyStopping counter: 1 out of 3
Updating learning rate to 7.064745828638812e-05
EarlyStopping counter: 2 out of 3
Updating learning rate to 3.532372914319406e-05
EarlyStopping counter: 3 out of 3
>>>>>> Testing on validation set: trial_22 >>>>>>
test 261
test shape: (261, 1, 5) (261, 1, 5)
test shape: (261, 1, 5) (261, 1, 5)


	mse:0.050755467265844345, mae:0.07389911264181137, dtw:Not calculated


                                                                                      [I 2025-10-16 22:58:53,849] Trial 22 finished with value: 0.07389911264181137 and parameters: {'seq_len': 48, 'pred_len': 1, 'expand': 2, 'd_model': 64, 'n_heads': 8, 'e_layers': 2, 'd_layers': 1, 'batch_size': 32, 'learning_rate': 0.0005651796662911049, 'dropout': 0.026187530729775536}. Best is trial 20 with value: 0.070341557264328.
Best trial: 20. Best value: 0.0703416:  44%|████▍     | 22/50 [04:47<06:03, 12.98s/it]Best trial: 20. Best value: 0.0703416:  44%|████▍     | 22/50 [04:47<06:03, 12.98s/it]Best trial: 20. Best value: 0.0703416:  46%|████▌     | 23/50 [04:47<05:14, 11.64s/it]
============================================================
Trial 23
============================================================
seq_len: 48, pred_len: 1
d_model: 64, n_heads: 8
e_layers: 2, d_layers: 1
batch_size: 32, lr: 0.000680
dropout: 0.002445196551479704
============================================================

Please make sure you have successfully installed mamba_ssm
Use GPU: cuda:0
DEBUG Mamba Init - d_model: 64, d_state: 16, d_inner: 128, expand: 2
>>>>>> Start training: trial_23 >>>>>>
============================================================
DATASET SPLIT INFO (90/5/5):
============================================================
Total samples: 5193
Train: 4673 samples (90%) - rows 0 to 4672
Val: 259 samples (5%) - rows 4673 to 4931
Test: 261 samples (5%) - rows 4932 to 5192
Sequence length: 48, Prediction length: 1
============================================================
train 4625
val 259
test 261
Validation loss decreased (inf --> 0.026573).  Saving model ...
Updating learning rate to 0.0006795466337230016
Validation loss decreased (0.026573 --> 0.024516).  Saving model ...
Updating learning rate to 0.0003397733168615008
EarlyStopping counter: 1 out of 3
Updating learning rate to 0.0001698866584307504
EarlyStopping counter: 2 out of 3
Updating learning rate to 8.49433292153752e-05
EarlyStopping counter: 3 out of 3
>>>>>> Testing on validation set: trial_23 >>>>>>
test 261
test shape: (261, 1, 5) (261, 1, 5)
test shape: (261, 1, 5) (261, 1, 5)


	mse:0.05026093125343323, mae:0.07357482612133026, dtw:Not calculated


                                                                                      [I 2025-10-16 22:59:01,114] Trial 23 finished with value: 0.07357482612133026 and parameters: {'seq_len': 48, 'pred_len': 1, 'expand': 2, 'd_model': 64, 'n_heads': 8, 'e_layers': 2, 'd_layers': 1, 'batch_size': 32, 'learning_rate': 0.0006795466337230016, 'dropout': 0.002445196551479704}. Best is trial 20 with value: 0.070341557264328.
Best trial: 20. Best value: 0.0703416:  46%|████▌     | 23/50 [04:55<05:14, 11.64s/it]Best trial: 20. Best value: 0.0703416:  46%|████▌     | 23/50 [04:55<05:14, 11.64s/it]Best trial: 20. Best value: 0.0703416:  48%|████▊     | 24/50 [04:55<04:28, 10.33s/it]
============================================================
Trial 24
============================================================
seq_len: 48, pred_len: 1
d_model: 64, n_heads: 8
e_layers: 2, d_layers: 1
batch_size: 32, lr: 0.000011
dropout: 0.07759527822923379
============================================================

Please make sure you have successfully installed mamba_ssm
Use GPU: cuda:0
DEBUG Mamba Init - d_model: 64, d_state: 16, d_inner: 128, expand: 2
>>>>>> Start training: trial_24 >>>>>>
============================================================
DATASET SPLIT INFO (90/5/5):
============================================================
Total samples: 5193
Train: 4673 samples (90%) - rows 0 to 4672
Val: 259 samples (5%) - rows 4673 to 4931
Test: 261 samples (5%) - rows 4932 to 5192
Sequence length: 48, Prediction length: 1
============================================================
train 4625
val 259
test 261
Validation loss decreased (inf --> 0.033640).  Saving model ...
Updating learning rate to 1.0664801735955304e-05
Validation loss decreased (0.033640 --> 0.032174).  Saving model ...
Updating learning rate to 5.332400867977652e-06
EarlyStopping counter: 1 out of 3
Updating learning rate to 2.666200433988826e-06
EarlyStopping counter: 2 out of 3
Updating learning rate to 1.333100216994413e-06
EarlyStopping counter: 3 out of 3
>>>>>> Testing on validation set: trial_24 >>>>>>
test 261
test shape: (261, 1, 5) (261, 1, 5)
test shape: (261, 1, 5) (261, 1, 5)


	mse:0.061303652822971344, mae:0.09491308033466339, dtw:Not calculated


                                                                                      [I 2025-10-16 22:59:08,336] Trial 24 finished with value: 0.09491308033466339 and parameters: {'seq_len': 48, 'pred_len': 1, 'expand': 2, 'd_model': 64, 'n_heads': 8, 'e_layers': 2, 'd_layers': 1, 'batch_size': 32, 'learning_rate': 1.0664801735955304e-05, 'dropout': 0.07759527822923379}. Best is trial 20 with value: 0.070341557264328.
Best trial: 20. Best value: 0.0703416:  48%|████▊     | 24/50 [05:02<04:28, 10.33s/it]Best trial: 20. Best value: 0.0703416:  48%|████▊     | 24/50 [05:02<04:28, 10.33s/it]Best trial: 20. Best value: 0.0703416:  50%|█████     | 25/50 [05:02<03:54,  9.40s/it]
============================================================
Trial 25
============================================================
seq_len: 48, pred_len: 1
d_model: 64, n_heads: 8
e_layers: 2, d_layers: 1
batch_size: 16, lr: 0.000545
dropout: 0.000378869778120002
============================================================

Please make sure you have successfully installed mamba_ssm
Use GPU: cuda:0
DEBUG Mamba Init - d_model: 64, d_state: 16, d_inner: 128, expand: 2
>>>>>> Start training: trial_25 >>>>>>
============================================================
DATASET SPLIT INFO (90/5/5):
============================================================
Total samples: 5193
Train: 4673 samples (90%) - rows 0 to 4672
Val: 259 samples (5%) - rows 4673 to 4931
Test: 261 samples (5%) - rows 4932 to 5192
Sequence length: 48, Prediction length: 1
============================================================
train 4625
val 259
test 261
Validation loss decreased (inf --> 0.025690).  Saving model ...
Updating learning rate to 0.0005445061185089705
EarlyStopping counter: 1 out of 3
Updating learning rate to 0.00027225305925448524
EarlyStopping counter: 2 out of 3
Updating learning rate to 0.00013612652962724262
Validation loss decreased (0.025690 --> 0.025206).  Saving model ...
Updating learning rate to 6.806326481362131e-05
EarlyStopping counter: 1 out of 3
Updating learning rate to 3.4031632406810655e-05
EarlyStopping counter: 2 out of 3
Updating learning rate to 1.7015816203405328e-05
EarlyStopping counter: 3 out of 3
>>>>>> Testing on validation set: trial_25 >>>>>>
test 261
test shape: (261, 1, 5) (261, 1, 5)
test shape: (261, 1, 5) (261, 1, 5)


	mse:0.04982452467083931, mae:0.07251806557178497, dtw:Not calculated


                                                                                      [I 2025-10-16 22:59:27,354] Trial 25 finished with value: 0.07251806557178497 and parameters: {'seq_len': 48, 'pred_len': 1, 'expand': 2, 'd_model': 64, 'n_heads': 8, 'e_layers': 2, 'd_layers': 1, 'batch_size': 16, 'learning_rate': 0.0005445061185089705, 'dropout': 0.000378869778120002}. Best is trial 20 with value: 0.070341557264328.
Best trial: 20. Best value: 0.0703416:  50%|█████     | 25/50 [05:21<03:54,  9.40s/it]Best trial: 20. Best value: 0.0703416:  50%|█████     | 25/50 [05:21<03:54,  9.40s/it]Best trial: 20. Best value: 0.0703416:  52%|█████▏    | 26/50 [05:21<04:54, 12.28s/it]
============================================================
Trial 26
============================================================
seq_len: 48, pred_len: 1
d_model: 64, n_heads: 8
e_layers: 2, d_layers: 1
batch_size: 32, lr: 0.000278
dropout: 0.08379772862817475
============================================================

Please make sure you have successfully installed mamba_ssm
Use GPU: cuda:0
DEBUG Mamba Init - d_model: 64, d_state: 16, d_inner: 128, expand: 2
>>>>>> Start training: trial_26 >>>>>>
============================================================
DATASET SPLIT INFO (90/5/5):
============================================================
Total samples: 5193
Train: 4673 samples (90%) - rows 0 to 4672
Val: 259 samples (5%) - rows 4673 to 4931
Test: 261 samples (5%) - rows 4932 to 5192
Sequence length: 48, Prediction length: 1
============================================================
train 4625
val 259
test 261
Validation loss decreased (inf --> 0.028404).  Saving model ...
Updating learning rate to 0.00027787839245840444
Validation loss decreased (0.028404 --> 0.025437).  Saving model ...
Updating learning rate to 0.00013893919622920222
Validation loss decreased (0.025437 --> 0.023945).  Saving model ...
Updating learning rate to 6.946959811460111e-05
Validation loss decreased (0.023945 --> 0.023685).  Saving model ...
Updating learning rate to 3.4734799057300555e-05
EarlyStopping counter: 1 out of 3
Updating learning rate to 1.7367399528650277e-05
EarlyStopping counter: 2 out of 3
Updating learning rate to 8.683699764325139e-06
Validation loss decreased (0.023685 --> 0.023591).  Saving model ...
Updating learning rate to 4.341849882162569e-06
EarlyStopping counter: 1 out of 3
Updating learning rate to 2.1709249410812847e-06
EarlyStopping counter: 2 out of 3
Updating learning rate to 1.0854624705406423e-06
EarlyStopping counter: 3 out of 3
>>>>>> Testing on validation set: trial_26 >>>>>>
test 261
test shape: (261, 1, 5) (261, 1, 5)
test shape: (261, 1, 5) (261, 1, 5)


	mse:0.04870020970702171, mae:0.07182317227125168, dtw:Not calculated


                                                                                      [I 2025-10-16 22:59:41,432] Trial 26 finished with value: 0.07182317227125168 and parameters: {'seq_len': 48, 'pred_len': 1, 'expand': 2, 'd_model': 64, 'n_heads': 8, 'e_layers': 2, 'd_layers': 1, 'batch_size': 32, 'learning_rate': 0.00027787839245840444, 'dropout': 0.08379772862817475}. Best is trial 20 with value: 0.070341557264328.
Best trial: 20. Best value: 0.0703416:  52%|█████▏    | 26/50 [05:35<04:54, 12.28s/it]Best trial: 20. Best value: 0.0703416:  52%|█████▏    | 26/50 [05:35<04:54, 12.28s/it]Best trial: 20. Best value: 0.0703416:  54%|█████▍    | 27/50 [05:35<04:54, 12.82s/it]
============================================================
Trial 27
============================================================
seq_len: 48, pred_len: 14
d_model: 64, n_heads: 8
e_layers: 2, d_layers: 1
batch_size: 32, lr: 0.000276
dropout: 0.07889827972571062
============================================================

Please make sure you have successfully installed mamba_ssm
Use GPU: cuda:0
DEBUG Mamba Init - d_model: 64, d_state: 16, d_inner: 128, expand: 2
>>>>>> Start training: trial_27 >>>>>>
============================================================
DATASET SPLIT INFO (90/5/5):
============================================================
Total samples: 5193
Train: 4673 samples (90%) - rows 0 to 4672
Val: 259 samples (5%) - rows 4673 to 4931
Test: 261 samples (5%) - rows 4932 to 5192
Sequence length: 48, Prediction length: 14
============================================================
train 4612
val 246
test 248
Validation loss decreased (inf --> 0.039987).  Saving model ...
Updating learning rate to 0.0002758159759626864
EarlyStopping counter: 1 out of 3
Updating learning rate to 0.0001379079879813432
Validation loss decreased (0.039987 --> 0.039874).  Saving model ...
Updating learning rate to 6.89539939906716e-05
EarlyStopping counter: 1 out of 3
Updating learning rate to 3.44769969953358e-05
EarlyStopping counter: 2 out of 3
Updating learning rate to 1.72384984976679e-05
EarlyStopping counter: 3 out of 3
>>>>>> Testing on validation set: trial_27 >>>>>>
test 248
test shape: (248, 14, 5) (248, 14, 5)
test shape: (248, 14, 5) (248, 14, 5)


	mse:0.07097915560007095, mae:0.10512518137693405, dtw:Not calculated


