                                                                                      [I 2025-10-16 22:52:21,718] Trial 44 finished with value: 0.07370822131633759 and parameters: {'seq_len': 96, 'pred_len': 1, 'expand': 2, 'd_model': 32, 'n_heads': 4, 'e_layers': 1, 'd_layers': 2, 'batch_size': 16, 'learning_rate': 0.0009916404292996052, 'dropout': 0.2908466888793985}. Best is trial 43 with value: 0.07309852540493011.
Best trial: 43. Best value: 0.0730985:  88%|████████▊ | 44/50 [10:18<02:02, 20.36s/it]Best trial: 43. Best value: 0.0730985:  88%|████████▊ | 44/50 [10:18<02:02, 20.36s/it]Best trial: 43. Best value: 0.0730985:  90%|█████████ | 45/50 [10:18<01:35, 19.12s/it]
============================================================
Trial 45
============================================================
seq_len: 96, pred_len: 1
d_model: 32, n_heads: 8
e_layers: 1, d_layers: 2
batch_size: 16, lr: 0.000907
dropout: 0.2896166619809138
============================================================

Please make sure you have successfully installed mamba_ssm
Use GPU: cuda:0
DEBUG Mamba Init - d_model: 32, d_state: 16, d_inner: 64, expand: 2
>>>>>> Start training: trial_45 >>>>>>
============================================================
DATASET SPLIT INFO (90/5/5):
============================================================
Total samples: 5193
Train: 4673 samples (90%) - rows 0 to 4672
Val: 259 samples (5%) - rows 4673 to 4931
Test: 261 samples (5%) - rows 4932 to 5192
Sequence length: 96, Prediction length: 1
============================================================
train 4577
val 259
test 261
Validation loss decreased (inf --> 0.026615).  Saving model ...
Updating learning rate to 0.0009066358202105366
EarlyStopping counter: 1 out of 3
Updating learning rate to 0.0004533179101052683
Validation loss decreased (0.026615 --> 0.025232).  Saving model ...
Updating learning rate to 0.00022665895505263414
EarlyStopping counter: 1 out of 3
Updating learning rate to 0.00011332947752631707
EarlyStopping counter: 2 out of 3
Updating learning rate to 5.6664738763158536e-05
Validation loss decreased (0.025232 --> 0.024799).  Saving model ...
Updating learning rate to 2.8332369381579268e-05
EarlyStopping counter: 1 out of 3
Updating learning rate to 1.4166184690789634e-05
EarlyStopping counter: 2 out of 3
Updating learning rate to 7.083092345394817e-06
EarlyStopping counter: 3 out of 3
>>>>>> Testing on validation set: trial_45 >>>>>>
test 261
test shape: (261, 1, 5) (261, 1, 5)
test shape: (261, 1, 5) (261, 1, 5)


	mse:0.04927246645092964, mae:0.07382731884717941, dtw:Not calculated


                                                                                      [I 2025-10-16 22:52:45,609] Trial 45 finished with value: 0.07382731884717941 and parameters: {'seq_len': 96, 'pred_len': 1, 'expand': 2, 'd_model': 32, 'n_heads': 8, 'e_layers': 1, 'd_layers': 2, 'batch_size': 16, 'learning_rate': 0.0009066358202105366, 'dropout': 0.2896166619809138}. Best is trial 43 with value: 0.07309852540493011.
Best trial: 43. Best value: 0.0730985:  90%|█████████ | 45/50 [10:42<01:35, 19.12s/it]Best trial: 43. Best value: 0.0730985:  90%|█████████ | 45/50 [10:42<01:35, 19.12s/it]Best trial: 43. Best value: 0.0730985:  92%|█████████▏| 46/50 [10:42<01:22, 20.56s/it]
============================================================
Trial 46
============================================================
seq_len: 48, pred_len: 14
d_model: 32, n_heads: 4
e_layers: 2, d_layers: 1
batch_size: 64, lr: 0.000023
dropout: 0.2984129218090141
============================================================

Please make sure you have successfully installed mamba_ssm
Use GPU: cuda:0
DEBUG Mamba Init - d_model: 32, d_state: 16, d_inner: 64, expand: 2
>>>>>> Start training: trial_46 >>>>>>
============================================================
DATASET SPLIT INFO (90/5/5):
============================================================
Total samples: 5193
Train: 4673 samples (90%) - rows 0 to 4672
Val: 259 samples (5%) - rows 4673 to 4931
Test: 261 samples (5%) - rows 4932 to 5192
Sequence length: 48, Prediction length: 14
============================================================
train 4612
val 246
test 248
Validation loss decreased (inf --> 0.037816).  Saving model ...
Updating learning rate to 2.2792479758116316e-05
Validation loss decreased (0.037816 --> 0.037808).  Saving model ...
Updating learning rate to 1.1396239879058158e-05
Validation loss decreased (0.037808 --> 0.037749).  Saving model ...
Updating learning rate to 5.698119939529079e-06
Validation loss decreased (0.037749 --> 0.037614).  Saving model ...
Updating learning rate to 2.8490599697645395e-06
EarlyStopping counter: 1 out of 3
Updating learning rate to 1.4245299848822697e-06
EarlyStopping counter: 2 out of 3
Updating learning rate to 7.122649924411349e-07
EarlyStopping counter: 3 out of 3
>>>>>> Testing on validation set: trial_46 >>>>>>
test 248
test shape: (248, 14, 5) (248, 14, 5)
test shape: (248, 14, 5) (248, 14, 5)


	mse:0.06485562771558762, mae:0.09963886439800262, dtw:Not calculated


                                                                                      [I 2025-10-16 22:52:51,106] Trial 46 finished with value: 0.09963886439800262 and parameters: {'seq_len': 48, 'pred_len': 14, 'expand': 2, 'd_model': 32, 'n_heads': 4, 'e_layers': 2, 'd_layers': 1, 'batch_size': 64, 'learning_rate': 2.2792479758116316e-05, 'dropout': 0.2984129218090141}. Best is trial 43 with value: 0.07309852540493011.
Best trial: 43. Best value: 0.0730985:  92%|█████████▏| 46/50 [10:47<01:22, 20.56s/it]Best trial: 43. Best value: 0.0730985:  92%|█████████▏| 46/50 [10:47<01:22, 20.56s/it]Best trial: 43. Best value: 0.0730985:  94%|█████████▍| 47/50 [10:47<00:48, 16.04s/it]
============================================================
Trial 47
============================================================
seq_len: 96, pred_len: 1
d_model: 32, n_heads: 4
e_layers: 1, d_layers: 2
batch_size: 16, lr: 0.000935
dropout: 0.2597319182572787
============================================================

Please make sure you have successfully installed mamba_ssm
Use GPU: cuda:0
DEBUG Mamba Init - d_model: 32, d_state: 16, d_inner: 32, expand: 1
>>>>>> Start training: trial_47 >>>>>>
============================================================
DATASET SPLIT INFO (90/5/5):
============================================================
Total samples: 5193
Train: 4673 samples (90%) - rows 0 to 4672
Val: 259 samples (5%) - rows 4673 to 4931
Test: 261 samples (5%) - rows 4932 to 5192
Sequence length: 96, Prediction length: 1
============================================================
train 4577
val 259
test 261
Validation loss decreased (inf --> 0.026753).  Saving model ...
Updating learning rate to 0.0009346531635130104
Validation loss decreased (0.026753 --> 0.025342).  Saving model ...
Updating learning rate to 0.0004673265817565052
Validation loss decreased (0.025342 --> 0.025181).  Saving model ...
Updating learning rate to 0.0002336632908782526
EarlyStopping counter: 1 out of 3
Updating learning rate to 0.0001168316454391263
EarlyStopping counter: 2 out of 3
Updating learning rate to 5.841582271956315e-05
EarlyStopping counter: 3 out of 3
>>>>>> Testing on validation set: trial_47 >>>>>>
test 261
test shape: (261, 1, 5) (261, 1, 5)
test shape: (261, 1, 5) (261, 1, 5)


	mse:0.050497014075517654, mae:0.07738426327705383, dtw:Not calculated


                                                                                      [I 2025-10-16 22:53:07,043] Trial 47 finished with value: 0.07738426327705383 and parameters: {'seq_len': 96, 'pred_len': 1, 'expand': 1, 'd_model': 32, 'n_heads': 4, 'e_layers': 1, 'd_layers': 2, 'batch_size': 16, 'learning_rate': 0.0009346531635130104, 'dropout': 0.2597319182572787}. Best is trial 43 with value: 0.07309852540493011.
Best trial: 43. Best value: 0.0730985:  94%|█████████▍| 47/50 [11:03<00:48, 16.04s/it]Best trial: 43. Best value: 0.0730985:  94%|█████████▍| 47/50 [11:03<00:48, 16.04s/it]Best trial: 43. Best value: 0.0730985:  96%|█████████▌| 48/50 [11:03<00:32, 16.01s/it]
============================================================
Trial 48
============================================================
seq_len: 96, pred_len: 7
d_model: 32, n_heads: 4
e_layers: 1, d_layers: 2
batch_size: 16, lr: 0.000010
dropout: 0.28591365497129523
============================================================

Please make sure you have successfully installed mamba_ssm
Use GPU: cuda:0
DEBUG Mamba Init - d_model: 32, d_state: 16, d_inner: 64, expand: 2
>>>>>> Start training: trial_48 >>>>>>
============================================================
DATASET SPLIT INFO (90/5/5):
============================================================
Total samples: 5193
Train: 4673 samples (90%) - rows 0 to 4672
Val: 259 samples (5%) - rows 4673 to 4931
Test: 261 samples (5%) - rows 4932 to 5192
Sequence length: 96, Prediction length: 7
============================================================
train 4571
val 253
test 255
Validation loss decreased (inf --> 0.036761).  Saving model ...
Updating learning rate to 1.0008095696138605e-05
Validation loss decreased (0.036761 --> 0.036705).  Saving model ...
Updating learning rate to 5.004047848069302e-06
Validation loss decreased (0.036705 --> 0.036600).  Saving model ...
Updating learning rate to 2.502023924034651e-06
EarlyStopping counter: 1 out of 3
Updating learning rate to 1.2510119620173256e-06
EarlyStopping counter: 2 out of 3
Updating learning rate to 6.255059810086628e-07
Validation loss decreased (0.036600 --> 0.036500).  Saving model ...
Updating learning rate to 3.127529905043314e-07
EarlyStopping counter: 1 out of 3
Updating learning rate to 1.563764952521657e-07
EarlyStopping counter: 2 out of 3
Updating learning rate to 7.818824762608285e-08
EarlyStopping counter: 3 out of 3
>>>>>> Testing on validation set: trial_48 >>>>>>
test 255
test shape: (255, 7, 5) (255, 7, 5)
test shape: (255, 7, 5) (255, 7, 5)


	mse:0.06699079275131226, mae:0.11459216475486755, dtw:Not calculated


                                                                                      [I 2025-10-16 22:53:30,742] Trial 48 finished with value: 0.11459216475486755 and parameters: {'seq_len': 96, 'pred_len': 7, 'expand': 2, 'd_model': 32, 'n_heads': 4, 'e_layers': 1, 'd_layers': 2, 'batch_size': 16, 'learning_rate': 1.0008095696138605e-05, 'dropout': 0.28591365497129523}. Best is trial 43 with value: 0.07309852540493011.
Best trial: 43. Best value: 0.0730985:  96%|█████████▌| 48/50 [11:27<00:32, 16.01s/it]Best trial: 43. Best value: 0.0730985:  96%|█████████▌| 48/50 [11:27<00:32, 16.01s/it]Best trial: 43. Best value: 0.0730985:  98%|█████████▊| 49/50 [11:27<00:18, 18.31s/it]
============================================================
Trial 49
============================================================
seq_len: 96, pred_len: 1
d_model: 32, n_heads: 4
e_layers: 1, d_layers: 1
batch_size: 16, lr: 0.000837
dropout: 0.26711061893870025
============================================================

Please make sure you have successfully installed mamba_ssm
Use GPU: cuda:0
DEBUG Mamba Init - d_model: 32, d_state: 16, d_inner: 64, expand: 2
>>>>>> Start training: trial_49 >>>>>>
============================================================
DATASET SPLIT INFO (90/5/5):
============================================================
Total samples: 5193
Train: 4673 samples (90%) - rows 0 to 4672
Val: 259 samples (5%) - rows 4673 to 4931
Test: 261 samples (5%) - rows 4932 to 5192
Sequence length: 96, Prediction length: 1
============================================================
train 4577
val 259
test 261
Validation loss decreased (inf --> 0.029006).  Saving model ...
Updating learning rate to 0.0008365367278550434
Validation loss decreased (0.029006 --> 0.025750).  Saving model ...
Updating learning rate to 0.0004182683639275217
Validation loss decreased (0.025750 --> 0.025520).  Saving model ...
Updating learning rate to 0.00020913418196376085
EarlyStopping counter: 1 out of 3
Updating learning rate to 0.00010456709098188043
Validation loss decreased (0.025520 --> 0.025242).  Saving model ...
Updating learning rate to 5.228354549094021e-05
EarlyStopping counter: 1 out of 3
Updating learning rate to 2.6141772745470107e-05
EarlyStopping counter: 2 out of 3
Updating learning rate to 1.3070886372735053e-05
EarlyStopping counter: 3 out of 3
>>>>>> Testing on validation set: trial_49 >>>>>>
test 261
test shape: (261, 1, 5) (261, 1, 5)
test shape: (261, 1, 5) (261, 1, 5)


	mse:0.04959440231323242, mae:0.07422633469104767, dtw:Not calculated


                                                                                      [I 2025-10-16 22:53:52,246] Trial 49 finished with value: 0.07422633469104767 and parameters: {'seq_len': 96, 'pred_len': 1, 'expand': 2, 'd_model': 32, 'n_heads': 4, 'e_layers': 1, 'd_layers': 1, 'batch_size': 16, 'learning_rate': 0.0008365367278550434, 'dropout': 0.26711061893870025}. Best is trial 43 with value: 0.07309852540493011.
Best trial: 43. Best value: 0.0730985:  98%|█████████▊| 49/50 [11:48<00:18, 18.31s/it]Best trial: 43. Best value: 0.0730985:  98%|█████████▊| 49/50 [11:48<00:18, 18.31s/it]Best trial: 43. Best value: 0.0730985: 100%|██████████| 50/50 [11:48<00:00, 19.27s/it]Best trial: 43. Best value: 0.0730985: 100%|██████████| 50/50 [11:48<00:00, 14.17s/it]

======================================================================
Optimization Complete!
======================================================================
Number of finished trials: 50

Best trial:
  Value (MSE): 0.073099

Best hyperparameters:
  seq_len: 48
  pred_len: 1
  expand: 2
  d_model: 32
  n_heads: 4
  e_layers: 1
  d_layers: 2
  batch_size: 16
  learning_rate: 0.0008624166512028265
  dropout: 0.26301575261418764
======================================================================

✅ Best parameters saved to: ./optuna_results/Mamba_Exchange_7_best_params.json
✅ Visualizations saved to ./optuna_results/

======================================================================
✅ Hyperparameter tuning complete!
✅ Best parameters saved to: ./optuna_results/Mamba_Exchange_7_best_params.json
======================================================================

Next steps:
  1. Review visualizations in optuna_results/ folder
  2. Train final model:
     python train_best_model.py --model Mamba --train_epochs 100
======================================================================
[I 2025-10-16 22:54:05,956] A new study created in RDB with name: Mamba_Exchange_14

======================================================================
Starting Optuna Hyperparameter Optimization
======================================================================
Model: Mamba
Dataset: custom
Number of trials: 50
Study name: Mamba_Exchange_14
Storage: sqlite:///optuna_study.db
======================================================================

  0%|          | 0/50 [00:00<?, ?it/s]
============================================================
Trial 0
============================================================
seq_len: 96, pred_len: 14
d_model: 32, n_heads: 4
e_layers: 1, d_layers: 1
batch_size: 32, lr: 0.000017
dropout: 0.13171877519710265
============================================================

Please make sure you have successfully installed mamba_ssm
Use GPU: cuda:0
DEBUG Mamba Init - d_model: 32, d_state: 16, d_inner: 32, expand: 1
>>>>>> Start training: trial_0 >>>>>>
============================================================
DATASET SPLIT INFO (90/5/5):
============================================================
Total samples: 5193
Train: 4673 samples (90%) - rows 0 to 4672
Val: 259 samples (5%) - rows 4673 to 4931
Test: 261 samples (5%) - rows 4932 to 5192
Sequence length: 96, Prediction length: 14
============================================================
train 4564
val 246
test 248
Validation loss decreased (inf --> 0.036405).  Saving model ...
Updating learning rate to 1.6950080316111057e-05
EarlyStopping counter: 1 out of 3
Updating learning rate to 8.475040158055528e-06
EarlyStopping counter: 2 out of 3
Updating learning rate to 4.237520079027764e-06
EarlyStopping counter: 3 out of 3
>>>>>> Testing on validation set: trial_0 >>>>>>
test 248
test shape: (248, 14, 5) (248, 14, 5)
test shape: (248, 14, 5) (248, 14, 5)


	mse:0.06766027212142944, mae:0.11625654250383377, dtw:Not calculated


                                      [I 2025-10-16 22:54:14,066] Trial 0 finished with value: 0.11625654250383377 and parameters: {'seq_len': 96, 'pred_len': 14, 'expand': 1, 'd_model': 32, 'n_heads': 4, 'e_layers': 1, 'd_layers': 1, 'batch_size': 32, 'learning_rate': 1.6950080316111057e-05, 'dropout': 0.13171877519710265}. Best is trial 0 with value: 0.11625654250383377.
  0%|          | 0/50 [00:08<?, ?it/s]Best trial: 0. Best value: 0.116257:   0%|          | 0/50 [00:08<?, ?it/s]Best trial: 0. Best value: 0.116257:   2%|▏         | 1/50 [00:08<06:38,  8.13s/it]
============================================================
Trial 1
============================================================
seq_len: 48, pred_len: 7
d_model: 64, n_heads: 4
e_layers: 1, d_layers: 2
batch_size: 64, lr: 0.000096
dropout: 0.10525412787011036
============================================================

Please make sure you have successfully installed mamba_ssm
Use GPU: cuda:0
DEBUG Mamba Init - d_model: 64, d_state: 16, d_inner: 64, expand: 1
>>>>>> Start training: trial_1 >>>>>>
============================================================
DATASET SPLIT INFO (90/5/5):
============================================================
Total samples: 5193
Train: 4673 samples (90%) - rows 0 to 4672
Val: 259 samples (5%) - rows 4673 to 4931
Test: 261 samples (5%) - rows 4932 to 5192
Sequence length: 48, Prediction length: 7
============================================================
train 4619
val 253
test 255
Validation loss decreased (inf --> 0.037396).  Saving model ...
Updating learning rate to 9.555954018191951e-05
EarlyStopping counter: 1 out of 3
Updating learning rate to 4.7779770090959755e-05
EarlyStopping counter: 2 out of 3
Updating learning rate to 2.3889885045479878e-05
EarlyStopping counter: 3 out of 3
>>>>>> Testing on validation set: trial_1 >>>>>>
test 255
test shape: (255, 7, 5) (255, 7, 5)
test shape: (255, 7, 5) (255, 7, 5)


	mse:0.0645337775349617, mae:0.09865500032901764, dtw:Not calculated


                                                                                   [I 2025-10-16 22:54:17,128] Trial 1 finished with value: 0.09865500032901764 and parameters: {'seq_len': 48, 'pred_len': 7, 'expand': 1, 'd_model': 64, 'n_heads': 4, 'e_layers': 1, 'd_layers': 2, 'batch_size': 64, 'learning_rate': 9.555954018191951e-05, 'dropout': 0.10525412787011036}. Best is trial 1 with value: 0.09865500032901764.
Best trial: 0. Best value: 0.116257:   2%|▏         | 1/50 [00:11<06:38,  8.13s/it]Best trial: 1. Best value: 0.098655:   2%|▏         | 1/50 [00:11<06:38,  8.13s/it]Best trial: 1. Best value: 0.098655:   4%|▍         | 2/50 [00:11<04:07,  5.15s/it]
============================================================
Trial 2
============================================================
seq_len: 96, pred_len: 7
d_model: 32, n_heads: 4
e_layers: 1, d_layers: 2
batch_size: 64, lr: 0.000381
dropout: 0.12094893873336815
============================================================

Please make sure you have successfully installed mamba_ssm
Use GPU: cuda:0
DEBUG Mamba Init - d_model: 32, d_state: 16, d_inner: 32, expand: 1
>>>>>> Start training: trial_2 >>>>>>
============================================================
DATASET SPLIT INFO (90/5/5):
============================================================
Total samples: 5193
Train: 4673 samples (90%) - rows 0 to 4672
Val: 259 samples (5%) - rows 4673 to 4931
Test: 261 samples (5%) - rows 4932 to 5192
Sequence length: 96, Prediction length: 7
============================================================
train 4571
val 253
test 255
Validation loss decreased (inf --> 0.039339).  Saving model ...
Updating learning rate to 0.0003814874378221004
Validation loss decreased (0.039339 --> 0.038596).  Saving model ...
Updating learning rate to 0.0001907437189110502
Validation loss decreased (0.038596 --> 0.038388).  Saving model ...
Updating learning rate to 9.53718594555251e-05
EarlyStopping counter: 1 out of 3
Updating learning rate to 4.768592972776255e-05
EarlyStopping counter: 2 out of 3
Updating learning rate to 2.3842964863881276e-05
Validation loss decreased (0.038388 --> 0.038351).  Saving model ...
Updating learning rate to 1.1921482431940638e-05
EarlyStopping counter: 1 out of 3
Updating learning rate to 5.960741215970319e-06
EarlyStopping counter: 2 out of 3
Updating learning rate to 2.9803706079851595e-06
EarlyStopping counter: 3 out of 3
>>>>>> Testing on validation set: trial_2 >>>>>>
test 255
test shape: (255, 7, 5) (255, 7, 5)
test shape: (255, 7, 5) (255, 7, 5)


	mse:0.06828029453754425, mae:0.10362828522920609, dtw:Not calculated


