                                                                                      [I 2025-10-16 22:37:57,749] Trial 33 finished with value: 0.07091018557548523 and parameters: {'seq_len': 48, 'pred_len': 1, 'expand': 2, 'd_model': 32, 'n_heads': 8, 'e_layers': 2, 'd_layers': 2, 'batch_size': 16, 'learning_rate': 0.0009713675310765985, 'dropout': 0.17092911108026365}. Best is trial 33 with value: 0.07091018557548523.
Best trial: 10. Best value: 0.0712397:  66%|██████▌   | 33/50 [08:38<05:44, 20.26s/it]Best trial: 33. Best value: 0.0709102:  66%|██████▌   | 33/50 [08:38<05:44, 20.26s/it]Best trial: 33. Best value: 0.0709102:  68%|██████▊   | 34/50 [08:38<05:55, 22.20s/it]
============================================================
Trial 34
============================================================
seq_len: 48, pred_len: 14
d_model: 64, n_heads: 8
e_layers: 1, d_layers: 2
batch_size: 16, lr: 0.000436
dropout: 0.10701440683794963
============================================================

Please make sure you have successfully installed mamba_ssm
Use GPU: cuda:0
DEBUG Mamba Init - d_model: 64, d_state: 16, d_inner: 128, expand: 2
>>>>>> Start training: trial_34 >>>>>>
============================================================
DATASET SPLIT INFO (90/5/5):
============================================================
Total samples: 5193
Train: 4673 samples (90%) - rows 0 to 4672
Val: 259 samples (5%) - rows 4673 to 4931
Test: 261 samples (5%) - rows 4932 to 5192
Sequence length: 48, Prediction length: 14
============================================================
train 4612
val 246
test 248
Validation loss decreased (inf --> 0.038021).  Saving model ...
Updating learning rate to 0.0004362293207578907
EarlyStopping counter: 1 out of 3
Updating learning rate to 0.00021811466037894534
EarlyStopping counter: 2 out of 3
Updating learning rate to 0.00010905733018947267
EarlyStopping counter: 3 out of 3
>>>>>> Testing on validation set: trial_34 >>>>>>
test 248
test shape: (248, 14, 5) (248, 14, 5)
test shape: (248, 14, 5) (248, 14, 5)


	mse:0.06468802690505981, mae:0.09968997538089752, dtw:Not calculated


                                                                                      [I 2025-10-16 22:38:08,625] Trial 34 finished with value: 0.09968997538089752 and parameters: {'seq_len': 48, 'pred_len': 14, 'expand': 2, 'd_model': 64, 'n_heads': 8, 'e_layers': 1, 'd_layers': 2, 'batch_size': 16, 'learning_rate': 0.0004362293207578907, 'dropout': 0.10701440683794963}. Best is trial 33 with value: 0.07091018557548523.
Best trial: 33. Best value: 0.0709102:  68%|██████▊   | 34/50 [08:49<05:55, 22.20s/it]Best trial: 33. Best value: 0.0709102:  68%|██████▊   | 34/50 [08:49<05:55, 22.20s/it]Best trial: 33. Best value: 0.0709102:  70%|███████   | 35/50 [08:49<04:41, 18.80s/it]
============================================================
Trial 35
============================================================
seq_len: 48, pred_len: 1
d_model: 32, n_heads: 8
e_layers: 2, d_layers: 2
batch_size: 16, lr: 0.000263
dropout: 0.154338917841703
============================================================

Please make sure you have successfully installed mamba_ssm
Use GPU: cuda:0
DEBUG Mamba Init - d_model: 32, d_state: 16, d_inner: 32, expand: 1
>>>>>> Start training: trial_35 >>>>>>
============================================================
DATASET SPLIT INFO (90/5/5):
============================================================
Total samples: 5193
Train: 4673 samples (90%) - rows 0 to 4672
Val: 259 samples (5%) - rows 4673 to 4931
Test: 261 samples (5%) - rows 4932 to 5192
Sequence length: 48, Prediction length: 1
============================================================
train 4625
val 259
test 261
Validation loss decreased (inf --> 0.030685).  Saving model ...
Updating learning rate to 0.000262518834031971
Validation loss decreased (0.030685 --> 0.029650).  Saving model ...
Updating learning rate to 0.0001312594170159855
Validation loss decreased (0.029650 --> 0.028782).  Saving model ...
Updating learning rate to 6.562970850799274e-05
Validation loss decreased (0.028782 --> 0.026664).  Saving model ...
Updating learning rate to 3.281485425399637e-05
EarlyStopping counter: 1 out of 3
Updating learning rate to 1.6407427126998186e-05
EarlyStopping counter: 2 out of 3
Updating learning rate to 8.203713563499093e-06
EarlyStopping counter: 3 out of 3
>>>>>> Testing on validation set: trial_35 >>>>>>
test 261
test shape: (261, 1, 5) (261, 1, 5)
test shape: (261, 1, 5) (261, 1, 5)


	mse:0.05148397386074066, mae:0.07688646763563156, dtw:Not calculated


                                                                                      [I 2025-10-16 22:38:27,447] Trial 35 finished with value: 0.07688646763563156 and parameters: {'seq_len': 48, 'pred_len': 1, 'expand': 1, 'd_model': 32, 'n_heads': 8, 'e_layers': 2, 'd_layers': 2, 'batch_size': 16, 'learning_rate': 0.000262518834031971, 'dropout': 0.154338917841703}. Best is trial 33 with value: 0.07091018557548523.
Best trial: 33. Best value: 0.0709102:  70%|███████   | 35/50 [09:08<04:41, 18.80s/it]Best trial: 33. Best value: 0.0709102:  70%|███████   | 35/50 [09:08<04:41, 18.80s/it]Best trial: 33. Best value: 0.0709102:  72%|███████▏  | 36/50 [09:08<04:23, 18.81s/it]
============================================================
Trial 36
============================================================
seq_len: 96, pred_len: 1
d_model: 64, n_heads: 4
e_layers: 1, d_layers: 1
batch_size: 32, lr: 0.000614
dropout: 0.13152121990013732
============================================================

Please make sure you have successfully installed mamba_ssm
Use GPU: cuda:0
DEBUG Mamba Init - d_model: 64, d_state: 16, d_inner: 128, expand: 2
>>>>>> Start training: trial_36 >>>>>>
============================================================
DATASET SPLIT INFO (90/5/5):
============================================================
Total samples: 5193
Train: 4673 samples (90%) - rows 0 to 4672
Val: 259 samples (5%) - rows 4673 to 4931
Test: 261 samples (5%) - rows 4932 to 5192
Sequence length: 96, Prediction length: 1
============================================================
train 4577
val 259
test 261
Validation loss decreased (inf --> 0.025422).  Saving model ...
Updating learning rate to 0.0006140751721947279
EarlyStopping counter: 1 out of 3
Updating learning rate to 0.00030703758609736397
Validation loss decreased (0.025422 --> 0.023774).  Saving model ...
Updating learning rate to 0.00015351879304868198
EarlyStopping counter: 1 out of 3
Updating learning rate to 7.675939652434099e-05
EarlyStopping counter: 2 out of 3
Updating learning rate to 3.8379698262170496e-05
EarlyStopping counter: 3 out of 3
>>>>>> Testing on validation set: trial_36 >>>>>>
test 261
test shape: (261, 1, 5) (261, 1, 5)
test shape: (261, 1, 5) (261, 1, 5)


	mse:0.04979748651385307, mae:0.07420586794614792, dtw:Not calculated


                                                                                      [I 2025-10-16 22:38:36,140] Trial 36 finished with value: 0.07420586794614792 and parameters: {'seq_len': 96, 'pred_len': 1, 'expand': 2, 'd_model': 64, 'n_heads': 4, 'e_layers': 1, 'd_layers': 1, 'batch_size': 32, 'learning_rate': 0.0006140751721947279, 'dropout': 0.13152121990013732}. Best is trial 33 with value: 0.07091018557548523.
Best trial: 33. Best value: 0.0709102:  72%|███████▏  | 36/50 [09:17<04:23, 18.81s/it]Best trial: 33. Best value: 0.0709102:  72%|███████▏  | 36/50 [09:17<04:23, 18.81s/it]Best trial: 33. Best value: 0.0709102:  74%|███████▍  | 37/50 [09:17<03:25, 15.77s/it]
============================================================
Trial 37
============================================================
seq_len: 48, pred_len: 14
d_model: 32, n_heads: 8
e_layers: 2, d_layers: 2
batch_size: 16, lr: 0.000010
dropout: 0.20854144974805802
============================================================

Please make sure you have successfully installed mamba_ssm
Use GPU: cuda:0
DEBUG Mamba Init - d_model: 32, d_state: 16, d_inner: 64, expand: 2
>>>>>> Start training: trial_37 >>>>>>
============================================================
DATASET SPLIT INFO (90/5/5):
============================================================
Total samples: 5193
Train: 4673 samples (90%) - rows 0 to 4672
Val: 259 samples (5%) - rows 4673 to 4931
Test: 261 samples (5%) - rows 4932 to 5192
Sequence length: 48, Prediction length: 14
============================================================
train 4612
val 246
test 248
Validation loss decreased (inf --> 0.037447).  Saving model ...
Updating learning rate to 1.0002080162634728e-05
Validation loss decreased (0.037447 --> 0.037092).  Saving model ...
Updating learning rate to 5.001040081317364e-06
EarlyStopping counter: 1 out of 3
Updating learning rate to 2.500520040658682e-06
EarlyStopping counter: 2 out of 3
Updating learning rate to 1.250260020329341e-06
EarlyStopping counter: 3 out of 3
>>>>>> Testing on validation set: trial_37 >>>>>>
test 248
test shape: (248, 14, 5) (248, 14, 5)
test shape: (248, 14, 5) (248, 14, 5)


	mse:0.06472785025835037, mae:0.09920208156108856, dtw:Not calculated


                                                                                      [I 2025-10-16 22:38:49,827] Trial 37 finished with value: 0.09920208156108856 and parameters: {'seq_len': 48, 'pred_len': 14, 'expand': 2, 'd_model': 32, 'n_heads': 8, 'e_layers': 2, 'd_layers': 2, 'batch_size': 16, 'learning_rate': 1.0002080162634728e-05, 'dropout': 0.20854144974805802}. Best is trial 33 with value: 0.07091018557548523.
Best trial: 33. Best value: 0.0709102:  74%|███████▍  | 37/50 [09:30<03:25, 15.77s/it]Best trial: 33. Best value: 0.0709102:  74%|███████▍  | 37/50 [09:30<03:25, 15.77s/it]Best trial: 33. Best value: 0.0709102:  76%|███████▌  | 38/50 [09:30<03:01, 15.15s/it]
============================================================
Trial 38
============================================================
seq_len: 48, pred_len: 7
d_model: 64, n_heads: 4
e_layers: 1, d_layers: 2
batch_size: 32, lr: 0.000770
dropout: 0.2412264604032605
============================================================

Please make sure you have successfully installed mamba_ssm
Use GPU: cuda:0
DEBUG Mamba Init - d_model: 64, d_state: 16, d_inner: 64, expand: 1
>>>>>> Start training: trial_38 >>>>>>
============================================================
DATASET SPLIT INFO (90/5/5):
============================================================
Total samples: 5193
Train: 4673 samples (90%) - rows 0 to 4672
Val: 259 samples (5%) - rows 4673 to 4931
Test: 261 samples (5%) - rows 4932 to 5192
Sequence length: 48, Prediction length: 7
============================================================
train 4619
val 253
test 255
Validation loss decreased (inf --> 0.037393).  Saving model ...
Updating learning rate to 0.0007701039032598614
Validation loss decreased (0.037393 --> 0.037078).  Saving model ...
Updating learning rate to 0.0003850519516299307
EarlyStopping counter: 1 out of 3
Updating learning rate to 0.00019252597581496535
EarlyStopping counter: 2 out of 3
Updating learning rate to 9.626298790748267e-05
EarlyStopping counter: 3 out of 3
>>>>>> Testing on validation set: trial_38 >>>>>>
test 255
test shape: (255, 7, 5) (255, 7, 5)
test shape: (255, 7, 5) (255, 7, 5)


	mse:0.06439041346311569, mae:0.09688378125429153, dtw:Not calculated


                                                                                      [I 2025-10-16 22:38:57,175] Trial 38 finished with value: 0.09688378125429153 and parameters: {'seq_len': 48, 'pred_len': 7, 'expand': 1, 'd_model': 64, 'n_heads': 4, 'e_layers': 1, 'd_layers': 2, 'batch_size': 32, 'learning_rate': 0.0007701039032598614, 'dropout': 0.2412264604032605}. Best is trial 33 with value: 0.07091018557548523.
Best trial: 33. Best value: 0.0709102:  76%|███████▌  | 38/50 [09:38<03:01, 15.15s/it]Best trial: 33. Best value: 0.0709102:  76%|███████▌  | 38/50 [09:38<03:01, 15.15s/it]Best trial: 33. Best value: 0.0709102:  78%|███████▊  | 39/50 [09:38<02:20, 12.81s/it]
============================================================
Trial 39
============================================================
seq_len: 96, pred_len: 1
d_model: 32, n_heads: 8
e_layers: 2, d_layers: 1
batch_size: 64, lr: 0.000029
dropout: 0.17544774434303867
============================================================

Please make sure you have successfully installed mamba_ssm
Use GPU: cuda:0
DEBUG Mamba Init - d_model: 32, d_state: 16, d_inner: 64, expand: 2
>>>>>> Start training: trial_39 >>>>>>
============================================================
DATASET SPLIT INFO (90/5/5):
============================================================
Total samples: 5193
Train: 4673 samples (90%) - rows 0 to 4672
Val: 259 samples (5%) - rows 4673 to 4931
Test: 261 samples (5%) - rows 4932 to 5192
Sequence length: 96, Prediction length: 1
============================================================
train 4577
val 259
test 261
Validation loss decreased (inf --> 0.031485).  Saving model ...
Updating learning rate to 2.9353641612478423e-05
EarlyStopping counter: 1 out of 3
Updating learning rate to 1.4676820806239212e-05
Validation loss decreased (0.031485 --> 0.029306).  Saving model ...
Updating learning rate to 7.338410403119606e-06
EarlyStopping counter: 1 out of 3
Updating learning rate to 3.669205201559803e-06
EarlyStopping counter: 2 out of 3
Updating learning rate to 1.8346026007799014e-06
EarlyStopping counter: 3 out of 3
>>>>>> Testing on validation set: trial_39 >>>>>>
test 261
test shape: (261, 1, 5) (261, 1, 5)
test shape: (261, 1, 5) (261, 1, 5)


	mse:0.06516274809837341, mae:0.11279294639825821, dtw:Not calculated


                                                                                      [I 2025-10-16 22:39:01,808] Trial 39 finished with value: 0.11279294639825821 and parameters: {'seq_len': 96, 'pred_len': 1, 'expand': 2, 'd_model': 32, 'n_heads': 8, 'e_layers': 2, 'd_layers': 1, 'batch_size': 64, 'learning_rate': 2.9353641612478423e-05, 'dropout': 0.17544774434303867}. Best is trial 33 with value: 0.07091018557548523.
Best trial: 33. Best value: 0.0709102:  78%|███████▊  | 39/50 [09:42<02:20, 12.81s/it]Best trial: 33. Best value: 0.0709102:  78%|███████▊  | 39/50 [09:42<02:20, 12.81s/it]Best trial: 33. Best value: 0.0709102:  80%|████████  | 40/50 [09:42<01:43, 10.35s/it]
============================================================
Trial 40
============================================================
seq_len: 48, pred_len: 30
d_model: 64, n_heads: 8
e_layers: 2, d_layers: 2
batch_size: 16, lr: 0.000090
dropout: 0.2678318108720662
============================================================

Please make sure you have successfully installed mamba_ssm
Use GPU: cuda:0
DEBUG Mamba Init - d_model: 64, d_state: 16, d_inner: 64, expand: 1
>>>>>> Start training: trial_40 >>>>>>
============================================================
DATASET SPLIT INFO (90/5/5):
============================================================
Total samples: 5193
Train: 4673 samples (90%) - rows 0 to 4672
Val: 259 samples (5%) - rows 4673 to 4931
Test: 261 samples (5%) - rows 4932 to 5192
Sequence length: 48, Prediction length: 30
============================================================
train 4596
val 230
test 232
Validation loss decreased (inf --> 0.037476).  Saving model ...
Updating learning rate to 8.960537462709675e-05
EarlyStopping counter: 1 out of 3
Updating learning rate to 4.4802687313548376e-05
EarlyStopping counter: 2 out of 3
Updating learning rate to 2.2401343656774188e-05
EarlyStopping counter: 3 out of 3
>>>>>> Testing on validation set: trial_40 >>>>>>
test 232
test shape: (232, 30, 5) (232, 30, 5)
test shape: (232, 30, 5) (232, 30, 5)


	mse:0.06580235064029694, mae:0.10425844043493271, dtw:Not calculated


                                                                                      [I 2025-10-16 22:39:12,740] Trial 40 finished with value: 0.10425844043493271 and parameters: {'seq_len': 48, 'pred_len': 30, 'expand': 1, 'd_model': 64, 'n_heads': 8, 'e_layers': 2, 'd_layers': 2, 'batch_size': 16, 'learning_rate': 8.960537462709675e-05, 'dropout': 0.2678318108720662}. Best is trial 33 with value: 0.07091018557548523.
Best trial: 33. Best value: 0.0709102:  80%|████████  | 40/50 [09:53<01:43, 10.35s/it]Best trial: 33. Best value: 0.0709102:  80%|████████  | 40/50 [09:53<01:43, 10.35s/it]Best trial: 33. Best value: 0.0709102:  82%|████████▏ | 41/50 [09:53<01:34, 10.53s/it]
============================================================
Trial 41
============================================================
seq_len: 48, pred_len: 1
d_model: 32, n_heads: 8
e_layers: 2, d_layers: 2
batch_size: 16, lr: 0.000945
dropout: 0.17280357778758101
============================================================

Please make sure you have successfully installed mamba_ssm
Use GPU: cuda:0
DEBUG Mamba Init - d_model: 32, d_state: 16, d_inner: 64, expand: 2
>>>>>> Start training: trial_41 >>>>>>
============================================================
DATASET SPLIT INFO (90/5/5):
============================================================
Total samples: 5193
Train: 4673 samples (90%) - rows 0 to 4672
Val: 259 samples (5%) - rows 4673 to 4931
Test: 261 samples (5%) - rows 4932 to 5192
Sequence length: 48, Prediction length: 1
============================================================
train 4625
val 259
test 261
Validation loss decreased (inf --> 0.029787).  Saving model ...
Updating learning rate to 0.0009450024389213838
Validation loss decreased (0.029787 --> 0.029661).  Saving model ...
Updating learning rate to 0.0004725012194606919
Validation loss decreased (0.029661 --> 0.027275).  Saving model ...
Updating learning rate to 0.00023625060973034596
Validation loss decreased (0.027275 --> 0.025900).  Saving model ...
Updating learning rate to 0.00011812530486517298
Validation loss decreased (0.025900 --> 0.025667).  Saving model ...
Updating learning rate to 5.906265243258649e-05
EarlyStopping counter: 1 out of 3
Updating learning rate to 2.9531326216293245e-05
EarlyStopping counter: 2 out of 3
Updating learning rate to 1.4765663108146623e-05
EarlyStopping counter: 3 out of 3
>>>>>> Testing on validation set: trial_41 >>>>>>
test 261
test shape: (261, 1, 5) (261, 1, 5)
test shape: (261, 1, 5) (261, 1, 5)


	mse:0.05025076866149902, mae:0.07395852357149124, dtw:Not calculated


                                                                                      [I 2025-10-16 22:39:34,186] Trial 41 finished with value: 0.07395852357149124 and parameters: {'seq_len': 48, 'pred_len': 1, 'expand': 2, 'd_model': 32, 'n_heads': 8, 'e_layers': 2, 'd_layers': 2, 'batch_size': 16, 'learning_rate': 0.0009450024389213838, 'dropout': 0.17280357778758101}. Best is trial 33 with value: 0.07091018557548523.
Best trial: 33. Best value: 0.0709102:  82%|████████▏ | 41/50 [10:15<01:34, 10.53s/it]Best trial: 33. Best value: 0.0709102:  82%|████████▏ | 41/50 [10:15<01:34, 10.53s/it]Best trial: 33. Best value: 0.0709102:  84%|████████▍ | 42/50 [10:15<01:50, 13.80s/it]
============================================================
Trial 42
============================================================
seq_len: 48, pred_len: 1
d_model: 32, n_heads: 8
e_layers: 2, d_layers: 2
batch_size: 16, lr: 0.000973
dropout: 0.18226472871267602
============================================================

Please make sure you have successfully installed mamba_ssm
Use GPU: cuda:0
DEBUG Mamba Init - d_model: 32, d_state: 16, d_inner: 64, expand: 2
>>>>>> Start training: trial_42 >>>>>>
============================================================
DATASET SPLIT INFO (90/5/5):
============================================================
Total samples: 5193
Train: 4673 samples (90%) - rows 0 to 4672
Val: 259 samples (5%) - rows 4673 to 4931
Test: 261 samples (5%) - rows 4932 to 5192
Sequence length: 48, Prediction length: 1
============================================================
train 4625
val 259
test 261
Validation loss decreased (inf --> 0.028778).  Saving model ...
Updating learning rate to 0.0009731773663065089
Validation loss decreased (0.028778 --> 0.025810).  Saving model ...
Updating learning rate to 0.00048658868315325444
Validation loss decreased (0.025810 --> 0.025499).  Saving model ...
Updating learning rate to 0.00024329434157662722
Validation loss decreased (0.025499 --> 0.025016).  Saving model ...
Updating learning rate to 0.00012164717078831361
Validation loss decreased (0.025016 --> 0.024987).  Saving model ...
Updating learning rate to 6.0823585394156804e-05
EarlyStopping counter: 1 out of 3
Updating learning rate to 3.0411792697078402e-05
EarlyStopping counter: 2 out of 3
Updating learning rate to 1.5205896348539201e-05
EarlyStopping counter: 3 out of 3
>>>>>> Testing on validation set: trial_42 >>>>>>
test 261
test shape: (261, 1, 5) (261, 1, 5)
test shape: (261, 1, 5) (261, 1, 5)


	mse:0.04959835484623909, mae:0.07364107668399811, dtw:Not calculated


